10:56:10.885 [main] DEBUG c.browserstack.BrowserStackJavaAgent - Extracted CLI argument from system : null
10:56:12.007 [main] INFO  c.browserstack.BrowserStackJavaAgent - Selenium version detected - 4.13.0
10:56:12.009 [main] INFO  c.browserstack.BrowserStackJavaAgent - Appium version detected - 8.6.0
10:56:12.655 [main] DEBUG c.b.config.BrowserStackConfig - Cli Config passed - {}
10:56:12.656 [main] ERROR c.b.config.BrowserStackConfig - [Invalid Path] Config file does not exist at any parent directory of C:\Users\ftheofil\Projects\eu-digital-identity-walleteudi-doc-testing-application-internal. Please include a browserstack.yml/browserstack.yaml file containing configuration for tests.
10:56:12.658 [main] ERROR c.browserstack.BrowserStackJavaAgent - Something went wrong - java.lang.RuntimeException: [Invalid Path] Config file does not exist at any parent directory of C:\Users\ftheofil\Projects\eu-digital-identity-walleteudi-doc-testing-application-internal. Please include a browserstack.yml/browserstack.yaml file containing configuration for tests.
	at com.browserstack.config.BrowserStackConfig.a(Unknown Source)
	at com.browserstack.config.BrowserStackConfig.getInstance(Unknown Source)
	at com.browserstack.BrowserStackJavaAgent.a(Unknown Source)
	at com.browserstack.BrowserStackJavaAgent.b(Unknown Source)
	at com.browserstack.BrowserStackJavaAgent.a(Unknown Source)
	at com.browserstack.BrowserStackJavaAgent.startBrowserStackAgent(Unknown Source)
	at com.browserstack.BrowserStackJavaAgent.premain(Unknown Source)
	at java.base/jdk.internal.reflect.NativeMethodAccessorImpl.invoke0(Native Method)
	at java.base/jdk.internal.reflect.NativeMethodAccessorImpl.invoke(NativeMethodAccessorImpl.java:77)
	at java.base/jdk.internal.reflect.DelegatingMethodAccessorImpl.invoke(DelegatingMethodAccessorImpl.java:43)
	at java.base/java.lang.reflect.Method.invoke(Method.java:568)
	at java.instrument/sun.instrument.InstrumentationImpl.loadClassAndStartAgent(InstrumentationImpl.java:491)
	at java.instrument/sun.instrument.InstrumentationImpl.loadClassAndCallPremain(InstrumentationImpl.java:503)

11:17:33.498 [main] DEBUG c.browserstack.BrowserStackJavaAgent - Extracted CLI argument from system : null
11:17:33.936 [main] INFO  c.browserstack.BrowserStackJavaAgent - Selenium version detected - 4.13.0
11:17:33.937 [main] INFO  c.browserstack.BrowserStackJavaAgent - Appium version detected - 8.6.0
11:17:34.137 [main] DEBUG c.b.config.BrowserStackConfig - Cli Config passed - {}
11:17:34.137 [main] ERROR c.b.config.BrowserStackConfig - [Invalid Path] Config file does not exist at any parent directory of C:\Users\ftheofil\Projects\eu-digital-identity-walleteudi-doc-testing-application-internal. Please include a browserstack.yml/browserstack.yaml file containing configuration for tests.
11:17:34.138 [main] ERROR c.browserstack.BrowserStackJavaAgent - Something went wrong - java.lang.RuntimeException: [Invalid Path] Config file does not exist at any parent directory of C:\Users\ftheofil\Projects\eu-digital-identity-walleteudi-doc-testing-application-internal. Please include a browserstack.yml/browserstack.yaml file containing configuration for tests.
	at com.browserstack.config.BrowserStackConfig.a(Unknown Source)
	at com.browserstack.config.BrowserStackConfig.getInstance(Unknown Source)
	at com.browserstack.BrowserStackJavaAgent.a(Unknown Source)
	at com.browserstack.BrowserStackJavaAgent.b(Unknown Source)
	at com.browserstack.BrowserStackJavaAgent.a(Unknown Source)
	at com.browserstack.BrowserStackJavaAgent.startBrowserStackAgent(Unknown Source)
	at com.browserstack.BrowserStackJavaAgent.premain(Unknown Source)
	at java.base/jdk.internal.reflect.NativeMethodAccessorImpl.invoke0(Native Method)
	at java.base/jdk.internal.reflect.NativeMethodAccessorImpl.invoke(NativeMethodAccessorImpl.java:77)
	at java.base/jdk.internal.reflect.DelegatingMethodAccessorImpl.invoke(DelegatingMethodAccessorImpl.java:43)
	at java.base/java.lang.reflect.Method.invoke(Method.java:568)
	at java.instrument/sun.instrument.InstrumentationImpl.loadClassAndStartAgent(InstrumentationImpl.java:491)
	at java.instrument/sun.instrument.InstrumentationImpl.loadClassAndCallPremain(InstrumentationImpl.java:503)

11:30:13.582 [main] DEBUG c.browserstack.BrowserStackJavaAgent - Extracted CLI argument from system : null
11:30:14.739 [main] INFO  c.browserstack.BrowserStackJavaAgent - Selenium version detected - 4.13.0
11:30:14.741 [main] INFO  c.browserstack.BrowserStackJavaAgent - Appium version detected - 8.6.0
11:30:15.321 [main] DEBUG c.b.config.BrowserStackConfig - Cli Config passed - {}
11:30:15.323 [main] ERROR c.b.config.BrowserStackConfig - [Invalid Path] Config file does not exist at any parent directory of C:\Users\ftheofil\Projects\eu-digital-identity-walleteudi-doc-testing-application-internal. Please include a browserstack.yml/browserstack.yaml file containing configuration for tests.
11:30:15.325 [main] ERROR c.browserstack.BrowserStackJavaAgent - Something went wrong - java.lang.RuntimeException: [Invalid Path] Config file does not exist at any parent directory of C:\Users\ftheofil\Projects\eu-digital-identity-walleteudi-doc-testing-application-internal. Please include a browserstack.yml/browserstack.yaml file containing configuration for tests.
	at com.browserstack.config.BrowserStackConfig.a(Unknown Source)
	at com.browserstack.config.BrowserStackConfig.getInstance(Unknown Source)
	at com.browserstack.BrowserStackJavaAgent.a(Unknown Source)
	at com.browserstack.BrowserStackJavaAgent.b(Unknown Source)
	at com.browserstack.BrowserStackJavaAgent.a(Unknown Source)
	at com.browserstack.BrowserStackJavaAgent.startBrowserStackAgent(Unknown Source)
	at com.browserstack.BrowserStackJavaAgent.premain(Unknown Source)
	at java.base/jdk.internal.reflect.NativeMethodAccessorImpl.invoke0(Native Method)
	at java.base/jdk.internal.reflect.NativeMethodAccessorImpl.invoke(NativeMethodAccessorImpl.java:77)
	at java.base/jdk.internal.reflect.DelegatingMethodAccessorImpl.invoke(DelegatingMethodAccessorImpl.java:43)
	at java.base/java.lang.reflect.Method.invoke(Method.java:568)
	at java.instrument/sun.instrument.InstrumentationImpl.loadClassAndStartAgent(InstrumentationImpl.java:491)
	at java.instrument/sun.instrument.InstrumentationImpl.loadClassAndCallPremain(InstrumentationImpl.java:503)

11:38:39.771 [main] DEBUG c.browserstack.BrowserStackJavaAgent - Extracted CLI argument from system : null
11:38:42.714 [main] INFO  c.browserstack.BrowserStackJavaAgent - Selenium version detected - 4.13.0
11:38:42.716 [main] INFO  c.browserstack.BrowserStackJavaAgent - Appium version detected - 8.6.0
11:38:44.042 [main] DEBUG c.b.config.BrowserStackConfig - Cli Config passed - {}
11:38:44.043 [main] ERROR c.b.config.BrowserStackConfig - [Invalid Path] Config file does not exist at any parent directory of C:\Users\ftheofil\Projects\eu-digital-identity-walleteudi-doc-testing-application-internal. Please include a browserstack.yml/browserstack.yaml file containing configuration for tests.
11:38:44.045 [main] ERROR c.browserstack.BrowserStackJavaAgent - Something went wrong - java.lang.RuntimeException: [Invalid Path] Config file does not exist at any parent directory of C:\Users\ftheofil\Projects\eu-digital-identity-walleteudi-doc-testing-application-internal. Please include a browserstack.yml/browserstack.yaml file containing configuration for tests.
	at com.browserstack.config.BrowserStackConfig.a(Unknown Source)
	at com.browserstack.config.BrowserStackConfig.getInstance(Unknown Source)
	at com.browserstack.BrowserStackJavaAgent.a(Unknown Source)
	at com.browserstack.BrowserStackJavaAgent.b(Unknown Source)
	at com.browserstack.BrowserStackJavaAgent.a(Unknown Source)
	at com.browserstack.BrowserStackJavaAgent.startBrowserStackAgent(Unknown Source)
	at com.browserstack.BrowserStackJavaAgent.premain(Unknown Source)
	at java.base/jdk.internal.reflect.NativeMethodAccessorImpl.invoke0(Native Method)
	at java.base/jdk.internal.reflect.NativeMethodAccessorImpl.invoke(NativeMethodAccessorImpl.java:77)
	at java.base/jdk.internal.reflect.DelegatingMethodAccessorImpl.invoke(DelegatingMethodAccessorImpl.java:43)
	at java.base/java.lang.reflect.Method.invoke(Method.java:568)
	at java.instrument/sun.instrument.InstrumentationImpl.loadClassAndStartAgent(InstrumentationImpl.java:491)
	at java.instrument/sun.instrument.InstrumentationImpl.loadClassAndCallPremain(InstrumentationImpl.java:503)

12:03:43.452 [main] DEBUG c.browserstack.BrowserStackJavaAgent - Extracted CLI argument from system : null
12:03:43.893 [main] INFO  c.browserstack.BrowserStackJavaAgent - Selenium version detected - 4.13.0
12:03:43.894 [main] INFO  c.browserstack.BrowserStackJavaAgent - Appium version detected - 8.6.0
12:03:44.107 [main] DEBUG c.b.config.BrowserStackConfig - Cli Config passed - {}
12:03:44.107 [main] ERROR c.b.config.BrowserStackConfig - [Invalid Path] Config file does not exist at any parent directory of C:\Users\ftheofil\Projects\eu-digital-identity-walleteudi-doc-testing-application-internal. Please include a browserstack.yml/browserstack.yaml file containing configuration for tests.
12:03:44.109 [main] ERROR c.browserstack.BrowserStackJavaAgent - Something went wrong - java.lang.RuntimeException: [Invalid Path] Config file does not exist at any parent directory of C:\Users\ftheofil\Projects\eu-digital-identity-walleteudi-doc-testing-application-internal. Please include a browserstack.yml/browserstack.yaml file containing configuration for tests.
	at com.browserstack.config.BrowserStackConfig.a(Unknown Source)
	at com.browserstack.config.BrowserStackConfig.getInstance(Unknown Source)
	at com.browserstack.BrowserStackJavaAgent.a(Unknown Source)
	at com.browserstack.BrowserStackJavaAgent.b(Unknown Source)
	at com.browserstack.BrowserStackJavaAgent.a(Unknown Source)
	at com.browserstack.BrowserStackJavaAgent.startBrowserStackAgent(Unknown Source)
	at com.browserstack.BrowserStackJavaAgent.premain(Unknown Source)
	at java.base/jdk.internal.reflect.NativeMethodAccessorImpl.invoke0(Native Method)
	at java.base/jdk.internal.reflect.NativeMethodAccessorImpl.invoke(NativeMethodAccessorImpl.java:77)
	at java.base/jdk.internal.reflect.DelegatingMethodAccessorImpl.invoke(DelegatingMethodAccessorImpl.java:43)
	at java.base/java.lang.reflect.Method.invoke(Method.java:568)
	at java.instrument/sun.instrument.InstrumentationImpl.loadClassAndStartAgent(InstrumentationImpl.java:491)
	at java.instrument/sun.instrument.InstrumentationImpl.loadClassAndCallPremain(InstrumentationImpl.java:503)

12:09:02.523 [main] DEBUG c.browserstack.BrowserStackJavaAgent - Extracted CLI argument from system : null
12:09:03.716 [main] INFO  c.browserstack.BrowserStackJavaAgent - Selenium version detected - 4.13.0
12:09:03.718 [main] INFO  c.browserstack.BrowserStackJavaAgent - Appium version detected - 8.6.0
12:09:04.259 [main] DEBUG c.b.config.BrowserStackConfig - Cli Config passed - {}
12:09:04.260 [main] ERROR c.b.config.BrowserStackConfig - [Invalid Path] Config file does not exist at any parent directory of C:\Users\ftheofil\Projects\eu-digital-identity-walleteudi-doc-testing-application-internal. Please include a browserstack.yml/browserstack.yaml file containing configuration for tests.
12:09:04.262 [main] ERROR c.browserstack.BrowserStackJavaAgent - Something went wrong - java.lang.RuntimeException: [Invalid Path] Config file does not exist at any parent directory of C:\Users\ftheofil\Projects\eu-digital-identity-walleteudi-doc-testing-application-internal. Please include a browserstack.yml/browserstack.yaml file containing configuration for tests.
	at com.browserstack.config.BrowserStackConfig.a(Unknown Source)
	at com.browserstack.config.BrowserStackConfig.getInstance(Unknown Source)
	at com.browserstack.BrowserStackJavaAgent.a(Unknown Source)
	at com.browserstack.BrowserStackJavaAgent.b(Unknown Source)
	at com.browserstack.BrowserStackJavaAgent.a(Unknown Source)
	at com.browserstack.BrowserStackJavaAgent.startBrowserStackAgent(Unknown Source)
	at com.browserstack.BrowserStackJavaAgent.premain(Unknown Source)
	at java.base/jdk.internal.reflect.NativeMethodAccessorImpl.invoke0(Native Method)
	at java.base/jdk.internal.reflect.NativeMethodAccessorImpl.invoke(NativeMethodAccessorImpl.java:77)
	at java.base/jdk.internal.reflect.DelegatingMethodAccessorImpl.invoke(DelegatingMethodAccessorImpl.java:43)
	at java.base/java.lang.reflect.Method.invoke(Method.java:568)
	at java.instrument/sun.instrument.InstrumentationImpl.loadClassAndStartAgent(InstrumentationImpl.java:491)
	at java.instrument/sun.instrument.InstrumentationImpl.loadClassAndCallPremain(InstrumentationImpl.java:503)

12:15:24.024 [main] DEBUG c.browserstack.BrowserStackJavaAgent - Extracted CLI argument from system : null
12:15:24.468 [main] INFO  c.browserstack.BrowserStackJavaAgent - Selenium version detected - 4.13.0
12:15:24.469 [main] INFO  c.browserstack.BrowserStackJavaAgent - Appium version detected - 8.6.0
12:15:24.679 [main] DEBUG c.b.config.BrowserStackConfig - Cli Config passed - {}
12:15:24.680 [main] ERROR c.b.config.BrowserStackConfig - [Invalid Path] Config file does not exist at any parent directory of C:\Users\ftheofil\Projects\eu-digital-identity-walleteudi-doc-testing-application-internal. Please include a browserstack.yml/browserstack.yaml file containing configuration for tests.
12:15:24.681 [main] ERROR c.browserstack.BrowserStackJavaAgent - Something went wrong - java.lang.RuntimeException: [Invalid Path] Config file does not exist at any parent directory of C:\Users\ftheofil\Projects\eu-digital-identity-walleteudi-doc-testing-application-internal. Please include a browserstack.yml/browserstack.yaml file containing configuration for tests.
	at com.browserstack.config.BrowserStackConfig.a(Unknown Source)
	at com.browserstack.config.BrowserStackConfig.getInstance(Unknown Source)
	at com.browserstack.BrowserStackJavaAgent.a(Unknown Source)
	at com.browserstack.BrowserStackJavaAgent.b(Unknown Source)
	at com.browserstack.BrowserStackJavaAgent.a(Unknown Source)
	at com.browserstack.BrowserStackJavaAgent.startBrowserStackAgent(Unknown Source)
	at com.browserstack.BrowserStackJavaAgent.premain(Unknown Source)
	at java.base/jdk.internal.reflect.NativeMethodAccessorImpl.invoke0(Native Method)
	at java.base/jdk.internal.reflect.NativeMethodAccessorImpl.invoke(NativeMethodAccessorImpl.java:77)
	at java.base/jdk.internal.reflect.DelegatingMethodAccessorImpl.invoke(DelegatingMethodAccessorImpl.java:43)
	at java.base/java.lang.reflect.Method.invoke(Method.java:568)
	at java.instrument/sun.instrument.InstrumentationImpl.loadClassAndStartAgent(InstrumentationImpl.java:491)
	at java.instrument/sun.instrument.InstrumentationImpl.loadClassAndCallPremain(InstrumentationImpl.java:503)

12:18:27.057 [main] DEBUG c.browserstack.BrowserStackJavaAgent - Extracted CLI argument from system : null
12:18:27.736 [main] INFO  c.browserstack.BrowserStackJavaAgent - Selenium version detected - 4.13.0
12:18:27.737 [main] INFO  c.browserstack.BrowserStackJavaAgent - Appium version detected - 8.6.0
12:18:28.062 [main] DEBUG c.b.config.BrowserStackConfig - Cli Config passed - {}
12:18:28.063 [main] ERROR c.b.config.BrowserStackConfig - [Invalid Path] Config file does not exist at any parent directory of C:\Users\ftheofil\Projects\eu-digital-identity-walleteudi-doc-testing-application-internal. Please include a browserstack.yml/browserstack.yaml file containing configuration for tests.
12:18:28.064 [main] ERROR c.browserstack.BrowserStackJavaAgent - Something went wrong - java.lang.RuntimeException: [Invalid Path] Config file does not exist at any parent directory of C:\Users\ftheofil\Projects\eu-digital-identity-walleteudi-doc-testing-application-internal. Please include a browserstack.yml/browserstack.yaml file containing configuration for tests.
	at com.browserstack.config.BrowserStackConfig.a(Unknown Source)
	at com.browserstack.config.BrowserStackConfig.getInstance(Unknown Source)
	at com.browserstack.BrowserStackJavaAgent.a(Unknown Source)
	at com.browserstack.BrowserStackJavaAgent.b(Unknown Source)
	at com.browserstack.BrowserStackJavaAgent.a(Unknown Source)
	at com.browserstack.BrowserStackJavaAgent.startBrowserStackAgent(Unknown Source)
	at com.browserstack.BrowserStackJavaAgent.premain(Unknown Source)
	at java.base/jdk.internal.reflect.NativeMethodAccessorImpl.invoke0(Native Method)
	at java.base/jdk.internal.reflect.NativeMethodAccessorImpl.invoke(NativeMethodAccessorImpl.java:77)
	at java.base/jdk.internal.reflect.DelegatingMethodAccessorImpl.invoke(DelegatingMethodAccessorImpl.java:43)
	at java.base/java.lang.reflect.Method.invoke(Method.java:568)
	at java.instrument/sun.instrument.InstrumentationImpl.loadClassAndStartAgent(InstrumentationImpl.java:491)
	at java.instrument/sun.instrument.InstrumentationImpl.loadClassAndCallPremain(InstrumentationImpl.java:503)

12:19:28.963 [main] DEBUG c.browserstack.BrowserStackJavaAgent - Extracted CLI argument from system : null
12:19:33.167 [main] INFO  c.browserstack.BrowserStackJavaAgent - Selenium version detected - 4.13.0
12:19:33.169 [main] INFO  c.browserstack.BrowserStackJavaAgent - Appium version detected - 8.6.0
12:19:34.961 [main] DEBUG c.b.config.BrowserStackConfig - Cli Config passed - {}
12:19:34.962 [main] ERROR c.b.config.BrowserStackConfig - [Invalid Path] Config file does not exist at any parent directory of C:\Users\ftheofil\Projects\eu-digital-identity-walleteudi-doc-testing-application-internal. Please include a browserstack.yml/browserstack.yaml file containing configuration for tests.
12:19:34.965 [main] ERROR c.browserstack.BrowserStackJavaAgent - Something went wrong - java.lang.RuntimeException: [Invalid Path] Config file does not exist at any parent directory of C:\Users\ftheofil\Projects\eu-digital-identity-walleteudi-doc-testing-application-internal. Please include a browserstack.yml/browserstack.yaml file containing configuration for tests.
	at com.browserstack.config.BrowserStackConfig.a(Unknown Source)
	at com.browserstack.config.BrowserStackConfig.getInstance(Unknown Source)
	at com.browserstack.BrowserStackJavaAgent.a(Unknown Source)
	at com.browserstack.BrowserStackJavaAgent.b(Unknown Source)
	at com.browserstack.BrowserStackJavaAgent.a(Unknown Source)
	at com.browserstack.BrowserStackJavaAgent.startBrowserStackAgent(Unknown Source)
	at com.browserstack.BrowserStackJavaAgent.premain(Unknown Source)
	at java.base/jdk.internal.reflect.NativeMethodAccessorImpl.invoke0(Native Method)
	at java.base/jdk.internal.reflect.NativeMethodAccessorImpl.invoke(NativeMethodAccessorImpl.java:77)
	at java.base/jdk.internal.reflect.DelegatingMethodAccessorImpl.invoke(DelegatingMethodAccessorImpl.java:43)
	at java.base/java.lang.reflect.Method.invoke(Method.java:568)
	at java.instrument/sun.instrument.InstrumentationImpl.loadClassAndStartAgent(InstrumentationImpl.java:491)
	at java.instrument/sun.instrument.InstrumentationImpl.loadClassAndCallPremain(InstrumentationImpl.java:503)

12:24:41.879 [main] DEBUG c.browserstack.BrowserStackJavaAgent - Extracted CLI argument from system : null
12:24:42.566 [main] INFO  c.browserstack.BrowserStackJavaAgent - Selenium version detected - 4.13.0
12:24:42.568 [main] INFO  c.browserstack.BrowserStackJavaAgent - Appium version detected - 8.6.0
12:24:42.836 [main] DEBUG c.b.config.BrowserStackConfig - Cli Config passed - {}
12:24:42.837 [main] ERROR c.b.config.BrowserStackConfig - [Invalid Path] Config file does not exist at any parent directory of C:\Users\ftheofil\Projects\eu-digital-identity-walleteudi-doc-testing-application-internal. Please include a browserstack.yml/browserstack.yaml file containing configuration for tests.
12:24:42.838 [main] ERROR c.browserstack.BrowserStackJavaAgent - Something went wrong - java.lang.RuntimeException: [Invalid Path] Config file does not exist at any parent directory of C:\Users\ftheofil\Projects\eu-digital-identity-walleteudi-doc-testing-application-internal. Please include a browserstack.yml/browserstack.yaml file containing configuration for tests.
	at com.browserstack.config.BrowserStackConfig.a(Unknown Source)
	at com.browserstack.config.BrowserStackConfig.getInstance(Unknown Source)
	at com.browserstack.BrowserStackJavaAgent.a(Unknown Source)
	at com.browserstack.BrowserStackJavaAgent.b(Unknown Source)
	at com.browserstack.BrowserStackJavaAgent.a(Unknown Source)
	at com.browserstack.BrowserStackJavaAgent.startBrowserStackAgent(Unknown Source)
	at com.browserstack.BrowserStackJavaAgent.premain(Unknown Source)
	at java.base/jdk.internal.reflect.NativeMethodAccessorImpl.invoke0(Native Method)
	at java.base/jdk.internal.reflect.NativeMethodAccessorImpl.invoke(NativeMethodAccessorImpl.java:77)
	at java.base/jdk.internal.reflect.DelegatingMethodAccessorImpl.invoke(DelegatingMethodAccessorImpl.java:43)
	at java.base/java.lang.reflect.Method.invoke(Method.java:568)
	at java.instrument/sun.instrument.InstrumentationImpl.loadClassAndStartAgent(InstrumentationImpl.java:491)
	at java.instrument/sun.instrument.InstrumentationImpl.loadClassAndCallPremain(InstrumentationImpl.java:503)

12:32:34.715 [main] DEBUG c.browserstack.BrowserStackJavaAgent - Extracted CLI argument from system : null
12:32:35.298 [main] INFO  c.browserstack.BrowserStackJavaAgent - Selenium version detected - 4.13.0
12:32:35.299 [main] INFO  c.browserstack.BrowserStackJavaAgent - Appium version detected - 8.6.0
12:32:35.526 [main] DEBUG c.b.config.BrowserStackConfig - Cli Config passed - {}
12:32:35.526 [main] ERROR c.b.config.BrowserStackConfig - [Invalid Path] Config file does not exist at any parent directory of C:\Users\ftheofil\Projects\eu-digital-identity-walleteudi-doc-testing-application-internal. Please include a browserstack.yml/browserstack.yaml file containing configuration for tests.
12:32:35.527 [main] ERROR c.browserstack.BrowserStackJavaAgent - Something went wrong - java.lang.RuntimeException: [Invalid Path] Config file does not exist at any parent directory of C:\Users\ftheofil\Projects\eu-digital-identity-walleteudi-doc-testing-application-internal. Please include a browserstack.yml/browserstack.yaml file containing configuration for tests.
	at com.browserstack.config.BrowserStackConfig.a(Unknown Source)
	at com.browserstack.config.BrowserStackConfig.getInstance(Unknown Source)
	at com.browserstack.BrowserStackJavaAgent.a(Unknown Source)
	at com.browserstack.BrowserStackJavaAgent.b(Unknown Source)
	at com.browserstack.BrowserStackJavaAgent.a(Unknown Source)
	at com.browserstack.BrowserStackJavaAgent.startBrowserStackAgent(Unknown Source)
	at com.browserstack.BrowserStackJavaAgent.premain(Unknown Source)
	at java.base/jdk.internal.reflect.NativeMethodAccessorImpl.invoke0(Native Method)
	at java.base/jdk.internal.reflect.NativeMethodAccessorImpl.invoke(NativeMethodAccessorImpl.java:77)
	at java.base/jdk.internal.reflect.DelegatingMethodAccessorImpl.invoke(DelegatingMethodAccessorImpl.java:43)
	at java.base/java.lang.reflect.Method.invoke(Method.java:568)
	at java.instrument/sun.instrument.InstrumentationImpl.loadClassAndStartAgent(InstrumentationImpl.java:491)
	at java.instrument/sun.instrument.InstrumentationImpl.loadClassAndCallPremain(InstrumentationImpl.java:503)

12:39:27.099 [main] DEBUG c.browserstack.BrowserStackJavaAgent - Extracted CLI argument from system : null
12:39:27.556 [main] INFO  c.browserstack.BrowserStackJavaAgent - Selenium version detected - 4.13.0
12:39:27.559 [main] INFO  c.browserstack.BrowserStackJavaAgent - Appium version detected - 8.6.0
12:39:27.775 [main] DEBUG c.b.config.BrowserStackConfig - Cli Config passed - {}
12:39:27.775 [main] ERROR c.b.config.BrowserStackConfig - [Invalid Path] Config file does not exist at any parent directory of C:\Users\ftheofil\Projects\eu-digital-identity-walleteudi-doc-testing-application-internal. Please include a browserstack.yml/browserstack.yaml file containing configuration for tests.
12:39:27.776 [main] ERROR c.browserstack.BrowserStackJavaAgent - Something went wrong - java.lang.RuntimeException: [Invalid Path] Config file does not exist at any parent directory of C:\Users\ftheofil\Projects\eu-digital-identity-walleteudi-doc-testing-application-internal. Please include a browserstack.yml/browserstack.yaml file containing configuration for tests.
	at com.browserstack.config.BrowserStackConfig.a(Unknown Source)
	at com.browserstack.config.BrowserStackConfig.getInstance(Unknown Source)
	at com.browserstack.BrowserStackJavaAgent.a(Unknown Source)
	at com.browserstack.BrowserStackJavaAgent.b(Unknown Source)
	at com.browserstack.BrowserStackJavaAgent.a(Unknown Source)
	at com.browserstack.BrowserStackJavaAgent.startBrowserStackAgent(Unknown Source)
	at com.browserstack.BrowserStackJavaAgent.premain(Unknown Source)
	at java.base/jdk.internal.reflect.NativeMethodAccessorImpl.invoke0(Native Method)
	at java.base/jdk.internal.reflect.NativeMethodAccessorImpl.invoke(NativeMethodAccessorImpl.java:77)
	at java.base/jdk.internal.reflect.DelegatingMethodAccessorImpl.invoke(DelegatingMethodAccessorImpl.java:43)
	at java.base/java.lang.reflect.Method.invoke(Method.java:568)
	at java.instrument/sun.instrument.InstrumentationImpl.loadClassAndStartAgent(InstrumentationImpl.java:491)
	at java.instrument/sun.instrument.InstrumentationImpl.loadClassAndCallPremain(InstrumentationImpl.java:503)

12:46:47.809 [main] DEBUG c.browserstack.BrowserStackJavaAgent - Extracted CLI argument from system : null
12:46:48.990 [main] INFO  c.browserstack.BrowserStackJavaAgent - Selenium version detected - 4.13.0
12:46:48.991 [main] INFO  c.browserstack.BrowserStackJavaAgent - Appium version detected - 8.6.0
12:46:49.533 [main] DEBUG c.b.config.BrowserStackConfig - Cli Config passed - {}
12:46:49.533 [main] ERROR c.b.config.BrowserStackConfig - [Invalid Path] Config file does not exist at any parent directory of C:\Users\ftheofil\Projects\eu-digital-identity-walleteudi-doc-testing-application-internal. Please include a browserstack.yml/browserstack.yaml file containing configuration for tests.
12:46:49.535 [main] ERROR c.browserstack.BrowserStackJavaAgent - Something went wrong - java.lang.RuntimeException: [Invalid Path] Config file does not exist at any parent directory of C:\Users\ftheofil\Projects\eu-digital-identity-walleteudi-doc-testing-application-internal. Please include a browserstack.yml/browserstack.yaml file containing configuration for tests.
	at com.browserstack.config.BrowserStackConfig.a(Unknown Source)
	at com.browserstack.config.BrowserStackConfig.getInstance(Unknown Source)
	at com.browserstack.BrowserStackJavaAgent.a(Unknown Source)
	at com.browserstack.BrowserStackJavaAgent.b(Unknown Source)
	at com.browserstack.BrowserStackJavaAgent.a(Unknown Source)
	at com.browserstack.BrowserStackJavaAgent.startBrowserStackAgent(Unknown Source)
	at com.browserstack.BrowserStackJavaAgent.premain(Unknown Source)
	at java.base/jdk.internal.reflect.NativeMethodAccessorImpl.invoke0(Native Method)
	at java.base/jdk.internal.reflect.NativeMethodAccessorImpl.invoke(NativeMethodAccessorImpl.java:77)
	at java.base/jdk.internal.reflect.DelegatingMethodAccessorImpl.invoke(DelegatingMethodAccessorImpl.java:43)
	at java.base/java.lang.reflect.Method.invoke(Method.java:568)
	at java.instrument/sun.instrument.InstrumentationImpl.loadClassAndStartAgent(InstrumentationImpl.java:491)
	at java.instrument/sun.instrument.InstrumentationImpl.loadClassAndCallPremain(InstrumentationImpl.java:503)

12:52:12.844 [main] DEBUG c.browserstack.BrowserStackJavaAgent - Extracted CLI argument from system : null
12:52:13.945 [main] INFO  c.browserstack.BrowserStackJavaAgent - Selenium version detected - 4.13.0
12:52:13.947 [main] INFO  c.browserstack.BrowserStackJavaAgent - Appium version detected - 8.6.0
12:52:14.544 [main] DEBUG c.b.config.BrowserStackConfig - Cli Config passed - {}
12:52:14.544 [main] ERROR c.b.config.BrowserStackConfig - [Invalid Path] Config file does not exist at any parent directory of C:\Users\ftheofil\Projects\eu-digital-identity-walleteudi-doc-testing-application-internal. Please include a browserstack.yml/browserstack.yaml file containing configuration for tests.
12:52:14.546 [main] ERROR c.browserstack.BrowserStackJavaAgent - Something went wrong - java.lang.RuntimeException: [Invalid Path] Config file does not exist at any parent directory of C:\Users\ftheofil\Projects\eu-digital-identity-walleteudi-doc-testing-application-internal. Please include a browserstack.yml/browserstack.yaml file containing configuration for tests.
	at com.browserstack.config.BrowserStackConfig.a(Unknown Source)
	at com.browserstack.config.BrowserStackConfig.getInstance(Unknown Source)
	at com.browserstack.BrowserStackJavaAgent.a(Unknown Source)
	at com.browserstack.BrowserStackJavaAgent.b(Unknown Source)
	at com.browserstack.BrowserStackJavaAgent.a(Unknown Source)
	at com.browserstack.BrowserStackJavaAgent.startBrowserStackAgent(Unknown Source)
	at com.browserstack.BrowserStackJavaAgent.premain(Unknown Source)
	at java.base/jdk.internal.reflect.NativeMethodAccessorImpl.invoke0(Native Method)
	at java.base/jdk.internal.reflect.NativeMethodAccessorImpl.invoke(NativeMethodAccessorImpl.java:77)
	at java.base/jdk.internal.reflect.DelegatingMethodAccessorImpl.invoke(DelegatingMethodAccessorImpl.java:43)
	at java.base/java.lang.reflect.Method.invoke(Method.java:568)
	at java.instrument/sun.instrument.InstrumentationImpl.loadClassAndStartAgent(InstrumentationImpl.java:491)
	at java.instrument/sun.instrument.InstrumentationImpl.loadClassAndCallPremain(InstrumentationImpl.java:503)

13:03:45.213 [main] DEBUG c.browserstack.BrowserStackJavaAgent - Extracted CLI argument from system : null
13:03:46.460 [main] INFO  c.browserstack.BrowserStackJavaAgent - Selenium version detected - 4.13.0
13:03:46.462 [main] INFO  c.browserstack.BrowserStackJavaAgent - Appium version detected - 8.6.0
13:03:47.030 [main] DEBUG c.b.config.BrowserStackConfig - Cli Config passed - {}
13:03:47.030 [main] ERROR c.b.config.BrowserStackConfig - [Invalid Path] Config file does not exist at any parent directory of C:\Users\ftheofil\Projects\eu-digital-identity-walleteudi-doc-testing-application-internal. Please include a browserstack.yml/browserstack.yaml file containing configuration for tests.
13:03:47.032 [main] ERROR c.browserstack.BrowserStackJavaAgent - Something went wrong - java.lang.RuntimeException: [Invalid Path] Config file does not exist at any parent directory of C:\Users\ftheofil\Projects\eu-digital-identity-walleteudi-doc-testing-application-internal. Please include a browserstack.yml/browserstack.yaml file containing configuration for tests.
	at com.browserstack.config.BrowserStackConfig.a(Unknown Source)
	at com.browserstack.config.BrowserStackConfig.getInstance(Unknown Source)
	at com.browserstack.BrowserStackJavaAgent.a(Unknown Source)
	at com.browserstack.BrowserStackJavaAgent.b(Unknown Source)
	at com.browserstack.BrowserStackJavaAgent.a(Unknown Source)
	at com.browserstack.BrowserStackJavaAgent.startBrowserStackAgent(Unknown Source)
	at com.browserstack.BrowserStackJavaAgent.premain(Unknown Source)
	at java.base/jdk.internal.reflect.NativeMethodAccessorImpl.invoke0(Native Method)
	at java.base/jdk.internal.reflect.NativeMethodAccessorImpl.invoke(NativeMethodAccessorImpl.java:77)
	at java.base/jdk.internal.reflect.DelegatingMethodAccessorImpl.invoke(DelegatingMethodAccessorImpl.java:43)
	at java.base/java.lang.reflect.Method.invoke(Method.java:568)
	at java.instrument/sun.instrument.InstrumentationImpl.loadClassAndStartAgent(InstrumentationImpl.java:491)
	at java.instrument/sun.instrument.InstrumentationImpl.loadClassAndCallPremain(InstrumentationImpl.java:503)

