<?xml version="1.0" encoding="UTF-8" standalone="no"?><testsuite errors="0" failures="1" name="Issuing and storing attestations in the EUDI Wallet via QR code" skipped="1" tests="25" time="3.48" timestamp="2026-05-08 03:38:10"><testcase name="Successful navigation to the &quot;Home&quot; screen"/><testcase name="Successful navigation to the &quot;Add Document&quot; screen"/><testcase name="Selecting Scan a QR code option"/><testcase name="Displaying credential offer after scanning QR code"/><testcase name="Canceling the issuing process"/><testcase name="Proceeding with the attestation issuing flow"/><testcase name="Issuing a PID attestation successfully"/><testcase name="Error during attestation issuance"/><testcase name="Test test test test"><skipped/></testcase><testcase name="Successful navigation to the &quot;Home&quot; screen"/><testcase name="Successful navigation to the &quot;Add Document&quot; screen"/><testcase name="Selecting &quot;Scan a QR code&quot; option"/><testcase name="Displaying credential offer after scanning QR code"/><testcase name="Canceling the issuing process"><failure/></testcase><testcase name="Proceeding with the attestation issuing flow"/><testcase name="Issuing a PID attestation successfully"/><testcase name="Error during attestation issuance"/></testsuite>