<?xml version="1.0" encoding="UTF-8" standalone="no"?><testsuite errors="0" failures="0" name="Sign Document through EUDI Wallet" skipped="0" tests="8" time="0.2" timestamp="2026-05-08 03:38:33"><testcase name="Single Credential ID Available"/><testcase name="User Aborts the Signing Operation"/><testcase name="User consents to release attestation"/><testcase name="EUDI Wallet Stores the Signed Document"/><testcase name="Single Credential ID Available"/><testcase name="User Aborts the Signing Operation"/><testcase name="User consents to release attestation"/><testcase name="EUDI Wallet Stores the Signed Document"/></testsuite>