<?xml version="1.0" encoding="UTF-8" standalone="no"?><testsuite errors="0" failures="0" name="Select Document to be Signed" skipped="0" tests="8" time="0.23" timestamp="2026-05-08 11:41:50"><testcase name="Display list of documents for signing"/><testcase name="Select a document from the list"/><testcase name="View the selected document details"/><testcase name="View the document's content"/><testcase name="Display list of documents for signing"/><testcase name="Select a document from the list"/><testcase name="View the selected document details"/><testcase name="View the document's content"/></testsuite>