<?xml version="1.0" encoding="UTF-8" standalone="no"?><testsuite errors="0" failures="0" name="Manual Regression Tests" skipped="0" tests="20" time="1.39" timestamp="2026-05-08 03:38:40"><testcase name="Successful credential issuance and presentation with selective disclosure - Python Issuer"/><testcase name="Successful credential issuance and presentation with selective disclosure - Kotlin Issuer"/><testcase name="Successful credential issuance and presentation with selective disclosure - Python Issuer"/><testcase name="Successful credential issuance and presentation with selective disclosure - Kotlin Issuer"/></testsuite>