<?xml version="1.0" encoding="UTF-8" standalone="no"?><testsuite errors="0" failures="0" name="Present Attestations from EUDI Wallet" skipped="0" tests="10" time="0.44" timestamp="2026-05-08 11:44:55"><testcase name="Proceed with data sharing flow"/><testcase name="User selects the option ‘Online’ in the “Present document” section"/><testcase name="User proceeds with the data sharing flow"/><testcase name="User enters the PIN to proceed with data sharing"/><testcase name="Wallet displays a success screen after data sharing"/><testcase name="Proceed with data sharing flow"/><testcase name="User selects the option ‘Online’ in the “Present document” section"/><testcase name="User proceeds with the data sharing flow"/><testcase name="User enters the PIN to proceed with data sharing"/><testcase name="Wallet displays a success screen after data sharing"/></testsuite>