<?xml version="1.0" encoding="UTF-8" standalone="no"?><testsuite errors="0" failures="0" name="Searching for documents in the EUDI Wallet" skipped="0" tests="16" time="8.39" timestamp="2026-05-08 03:40:24"><testcase name="Initial state of the &quot;Documents&quot; screen"/><testcase name="Tapping on the search field for the first time"/><testcase name="Tapping on the search field with previous search text"/><testcase name="Typing in the search field"/><testcase name="Clearing the search field"/><testcase name="Performing a search with empty text"/><testcase name="Performing a search with valid search text"/><testcase name="No matching documents found"/><testcase name="Initial state of the &quot;Documents&quot; screen"/><testcase name="Tapping on the search field for the first time"/><testcase name="Tapping on the search field with previous search text"/><testcase name="Typing in the search field"/><testcase name="Clearing the search field"/><testcase name="Performing a search with empty text"/><testcase name="Performing a search with valid search text"/><testcase name="No matching documents found"/></testsuite>