<?xml version="1.0" encoding="UTF-8" standalone="no"?><testsuite errors="0" failures="0" name="EUDI Wallet User Authenticates to QTSP for Document Signing" skipped="0" tests="10" time="0.24" timestamp="2026-05-08 03:38:34"><testcase name="User initiates document signing"/><testcase name="User scans QR code with EUDI Wallet"/><testcase name="User declines to proceed with attestation release"/><testcase name="User consents to attestation release"/><testcase name="Successful presentation of attestation"/><testcase name="User initiates document signing"/><testcase name="User scans QR code with EUDI Wallet"/><testcase name="User declines to proceed with attestation release"/><testcase name="User consents to attestation release"/><testcase name="Successful presentation of attestation"/></testsuite>