<?xml version="1.0" encoding="UTF-8" standalone="no"?><testsuite errors="0" failures="0" name="EUDI Wallet Documents Screen" skipped="0" tests="10" time="391.81" timestamp="2026-05-08 10:22:37"><testcase name="Bottom navigation bar includes 'Home', 'Documents', and 'Transactions' options"/><testcase name="'Documents' screen includes a 'Search' bar"/><testcase name="'Documents' screen includes a 'Filter/Sort' button"/><testcase name="Documents screen includes a list of all issued attestations"/><testcase name="View details of an attestation"/><testcase name="Bottom navigation bar includes 'Home', 'Documents', and 'Transactions' options"/><testcase name="'Documents' screen includes a 'Search' bar"/><testcase name="'Documents' screen includes a 'Filter/Sort' button"/><testcase name="Documents screen includes a list of all issued attestations"/><testcase name="View details of an attestation"/></testsuite>