<?xml version="1.0" encoding="UTF-8" standalone="no"?><testsuite errors="40" failures="0" name="Issuance and presentation - mDL" skipped="0" tests="40" time="4.01" timestamp="2026-05-08 03:40:29"><testcase name="Successful credential issuance and presentation with selective disclosure - Python Issuer - mDL"><error message="Cannot invoke &quot;io.appium.java_client.android.AndroidDriver.activateApp(String)&quot; because &quot;eu.europa.eudi.utils.TestSetup.mobileWebDriverFactory().androidDriver&quot; is null" type="java.lang.NullPointerException">Cannot invoke "io.appium.java_client.android.AndroidDriver.activateApp(String)" because "eu.europa.eudi.utils.TestSetup.mobileWebDriverFactory().androidDriver" is null</error><system-err>Cannot invoke "io.appium.java_client.android.AndroidDriver.activateApp(String)" because "eu.europa.eudi.utils.TestSetup.mobileWebDriverFactory().androidDriver" is null&#13;
eu.europa.eudi.pages.Wallet.launchApp(Wallet.java:53)&#13;
eu.europa.eudi.stepdefs.AutomatedStepDefs.theUserInitiatesACredentialIssuanceUsingThe(AutomatedStepDefs.java:1866)&#13;
✽.the user initiates a mDL (MSO Mdoc) issuance using the Python(file:///C:/Users/ftheofil/Projects/eu-digital-identity-walleteudi-doc-testing-application-internal/src/test/resources/features/android/regressionTests/Automated_Regression_Tests/MDL_MSO_Mdoc/issuanceAndPresentationScenariosMdl.feature:5)&#13;
</system-err></testcase><testcase name="Successful credential issuance and presentation with selective disclosure - Kotlin Issuer - mDL"><error message="Cannot invoke &quot;io.appium.java_client.android.AndroidDriver.activateApp(String)&quot; because &quot;eu.europa.eudi.utils.TestSetup.mobileWebDriverFactory().androidDriver&quot; is null" type="java.lang.NullPointerException">Cannot invoke "io.appium.java_client.android.AndroidDriver.activateApp(String)" because "eu.europa.eudi.utils.TestSetup.mobileWebDriverFactory().androidDriver" is null</error><system-err>Cannot invoke "io.appium.java_client.android.AndroidDriver.activateApp(String)" because "eu.europa.eudi.utils.TestSetup.mobileWebDriverFactory().androidDriver" is null&#13;
eu.europa.eudi.pages.Wallet.launchApp(Wallet.java:53)&#13;
eu.europa.eudi.stepdefs.AutomatedStepDefs.theUserInitiatesACredentialIssuanceUsingThe(AutomatedStepDefs.java:1866)&#13;
✽.the user initiates a mDL (MSO Mdoc) issuance using the Kotlin(file:///C:/Users/ftheofil/Projects/eu-digital-identity-walleteudi-doc-testing-application-internal/src/test/resources/features/android/regressionTests/Automated_Regression_Tests/MDL_MSO_Mdoc/issuanceAndPresentationScenariosMdl.feature:30)&#13;
</system-err></testcase><testcase name="Successful credential issuance and presentation with selective disclosure - Python Issuer - mDL"><error message="Cannot invoke &quot;io.appium.java_client.ios.IOSDriver.activateApp(String)&quot; because &quot;eu.europa.eudi.utils.TestSetup.mobileWebDriverFactory().iosDriver&quot; is null" type="java.lang.NullPointerException">Cannot invoke "io.appium.java_client.ios.IOSDriver.activateApp(String)" because "eu.europa.eudi.utils.TestSetup.mobileWebDriverFactory().iosDriver" is null</error><system-err>Cannot invoke "io.appium.java_client.ios.IOSDriver.activateApp(String)" because "eu.europa.eudi.utils.TestSetup.mobileWebDriverFactory().iosDriver" is null&#13;
eu.europa.eudi.pages.Wallet.launchApp(Wallet.java:55)&#13;
eu.europa.eudi.stepdefs.AutomatedStepDefs.theUserInitiatesACredentialIssuanceUsingThe(AutomatedStepDefs.java:1866)&#13;
✽.the user initiates a mDL (MSO Mdoc) issuance using the Python(file:///C:/Users/ftheofil/Projects/eu-digital-identity-walleteudi-doc-testing-application-internal/src/test/resources/features/ios/regressionTests/Automated_Regression_Tests/MDL_MSO_Mdoc/issuanceAndPresentationScenariosMdl.feature:5)&#13;
</system-err></testcase><testcase name="Successful credential issuance and presentation with selective disclosure - Kotlin Issuer - mDL"><error message="Cannot invoke &quot;io.appium.java_client.ios.IOSDriver.activateApp(String)&quot; because &quot;eu.europa.eudi.utils.TestSetup.mobileWebDriverFactory().iosDriver&quot; is null" type="java.lang.NullPointerException">Cannot invoke "io.appium.java_client.ios.IOSDriver.activateApp(String)" because "eu.europa.eudi.utils.TestSetup.mobileWebDriverFactory().iosDriver" is null</error><system-err>Cannot invoke "io.appium.java_client.ios.IOSDriver.activateApp(String)" because "eu.europa.eudi.utils.TestSetup.mobileWebDriverFactory().iosDriver" is null&#13;
eu.europa.eudi.pages.Wallet.launchApp(Wallet.java:55)&#13;
eu.europa.eudi.stepdefs.AutomatedStepDefs.theUserInitiatesACredentialIssuanceUsingThe(AutomatedStepDefs.java:1866)&#13;
✽.the user initiates a mDL (MSO Mdoc) issuance using the Kotlin(file:///C:/Users/ftheofil/Projects/eu-digital-identity-walleteudi-doc-testing-application-internal/src/test/resources/features/ios/regressionTests/Automated_Regression_Tests/MDL_MSO_Mdoc/issuanceAndPresentationScenariosMdl.feature:30)&#13;
</system-err></testcase></testsuite>