12:53:39.751 [main] INFO  c.browserstack.BrowserStackJavaAgent - Selenium version detected - 4.13.0
12:53:39.755 [main] INFO  c.browserstack.BrowserStackJavaAgent - Appium version detected - 8.6.0
12:53:40.039 [main] DEBUG c.b.config.BrowserStackConfig - Cli Config passed - {}
12:53:40.040 [main] INFO  c.browserstack.utils.UtilityMethods - BrowserStack Yml Detected : C:\browserstack.yml
12:53:40.040 [main] ERROR c.b.config.BrowserStackConfig - [Invalid Path] Config file does not exist at any parent directory of C:\Users\ftheofil\Projects\eu-digital-identity-walleteudi-doc-testing-application-internal. Please include a browserstack.yml/browserstack.yaml file containing configuration for tests.
12:53:40.042 [main] ERROR c.browserstack.BrowserStackJavaAgent - Something went wrong - java.lang.RuntimeException: [Invalid Path] Config file does not exist at any parent directory of C:\Users\ftheofil\Projects\eu-digital-identity-walleteudi-doc-testing-application-internal. Please include a browserstack.yml/browserstack.yaml file containing configuration for tests.
	at com.browserstack.config.BrowserStackConfig.a(Unknown Source)
	at com.browserstack.config.BrowserStackConfig.getInstance(Unknown Source)
	at com.browserstack.BrowserStackJavaAgent.b(Unknown Source)
	at com.browserstack.BrowserStackJavaAgent.a(Unknown Source)
	at com.browserstack.BrowserStackJavaAgent.premain(Unknown Source)
	at java.base/jdk.internal.reflect.NativeMethodAccessorImpl.invoke0(Native Method)
	at java.base/jdk.internal.reflect.NativeMethodAccessorImpl.invoke(NativeMethodAccessorImpl.java:77)
	at java.base/jdk.internal.reflect.DelegatingMethodAccessorImpl.invoke(DelegatingMethodAccessorImpl.java:43)
	at java.base/java.lang.reflect.Method.invoke(Method.java:568)
	at java.instrument/sun.instrument.InstrumentationImpl.loadClassAndStartAgent(InstrumentationImpl.java:491)
	at java.instrument/sun.instrument.InstrumentationImpl.loadClassAndCallPremain(InstrumentationImpl.java:503)

13:01:23.332 [main] INFO  c.browserstack.BrowserStackJavaAgent - Selenium version detected - 4.13.0
13:01:23.337 [main] INFO  c.browserstack.BrowserStackJavaAgent - Appium version detected - 8.6.0
13:01:23.610 [main] DEBUG c.b.config.BrowserStackConfig - Cli Config passed - {}
13:01:23.611 [main] INFO  c.browserstack.utils.UtilityMethods - BrowserStack Yml Detected : C:\browserstack.yml
13:01:23.611 [main] ERROR c.b.config.BrowserStackConfig - [Invalid Path] Config file does not exist at any parent directory of C:\Users\ftheofil\Projects\eu-digital-identity-walleteudi-doc-testing-application-internal. Please include a browserstack.yml/browserstack.yaml file containing configuration for tests.
13:01:23.612 [main] ERROR c.browserstack.BrowserStackJavaAgent - Something went wrong - java.lang.RuntimeException: [Invalid Path] Config file does not exist at any parent directory of C:\Users\ftheofil\Projects\eu-digital-identity-walleteudi-doc-testing-application-internal. Please include a browserstack.yml/browserstack.yaml file containing configuration for tests.
	at com.browserstack.config.BrowserStackConfig.a(Unknown Source)
	at com.browserstack.config.BrowserStackConfig.getInstance(Unknown Source)
	at com.browserstack.BrowserStackJavaAgent.b(Unknown Source)
	at com.browserstack.BrowserStackJavaAgent.a(Unknown Source)
	at com.browserstack.BrowserStackJavaAgent.premain(Unknown Source)
	at java.base/jdk.internal.reflect.NativeMethodAccessorImpl.invoke0(Native Method)
	at java.base/jdk.internal.reflect.NativeMethodAccessorImpl.invoke(NativeMethodAccessorImpl.java:77)
	at java.base/jdk.internal.reflect.DelegatingMethodAccessorImpl.invoke(DelegatingMethodAccessorImpl.java:43)
	at java.base/java.lang.reflect.Method.invoke(Method.java:568)
	at java.instrument/sun.instrument.InstrumentationImpl.loadClassAndStartAgent(InstrumentationImpl.java:491)
	at java.instrument/sun.instrument.InstrumentationImpl.loadClassAndCallPremain(InstrumentationImpl.java:503)

13:17:03.680 [main] INFO  c.browserstack.BrowserStackJavaAgent - Selenium version detected - 4.13.0
13:17:03.683 [main] INFO  c.browserstack.BrowserStackJavaAgent - Appium version detected - 8.6.0
13:17:03.939 [main] DEBUG c.b.config.BrowserStackConfig - Cli Config passed - {}
13:17:03.940 [main] INFO  c.browserstack.utils.UtilityMethods - BrowserStack Yml Detected : C:\browserstack.yml
13:17:03.940 [main] ERROR c.b.config.BrowserStackConfig - [Invalid Path] Config file does not exist at any parent directory of C:\Users\ftheofil\Projects\eu-digital-identity-walleteudi-doc-testing-application-internal. Please include a browserstack.yml/browserstack.yaml file containing configuration for tests.
13:17:03.942 [main] ERROR c.browserstack.BrowserStackJavaAgent - Something went wrong - java.lang.RuntimeException: [Invalid Path] Config file does not exist at any parent directory of C:\Users\ftheofil\Projects\eu-digital-identity-walleteudi-doc-testing-application-internal. Please include a browserstack.yml/browserstack.yaml file containing configuration for tests.
	at com.browserstack.config.BrowserStackConfig.a(Unknown Source)
	at com.browserstack.config.BrowserStackConfig.getInstance(Unknown Source)
	at com.browserstack.BrowserStackJavaAgent.b(Unknown Source)
	at com.browserstack.BrowserStackJavaAgent.a(Unknown Source)
	at com.browserstack.BrowserStackJavaAgent.premain(Unknown Source)
	at java.base/jdk.internal.reflect.NativeMethodAccessorImpl.invoke0(Native Method)
	at java.base/jdk.internal.reflect.NativeMethodAccessorImpl.invoke(NativeMethodAccessorImpl.java:77)
	at java.base/jdk.internal.reflect.DelegatingMethodAccessorImpl.invoke(DelegatingMethodAccessorImpl.java:43)
	at java.base/java.lang.reflect.Method.invoke(Method.java:568)
	at java.instrument/sun.instrument.InstrumentationImpl.loadClassAndStartAgent(InstrumentationImpl.java:491)
	at java.instrument/sun.instrument.InstrumentationImpl.loadClassAndCallPremain(InstrumentationImpl.java:503)

13:22:33.820 [main] INFO  c.browserstack.BrowserStackJavaAgent - Selenium version detected - 4.13.0
13:22:33.824 [main] INFO  c.browserstack.BrowserStackJavaAgent - Appium version detected - 8.6.0
13:22:34.431 [main] DEBUG c.b.config.BrowserStackConfig - Cli Config passed - {}
13:22:34.433 [main] INFO  c.browserstack.utils.UtilityMethods - BrowserStack Yml Detected : C:\browserstack.yml
13:22:34.433 [main] ERROR c.b.config.BrowserStackConfig - [Invalid Path] Config file does not exist at any parent directory of C:\Users\ftheofil\Projects\eu-digital-identity-walleteudi-doc-testing-application-internal. Please include a browserstack.yml/browserstack.yaml file containing configuration for tests.
13:22:34.436 [main] ERROR c.browserstack.BrowserStackJavaAgent - Something went wrong - java.lang.RuntimeException: [Invalid Path] Config file does not exist at any parent directory of C:\Users\ftheofil\Projects\eu-digital-identity-walleteudi-doc-testing-application-internal. Please include a browserstack.yml/browserstack.yaml file containing configuration for tests.
	at com.browserstack.config.BrowserStackConfig.a(Unknown Source)
	at com.browserstack.config.BrowserStackConfig.getInstance(Unknown Source)
	at com.browserstack.BrowserStackJavaAgent.b(Unknown Source)
	at com.browserstack.BrowserStackJavaAgent.a(Unknown Source)
	at com.browserstack.BrowserStackJavaAgent.premain(Unknown Source)
	at java.base/jdk.internal.reflect.NativeMethodAccessorImpl.invoke0(Native Method)
	at java.base/jdk.internal.reflect.NativeMethodAccessorImpl.invoke(NativeMethodAccessorImpl.java:77)
	at java.base/jdk.internal.reflect.DelegatingMethodAccessorImpl.invoke(DelegatingMethodAccessorImpl.java:43)
	at java.base/java.lang.reflect.Method.invoke(Method.java:568)
	at java.instrument/sun.instrument.InstrumentationImpl.loadClassAndStartAgent(InstrumentationImpl.java:491)
	at java.instrument/sun.instrument.InstrumentationImpl.loadClassAndCallPremain(InstrumentationImpl.java:503)

13:25:32.374 [main] INFO  c.browserstack.BrowserStackJavaAgent - Selenium version detected - 4.13.0
13:25:32.378 [main] INFO  c.browserstack.BrowserStackJavaAgent - Appium version detected - 8.6.0
13:25:32.612 [main] DEBUG c.b.config.BrowserStackConfig - Cli Config passed - {}
13:25:32.615 [main] INFO  c.browserstack.utils.UtilityMethods - BrowserStack Yml Detected : C:\browserstack.yml
13:25:32.615 [main] ERROR c.b.config.BrowserStackConfig - [Invalid Path] Config file does not exist at any parent directory of C:\Users\ftheofil\Projects\eu-digital-identity-walleteudi-doc-testing-application-internal. Please include a browserstack.yml/browserstack.yaml file containing configuration for tests.
13:25:32.616 [main] ERROR c.browserstack.BrowserStackJavaAgent - Something went wrong - java.lang.RuntimeException: [Invalid Path] Config file does not exist at any parent directory of C:\Users\ftheofil\Projects\eu-digital-identity-walleteudi-doc-testing-application-internal. Please include a browserstack.yml/browserstack.yaml file containing configuration for tests.
	at com.browserstack.config.BrowserStackConfig.a(Unknown Source)
	at com.browserstack.config.BrowserStackConfig.getInstance(Unknown Source)
	at com.browserstack.BrowserStackJavaAgent.b(Unknown Source)
	at com.browserstack.BrowserStackJavaAgent.a(Unknown Source)
	at com.browserstack.BrowserStackJavaAgent.premain(Unknown Source)
	at java.base/jdk.internal.reflect.NativeMethodAccessorImpl.invoke0(Native Method)
	at java.base/jdk.internal.reflect.NativeMethodAccessorImpl.invoke(NativeMethodAccessorImpl.java:77)
	at java.base/jdk.internal.reflect.DelegatingMethodAccessorImpl.invoke(DelegatingMethodAccessorImpl.java:43)
	at java.base/java.lang.reflect.Method.invoke(Method.java:568)
	at java.instrument/sun.instrument.InstrumentationImpl.loadClassAndStartAgent(InstrumentationImpl.java:491)
	at java.instrument/sun.instrument.InstrumentationImpl.loadClassAndCallPremain(InstrumentationImpl.java:503)

13:30:18.471 [main] INFO  c.browserstack.BrowserStackJavaAgent - Selenium version detected - 4.13.0
13:30:18.474 [main] INFO  c.browserstack.BrowserStackJavaAgent - Appium version detected - 8.6.0
13:30:18.702 [main] DEBUG c.b.config.BrowserStackConfig - Cli Config passed - {}
13:30:18.703 [main] INFO  c.browserstack.utils.UtilityMethods - BrowserStack Yml Detected : C:\browserstack.yml
13:30:18.703 [main] ERROR c.b.config.BrowserStackConfig - [Invalid Path] Config file does not exist at any parent directory of C:\Users\ftheofil\Projects\eu-digital-identity-walleteudi-doc-testing-application-internal. Please include a browserstack.yml/browserstack.yaml file containing configuration for tests.
13:30:18.704 [main] ERROR c.browserstack.BrowserStackJavaAgent - Something went wrong - java.lang.RuntimeException: [Invalid Path] Config file does not exist at any parent directory of C:\Users\ftheofil\Projects\eu-digital-identity-walleteudi-doc-testing-application-internal. Please include a browserstack.yml/browserstack.yaml file containing configuration for tests.
	at com.browserstack.config.BrowserStackConfig.a(Unknown Source)
	at com.browserstack.config.BrowserStackConfig.getInstance(Unknown Source)
	at com.browserstack.BrowserStackJavaAgent.b(Unknown Source)
	at com.browserstack.BrowserStackJavaAgent.a(Unknown Source)
	at com.browserstack.BrowserStackJavaAgent.premain(Unknown Source)
	at java.base/jdk.internal.reflect.NativeMethodAccessorImpl.invoke0(Native Method)
	at java.base/jdk.internal.reflect.NativeMethodAccessorImpl.invoke(NativeMethodAccessorImpl.java:77)
	at java.base/jdk.internal.reflect.DelegatingMethodAccessorImpl.invoke(DelegatingMethodAccessorImpl.java:43)
	at java.base/java.lang.reflect.Method.invoke(Method.java:568)
	at java.instrument/sun.instrument.InstrumentationImpl.loadClassAndStartAgent(InstrumentationImpl.java:491)
	at java.instrument/sun.instrument.InstrumentationImpl.loadClassAndCallPremain(InstrumentationImpl.java:503)

13:39:34.850 [main] INFO  c.browserstack.BrowserStackJavaAgent - Selenium version detected - 4.13.0
13:39:34.857 [main] INFO  c.browserstack.BrowserStackJavaAgent - Appium version detected - 8.6.0
13:39:35.364 [main] DEBUG c.b.config.BrowserStackConfig - Cli Config passed - {}
13:39:35.379 [main] INFO  c.browserstack.utils.UtilityMethods - BrowserStack Yml Detected : C:\browserstack.yml
13:39:35.379 [main] ERROR c.b.config.BrowserStackConfig - [Invalid Path] Config file does not exist at any parent directory of C:\Users\ftheofil\Projects\eu-digital-identity-walleteudi-doc-testing-application-internal. Please include a browserstack.yml/browserstack.yaml file containing configuration for tests.
13:39:35.381 [main] ERROR c.browserstack.BrowserStackJavaAgent - Something went wrong - java.lang.RuntimeException: [Invalid Path] Config file does not exist at any parent directory of C:\Users\ftheofil\Projects\eu-digital-identity-walleteudi-doc-testing-application-internal. Please include a browserstack.yml/browserstack.yaml file containing configuration for tests.
	at com.browserstack.config.BrowserStackConfig.a(Unknown Source)
	at com.browserstack.config.BrowserStackConfig.getInstance(Unknown Source)
	at com.browserstack.BrowserStackJavaAgent.b(Unknown Source)
	at com.browserstack.BrowserStackJavaAgent.a(Unknown Source)
	at com.browserstack.BrowserStackJavaAgent.premain(Unknown Source)
	at java.base/jdk.internal.reflect.NativeMethodAccessorImpl.invoke0(Native Method)
	at java.base/jdk.internal.reflect.NativeMethodAccessorImpl.invoke(NativeMethodAccessorImpl.java:77)
	at java.base/jdk.internal.reflect.DelegatingMethodAccessorImpl.invoke(DelegatingMethodAccessorImpl.java:43)
	at java.base/java.lang.reflect.Method.invoke(Method.java:568)
	at java.instrument/sun.instrument.InstrumentationImpl.loadClassAndStartAgent(InstrumentationImpl.java:491)
	at java.instrument/sun.instrument.InstrumentationImpl.loadClassAndCallPremain(InstrumentationImpl.java:503)

13:51:45.764 [main] INFO  c.browserstack.BrowserStackJavaAgent - Selenium version detected - 4.13.0
13:51:45.766 [main] INFO  c.browserstack.BrowserStackJavaAgent - Appium version detected - 8.6.0
13:51:46.000 [main] DEBUG c.b.config.BrowserStackConfig - Cli Config passed - {}
13:51:46.000 [main] INFO  c.browserstack.utils.UtilityMethods - BrowserStack Yml Detected : C:\browserstack.yml
13:51:46.000 [main] ERROR c.b.config.BrowserStackConfig - [Invalid Path] Config file does not exist at any parent directory of C:\Users\ftheofil\Projects\eu-digital-identity-walleteudi-doc-testing-application-internal. Please include a browserstack.yml/browserstack.yaml file containing configuration for tests.
13:51:46.004 [main] ERROR c.browserstack.BrowserStackJavaAgent - Something went wrong - java.lang.RuntimeException: [Invalid Path] Config file does not exist at any parent directory of C:\Users\ftheofil\Projects\eu-digital-identity-walleteudi-doc-testing-application-internal. Please include a browserstack.yml/browserstack.yaml file containing configuration for tests.
	at com.browserstack.config.BrowserStackConfig.a(Unknown Source)
	at com.browserstack.config.BrowserStackConfig.getInstance(Unknown Source)
	at com.browserstack.BrowserStackJavaAgent.b(Unknown Source)
	at com.browserstack.BrowserStackJavaAgent.a(Unknown Source)
	at com.browserstack.BrowserStackJavaAgent.premain(Unknown Source)
	at java.base/jdk.internal.reflect.NativeMethodAccessorImpl.invoke0(Native Method)
	at java.base/jdk.internal.reflect.NativeMethodAccessorImpl.invoke(NativeMethodAccessorImpl.java:77)
	at java.base/jdk.internal.reflect.DelegatingMethodAccessorImpl.invoke(DelegatingMethodAccessorImpl.java:43)
	at java.base/java.lang.reflect.Method.invoke(Method.java:568)
	at java.instrument/sun.instrument.InstrumentationImpl.loadClassAndStartAgent(InstrumentationImpl.java:491)
	at java.instrument/sun.instrument.InstrumentationImpl.loadClassAndCallPremain(InstrumentationImpl.java:503)

13:56:06.439 [main] INFO  c.browserstack.BrowserStackJavaAgent - Selenium version detected - 4.13.0
13:56:06.449 [main] INFO  c.browserstack.BrowserStackJavaAgent - Appium version detected - 8.6.0
13:56:07.156 [main] DEBUG c.b.config.BrowserStackConfig - Cli Config passed - {}
13:56:07.193 [main] INFO  c.browserstack.utils.UtilityMethods - BrowserStack Yml Detected : C:\browserstack.yml
13:56:07.193 [main] ERROR c.b.config.BrowserStackConfig - [Invalid Path] Config file does not exist at any parent directory of C:\Users\ftheofil\Projects\eu-digital-identity-walleteudi-doc-testing-application-internal. Please include a browserstack.yml/browserstack.yaml file containing configuration for tests.
13:56:07.197 [main] ERROR c.browserstack.BrowserStackJavaAgent - Something went wrong - java.lang.RuntimeException: [Invalid Path] Config file does not exist at any parent directory of C:\Users\ftheofil\Projects\eu-digital-identity-walleteudi-doc-testing-application-internal. Please include a browserstack.yml/browserstack.yaml file containing configuration for tests.
	at com.browserstack.config.BrowserStackConfig.a(Unknown Source)
	at com.browserstack.config.BrowserStackConfig.getInstance(Unknown Source)
	at com.browserstack.BrowserStackJavaAgent.b(Unknown Source)
	at com.browserstack.BrowserStackJavaAgent.a(Unknown Source)
	at com.browserstack.BrowserStackJavaAgent.premain(Unknown Source)
	at java.base/jdk.internal.reflect.NativeMethodAccessorImpl.invoke0(Native Method)
	at java.base/jdk.internal.reflect.NativeMethodAccessorImpl.invoke(NativeMethodAccessorImpl.java:77)
	at java.base/jdk.internal.reflect.DelegatingMethodAccessorImpl.invoke(DelegatingMethodAccessorImpl.java:43)
	at java.base/java.lang.reflect.Method.invoke(Method.java:568)
	at java.instrument/sun.instrument.InstrumentationImpl.loadClassAndStartAgent(InstrumentationImpl.java:491)
	at java.instrument/sun.instrument.InstrumentationImpl.loadClassAndCallPremain(InstrumentationImpl.java:503)

14:10:13.726 [main] INFO  c.browserstack.BrowserStackJavaAgent - Selenium version detected - 4.13.0
14:10:13.734 [main] INFO  c.browserstack.BrowserStackJavaAgent - Appium version detected - 8.6.0
14:10:14.261 [main] DEBUG c.b.config.BrowserStackConfig - Cli Config passed - {}
14:10:14.263 [main] INFO  c.browserstack.utils.UtilityMethods - BrowserStack Yml Detected : C:\browserstack.yml
14:10:14.263 [main] ERROR c.b.config.BrowserStackConfig - [Invalid Path] Config file does not exist at any parent directory of C:\Users\ftheofil\Projects\eu-digital-identity-walleteudi-doc-testing-application-internal. Please include a browserstack.yml/browserstack.yaml file containing configuration for tests.
14:10:14.265 [main] ERROR c.browserstack.BrowserStackJavaAgent - Something went wrong - java.lang.RuntimeException: [Invalid Path] Config file does not exist at any parent directory of C:\Users\ftheofil\Projects\eu-digital-identity-walleteudi-doc-testing-application-internal. Please include a browserstack.yml/browserstack.yaml file containing configuration for tests.
	at com.browserstack.config.BrowserStackConfig.a(Unknown Source)
	at com.browserstack.config.BrowserStackConfig.getInstance(Unknown Source)
	at com.browserstack.BrowserStackJavaAgent.b(Unknown Source)
	at com.browserstack.BrowserStackJavaAgent.a(Unknown Source)
	at com.browserstack.BrowserStackJavaAgent.premain(Unknown Source)
	at java.base/jdk.internal.reflect.NativeMethodAccessorImpl.invoke0(Native Method)
	at java.base/jdk.internal.reflect.NativeMethodAccessorImpl.invoke(NativeMethodAccessorImpl.java:77)
	at java.base/jdk.internal.reflect.DelegatingMethodAccessorImpl.invoke(DelegatingMethodAccessorImpl.java:43)
	at java.base/java.lang.reflect.Method.invoke(Method.java:568)
	at java.instrument/sun.instrument.InstrumentationImpl.loadClassAndStartAgent(InstrumentationImpl.java:491)
	at java.instrument/sun.instrument.InstrumentationImpl.loadClassAndCallPremain(InstrumentationImpl.java:503)

14:16:05.353 [main] INFO  c.browserstack.BrowserStackJavaAgent - Selenium version detected - 4.13.0
14:16:05.361 [main] INFO  c.browserstack.BrowserStackJavaAgent - Appium version detected - 8.6.0
14:16:05.860 [main] DEBUG c.b.config.BrowserStackConfig - Cli Config passed - {}
14:16:05.861 [main] INFO  c.browserstack.utils.UtilityMethods - BrowserStack Yml Detected : C:\browserstack.yml
14:16:05.862 [main] ERROR c.b.config.BrowserStackConfig - [Invalid Path] Config file does not exist at any parent directory of C:\Users\ftheofil\Projects\eu-digital-identity-walleteudi-doc-testing-application-internal. Please include a browserstack.yml/browserstack.yaml file containing configuration for tests.
14:16:05.863 [main] ERROR c.browserstack.BrowserStackJavaAgent - Something went wrong - java.lang.RuntimeException: [Invalid Path] Config file does not exist at any parent directory of C:\Users\ftheofil\Projects\eu-digital-identity-walleteudi-doc-testing-application-internal. Please include a browserstack.yml/browserstack.yaml file containing configuration for tests.
	at com.browserstack.config.BrowserStackConfig.a(Unknown Source)
	at com.browserstack.config.BrowserStackConfig.getInstance(Unknown Source)
	at com.browserstack.BrowserStackJavaAgent.b(Unknown Source)
	at com.browserstack.BrowserStackJavaAgent.a(Unknown Source)
	at com.browserstack.BrowserStackJavaAgent.premain(Unknown Source)
	at java.base/jdk.internal.reflect.NativeMethodAccessorImpl.invoke0(Native Method)
	at java.base/jdk.internal.reflect.NativeMethodAccessorImpl.invoke(NativeMethodAccessorImpl.java:77)
	at java.base/jdk.internal.reflect.DelegatingMethodAccessorImpl.invoke(DelegatingMethodAccessorImpl.java:43)
	at java.base/java.lang.reflect.Method.invoke(Method.java:568)
	at java.instrument/sun.instrument.InstrumentationImpl.loadClassAndStartAgent(InstrumentationImpl.java:491)
	at java.instrument/sun.instrument.InstrumentationImpl.loadClassAndCallPremain(InstrumentationImpl.java:503)

14:38:11.622 [main] INFO  c.browserstack.BrowserStackJavaAgent - Selenium version detected - 4.13.0
14:38:11.641 [main] INFO  c.browserstack.BrowserStackJavaAgent - Appium version detected - 8.6.0
14:38:12.183 [main] DEBUG c.b.config.BrowserStackConfig - Cli Config passed - {}
14:38:12.185 [main] INFO  c.browserstack.utils.UtilityMethods - BrowserStack Yml Detected : C:\browserstack.yml
14:38:12.185 [main] ERROR c.b.config.BrowserStackConfig - [Invalid Path] Config file does not exist at any parent directory of C:\Users\ftheofil\Projects\eu-digital-identity-walleteudi-doc-testing-application-internal. Please include a browserstack.yml/browserstack.yaml file containing configuration for tests.
14:38:12.187 [main] ERROR c.browserstack.BrowserStackJavaAgent - Something went wrong - java.lang.RuntimeException: [Invalid Path] Config file does not exist at any parent directory of C:\Users\ftheofil\Projects\eu-digital-identity-walleteudi-doc-testing-application-internal. Please include a browserstack.yml/browserstack.yaml file containing configuration for tests.
	at com.browserstack.config.BrowserStackConfig.a(Unknown Source)
	at com.browserstack.config.BrowserStackConfig.getInstance(Unknown Source)
	at com.browserstack.BrowserStackJavaAgent.b(Unknown Source)
	at com.browserstack.BrowserStackJavaAgent.a(Unknown Source)
	at com.browserstack.BrowserStackJavaAgent.premain(Unknown Source)
	at java.base/jdk.internal.reflect.NativeMethodAccessorImpl.invoke0(Native Method)
	at java.base/jdk.internal.reflect.NativeMethodAccessorImpl.invoke(NativeMethodAccessorImpl.java:77)
	at java.base/jdk.internal.reflect.DelegatingMethodAccessorImpl.invoke(DelegatingMethodAccessorImpl.java:43)
	at java.base/java.lang.reflect.Method.invoke(Method.java:568)
	at java.instrument/sun.instrument.InstrumentationImpl.loadClassAndStartAgent(InstrumentationImpl.java:491)
	at java.instrument/sun.instrument.InstrumentationImpl.loadClassAndCallPremain(InstrumentationImpl.java:503)

14:44:19.907 [main] INFO  c.browserstack.BrowserStackJavaAgent - Selenium version detected - 4.13.0
14:44:19.912 [main] INFO  c.browserstack.BrowserStackJavaAgent - Appium version detected - 8.6.0
14:44:20.571 [main] DEBUG c.b.config.BrowserStackConfig - Cli Config passed - {}
14:44:20.574 [main] INFO  c.browserstack.utils.UtilityMethods - BrowserStack Yml Detected : C:\browserstack.yml
14:44:20.574 [main] ERROR c.b.config.BrowserStackConfig - [Invalid Path] Config file does not exist at any parent directory of C:\Users\ftheofil\Projects\eu-digital-identity-walleteudi-doc-testing-application-internal. Please include a browserstack.yml/browserstack.yaml file containing configuration for tests.
14:44:20.576 [main] ERROR c.browserstack.BrowserStackJavaAgent - Something went wrong - java.lang.RuntimeException: [Invalid Path] Config file does not exist at any parent directory of C:\Users\ftheofil\Projects\eu-digital-identity-walleteudi-doc-testing-application-internal. Please include a browserstack.yml/browserstack.yaml file containing configuration for tests.
	at com.browserstack.config.BrowserStackConfig.a(Unknown Source)
	at com.browserstack.config.BrowserStackConfig.getInstance(Unknown Source)
	at com.browserstack.BrowserStackJavaAgent.b(Unknown Source)
	at com.browserstack.BrowserStackJavaAgent.a(Unknown Source)
	at com.browserstack.BrowserStackJavaAgent.premain(Unknown Source)
	at java.base/jdk.internal.reflect.NativeMethodAccessorImpl.invoke0(Native Method)
	at java.base/jdk.internal.reflect.NativeMethodAccessorImpl.invoke(NativeMethodAccessorImpl.java:77)
	at java.base/jdk.internal.reflect.DelegatingMethodAccessorImpl.invoke(DelegatingMethodAccessorImpl.java:43)
	at java.base/java.lang.reflect.Method.invoke(Method.java:568)
	at java.instrument/sun.instrument.InstrumentationImpl.loadClassAndStartAgent(InstrumentationImpl.java:491)
	at java.instrument/sun.instrument.InstrumentationImpl.loadClassAndCallPremain(InstrumentationImpl.java:503)

14:49:04.118 [main] INFO  c.browserstack.BrowserStackJavaAgent - Selenium version detected - 4.13.0
14:49:04.122 [main] INFO  c.browserstack.BrowserStackJavaAgent - Appium version detected - 8.6.0
14:49:04.346 [main] DEBUG c.b.config.BrowserStackConfig - Cli Config passed - {}
14:49:04.347 [main] INFO  c.browserstack.utils.UtilityMethods - BrowserStack Yml Detected : C:\browserstack.yml
14:49:04.347 [main] ERROR c.b.config.BrowserStackConfig - [Invalid Path] Config file does not exist at any parent directory of C:\Users\ftheofil\Projects\eu-digital-identity-walleteudi-doc-testing-application-internal. Please include a browserstack.yml/browserstack.yaml file containing configuration for tests.
14:49:04.348 [main] ERROR c.browserstack.BrowserStackJavaAgent - Something went wrong - java.lang.RuntimeException: [Invalid Path] Config file does not exist at any parent directory of C:\Users\ftheofil\Projects\eu-digital-identity-walleteudi-doc-testing-application-internal. Please include a browserstack.yml/browserstack.yaml file containing configuration for tests.
	at com.browserstack.config.BrowserStackConfig.a(Unknown Source)
	at com.browserstack.config.BrowserStackConfig.getInstance(Unknown Source)
	at com.browserstack.BrowserStackJavaAgent.b(Unknown Source)
	at com.browserstack.BrowserStackJavaAgent.a(Unknown Source)
	at com.browserstack.BrowserStackJavaAgent.premain(Unknown Source)
	at java.base/jdk.internal.reflect.NativeMethodAccessorImpl.invoke0(Native Method)
	at java.base/jdk.internal.reflect.NativeMethodAccessorImpl.invoke(NativeMethodAccessorImpl.java:77)
	at java.base/jdk.internal.reflect.DelegatingMethodAccessorImpl.invoke(DelegatingMethodAccessorImpl.java:43)
	at java.base/java.lang.reflect.Method.invoke(Method.java:568)
	at java.instrument/sun.instrument.InstrumentationImpl.loadClassAndStartAgent(InstrumentationImpl.java:491)
	at java.instrument/sun.instrument.InstrumentationImpl.loadClassAndCallPremain(InstrumentationImpl.java:503)

15:19:13.635 [main] INFO  c.browserstack.BrowserStackJavaAgent - Selenium version detected - 4.13.0
15:19:13.638 [main] INFO  c.browserstack.BrowserStackJavaAgent - Appium version detected - 8.6.0
15:19:13.997 [main] DEBUG c.b.config.BrowserStackConfig - Cli Config passed - {}
15:19:13.999 [main] INFO  c.browserstack.utils.UtilityMethods - BrowserStack Yml Detected : C:\browserstack.yml
15:19:13.999 [main] ERROR c.b.config.BrowserStackConfig - [Invalid Path] Config file does not exist at any parent directory of C:\Users\ftheofil\Projects\eu-digital-identity-walleteudi-doc-testing-application-internal. Please include a browserstack.yml/browserstack.yaml file containing configuration for tests.
15:19:14.000 [main] ERROR c.browserstack.BrowserStackJavaAgent - Something went wrong - java.lang.RuntimeException: [Invalid Path] Config file does not exist at any parent directory of C:\Users\ftheofil\Projects\eu-digital-identity-walleteudi-doc-testing-application-internal. Please include a browserstack.yml/browserstack.yaml file containing configuration for tests.
	at com.browserstack.config.BrowserStackConfig.a(Unknown Source)
	at com.browserstack.config.BrowserStackConfig.getInstance(Unknown Source)
	at com.browserstack.BrowserStackJavaAgent.b(Unknown Source)
	at com.browserstack.BrowserStackJavaAgent.a(Unknown Source)
	at com.browserstack.BrowserStackJavaAgent.premain(Unknown Source)
	at java.base/jdk.internal.reflect.NativeMethodAccessorImpl.invoke0(Native Method)
	at java.base/jdk.internal.reflect.NativeMethodAccessorImpl.invoke(NativeMethodAccessorImpl.java:77)
	at java.base/jdk.internal.reflect.DelegatingMethodAccessorImpl.invoke(DelegatingMethodAccessorImpl.java:43)
	at java.base/java.lang.reflect.Method.invoke(Method.java:568)
	at java.instrument/sun.instrument.InstrumentationImpl.loadClassAndStartAgent(InstrumentationImpl.java:491)
	at java.instrument/sun.instrument.InstrumentationImpl.loadClassAndCallPremain(InstrumentationImpl.java:503)

15:23:40.754 [main] INFO  c.browserstack.BrowserStackJavaAgent - Selenium version detected - 4.13.0
15:23:40.757 [main] INFO  c.browserstack.BrowserStackJavaAgent - Appium version detected - 8.6.0
15:23:41.001 [main] DEBUG c.b.config.BrowserStackConfig - Cli Config passed - {}
15:23:41.002 [main] INFO  c.browserstack.utils.UtilityMethods - BrowserStack Yml Detected : C:\browserstack.yml
15:23:41.002 [main] ERROR c.b.config.BrowserStackConfig - [Invalid Path] Config file does not exist at any parent directory of C:\Users\ftheofil\Projects\eu-digital-identity-walleteudi-doc-testing-application-internal. Please include a browserstack.yml/browserstack.yaml file containing configuration for tests.
15:23:41.003 [main] ERROR c.browserstack.BrowserStackJavaAgent - Something went wrong - java.lang.RuntimeException: [Invalid Path] Config file does not exist at any parent directory of C:\Users\ftheofil\Projects\eu-digital-identity-walleteudi-doc-testing-application-internal. Please include a browserstack.yml/browserstack.yaml file containing configuration for tests.
	at com.browserstack.config.BrowserStackConfig.a(Unknown Source)
	at com.browserstack.config.BrowserStackConfig.getInstance(Unknown Source)
	at com.browserstack.BrowserStackJavaAgent.b(Unknown Source)
	at com.browserstack.BrowserStackJavaAgent.a(Unknown Source)
	at com.browserstack.BrowserStackJavaAgent.premain(Unknown Source)
	at java.base/jdk.internal.reflect.NativeMethodAccessorImpl.invoke0(Native Method)
	at java.base/jdk.internal.reflect.NativeMethodAccessorImpl.invoke(NativeMethodAccessorImpl.java:77)
	at java.base/jdk.internal.reflect.DelegatingMethodAccessorImpl.invoke(DelegatingMethodAccessorImpl.java:43)
	at java.base/java.lang.reflect.Method.invoke(Method.java:568)
	at java.instrument/sun.instrument.InstrumentationImpl.loadClassAndStartAgent(InstrumentationImpl.java:491)
	at java.instrument/sun.instrument.InstrumentationImpl.loadClassAndCallPremain(InstrumentationImpl.java:503)

15:28:05.559 [main] INFO  c.browserstack.BrowserStackJavaAgent - Selenium version detected - 4.13.0
15:28:05.564 [main] INFO  c.browserstack.BrowserStackJavaAgent - Appium version detected - 8.6.0
15:28:05.908 [main] DEBUG c.b.config.BrowserStackConfig - Cli Config passed - {}
15:28:05.909 [main] INFO  c.browserstack.utils.UtilityMethods - BrowserStack Yml Detected : C:\browserstack.yml
15:28:05.910 [main] ERROR c.b.config.BrowserStackConfig - [Invalid Path] Config file does not exist at any parent directory of C:\Users\ftheofil\Projects\eu-digital-identity-walleteudi-doc-testing-application-internal. Please include a browserstack.yml/browserstack.yaml file containing configuration for tests.
15:28:05.911 [main] ERROR c.browserstack.BrowserStackJavaAgent - Something went wrong - java.lang.RuntimeException: [Invalid Path] Config file does not exist at any parent directory of C:\Users\ftheofil\Projects\eu-digital-identity-walleteudi-doc-testing-application-internal. Please include a browserstack.yml/browserstack.yaml file containing configuration for tests.
	at com.browserstack.config.BrowserStackConfig.a(Unknown Source)
	at com.browserstack.config.BrowserStackConfig.getInstance(Unknown Source)
	at com.browserstack.BrowserStackJavaAgent.b(Unknown Source)
	at com.browserstack.BrowserStackJavaAgent.a(Unknown Source)
	at com.browserstack.BrowserStackJavaAgent.premain(Unknown Source)
	at java.base/jdk.internal.reflect.NativeMethodAccessorImpl.invoke0(Native Method)
	at java.base/jdk.internal.reflect.NativeMethodAccessorImpl.invoke(NativeMethodAccessorImpl.java:77)
	at java.base/jdk.internal.reflect.DelegatingMethodAccessorImpl.invoke(DelegatingMethodAccessorImpl.java:43)
	at java.base/java.lang.reflect.Method.invoke(Method.java:568)
	at java.instrument/sun.instrument.InstrumentationImpl.loadClassAndStartAgent(InstrumentationImpl.java:491)
	at java.instrument/sun.instrument.InstrumentationImpl.loadClassAndCallPremain(InstrumentationImpl.java:503)

15:33:19.639 [main] INFO  c.browserstack.BrowserStackJavaAgent - Selenium version detected - 4.13.0
15:33:19.645 [main] INFO  c.browserstack.BrowserStackJavaAgent - Appium version detected - 8.6.0
15:33:19.907 [main] DEBUG c.b.config.BrowserStackConfig - Cli Config passed - {}
15:33:19.908 [main] INFO  c.browserstack.utils.UtilityMethods - BrowserStack Yml Detected : C:\browserstack.yml
15:33:19.908 [main] ERROR c.b.config.BrowserStackConfig - [Invalid Path] Config file does not exist at any parent directory of C:\Users\ftheofil\Projects\eu-digital-identity-walleteudi-doc-testing-application-internal. Please include a browserstack.yml/browserstack.yaml file containing configuration for tests.
15:33:19.909 [main] ERROR c.browserstack.BrowserStackJavaAgent - Something went wrong - java.lang.RuntimeException: [Invalid Path] Config file does not exist at any parent directory of C:\Users\ftheofil\Projects\eu-digital-identity-walleteudi-doc-testing-application-internal. Please include a browserstack.yml/browserstack.yaml file containing configuration for tests.
	at com.browserstack.config.BrowserStackConfig.a(Unknown Source)
	at com.browserstack.config.BrowserStackConfig.getInstance(Unknown Source)
	at com.browserstack.BrowserStackJavaAgent.b(Unknown Source)
	at com.browserstack.BrowserStackJavaAgent.a(Unknown Source)
	at com.browserstack.BrowserStackJavaAgent.premain(Unknown Source)
	at java.base/jdk.internal.reflect.NativeMethodAccessorImpl.invoke0(Native Method)
	at java.base/jdk.internal.reflect.NativeMethodAccessorImpl.invoke(NativeMethodAccessorImpl.java:77)
	at java.base/jdk.internal.reflect.DelegatingMethodAccessorImpl.invoke(DelegatingMethodAccessorImpl.java:43)
	at java.base/java.lang.reflect.Method.invoke(Method.java:568)
	at java.instrument/sun.instrument.InstrumentationImpl.loadClassAndStartAgent(InstrumentationImpl.java:491)
	at java.instrument/sun.instrument.InstrumentationImpl.loadClassAndCallPremain(InstrumentationImpl.java:503)

15:39:38.372 [main] INFO  c.browserstack.BrowserStackJavaAgent - Selenium version detected - 4.13.0
15:39:38.379 [main] INFO  c.browserstack.BrowserStackJavaAgent - Appium version detected - 8.6.0
15:39:38.961 [main] DEBUG c.b.config.BrowserStackConfig - Cli Config passed - {}
15:39:38.963 [main] INFO  c.browserstack.utils.UtilityMethods - BrowserStack Yml Detected : C:\browserstack.yml
15:39:38.963 [main] ERROR c.b.config.BrowserStackConfig - [Invalid Path] Config file does not exist at any parent directory of C:\Users\ftheofil\Projects\eu-digital-identity-walleteudi-doc-testing-application-internal. Please include a browserstack.yml/browserstack.yaml file containing configuration for tests.
15:39:38.966 [main] ERROR c.browserstack.BrowserStackJavaAgent - Something went wrong - java.lang.RuntimeException: [Invalid Path] Config file does not exist at any parent directory of C:\Users\ftheofil\Projects\eu-digital-identity-walleteudi-doc-testing-application-internal. Please include a browserstack.yml/browserstack.yaml file containing configuration for tests.
	at com.browserstack.config.BrowserStackConfig.a(Unknown Source)
	at com.browserstack.config.BrowserStackConfig.getInstance(Unknown Source)
	at com.browserstack.BrowserStackJavaAgent.b(Unknown Source)
	at com.browserstack.BrowserStackJavaAgent.a(Unknown Source)
	at com.browserstack.BrowserStackJavaAgent.premain(Unknown Source)
	at java.base/jdk.internal.reflect.NativeMethodAccessorImpl.invoke0(Native Method)
	at java.base/jdk.internal.reflect.NativeMethodAccessorImpl.invoke(NativeMethodAccessorImpl.java:77)
	at java.base/jdk.internal.reflect.DelegatingMethodAccessorImpl.invoke(DelegatingMethodAccessorImpl.java:43)
	at java.base/java.lang.reflect.Method.invoke(Method.java:568)
	at java.instrument/sun.instrument.InstrumentationImpl.loadClassAndStartAgent(InstrumentationImpl.java:491)
	at java.instrument/sun.instrument.InstrumentationImpl.loadClassAndCallPremain(InstrumentationImpl.java:503)

15:42:28.944 [main] INFO  c.browserstack.BrowserStackJavaAgent - Selenium version detected - 4.13.0
15:42:28.952 [main] INFO  c.browserstack.BrowserStackJavaAgent - Appium version detected - 8.6.0
15:42:29.513 [main] DEBUG c.b.config.BrowserStackConfig - Cli Config passed - {}
15:42:29.517 [main] INFO  c.browserstack.utils.UtilityMethods - BrowserStack Yml Detected : C:\browserstack.yml
15:42:29.517 [main] ERROR c.b.config.BrowserStackConfig - [Invalid Path] Config file does not exist at any parent directory of C:\Users\ftheofil\Projects\eu-digital-identity-walleteudi-doc-testing-application-internal. Please include a browserstack.yml/browserstack.yaml file containing configuration for tests.
15:42:29.519 [main] ERROR c.browserstack.BrowserStackJavaAgent - Something went wrong - java.lang.RuntimeException: [Invalid Path] Config file does not exist at any parent directory of C:\Users\ftheofil\Projects\eu-digital-identity-walleteudi-doc-testing-application-internal. Please include a browserstack.yml/browserstack.yaml file containing configuration for tests.
	at com.browserstack.config.BrowserStackConfig.a(Unknown Source)
	at com.browserstack.config.BrowserStackConfig.getInstance(Unknown Source)
	at com.browserstack.BrowserStackJavaAgent.b(Unknown Source)
	at com.browserstack.BrowserStackJavaAgent.a(Unknown Source)
	at com.browserstack.BrowserStackJavaAgent.premain(Unknown Source)
	at java.base/jdk.internal.reflect.NativeMethodAccessorImpl.invoke0(Native Method)
	at java.base/jdk.internal.reflect.NativeMethodAccessorImpl.invoke(NativeMethodAccessorImpl.java:77)
	at java.base/jdk.internal.reflect.DelegatingMethodAccessorImpl.invoke(DelegatingMethodAccessorImpl.java:43)
	at java.base/java.lang.reflect.Method.invoke(Method.java:568)
	at java.instrument/sun.instrument.InstrumentationImpl.loadClassAndStartAgent(InstrumentationImpl.java:491)
	at java.instrument/sun.instrument.InstrumentationImpl.loadClassAndCallPremain(InstrumentationImpl.java:503)

15:47:25.249 [main] INFO  c.browserstack.BrowserStackJavaAgent - Selenium version detected - 4.13.0
15:47:25.254 [main] INFO  c.browserstack.BrowserStackJavaAgent - Appium version detected - 8.6.0
15:47:25.677 [main] DEBUG c.b.config.BrowserStackConfig - Cli Config passed - {}
15:47:25.680 [main] INFO  c.browserstack.utils.UtilityMethods - BrowserStack Yml Detected : C:\browserstack.yml
15:47:25.680 [main] ERROR c.b.config.BrowserStackConfig - [Invalid Path] Config file does not exist at any parent directory of C:\Users\ftheofil\Projects\eu-digital-identity-walleteudi-doc-testing-application-internal. Please include a browserstack.yml/browserstack.yaml file containing configuration for tests.
15:47:25.680 [main] ERROR c.browserstack.BrowserStackJavaAgent - Something went wrong - java.lang.RuntimeException: [Invalid Path] Config file does not exist at any parent directory of C:\Users\ftheofil\Projects\eu-digital-identity-walleteudi-doc-testing-application-internal. Please include a browserstack.yml/browserstack.yaml file containing configuration for tests.
	at com.browserstack.config.BrowserStackConfig.a(Unknown Source)
	at com.browserstack.config.BrowserStackConfig.getInstance(Unknown Source)
	at com.browserstack.BrowserStackJavaAgent.b(Unknown Source)
	at com.browserstack.BrowserStackJavaAgent.a(Unknown Source)
	at com.browserstack.BrowserStackJavaAgent.premain(Unknown Source)
	at java.base/jdk.internal.reflect.NativeMethodAccessorImpl.invoke0(Native Method)
	at java.base/jdk.internal.reflect.NativeMethodAccessorImpl.invoke(NativeMethodAccessorImpl.java:77)
	at java.base/jdk.internal.reflect.DelegatingMethodAccessorImpl.invoke(DelegatingMethodAccessorImpl.java:43)
	at java.base/java.lang.reflect.Method.invoke(Method.java:568)
	at java.instrument/sun.instrument.InstrumentationImpl.loadClassAndStartAgent(InstrumentationImpl.java:491)
	at java.instrument/sun.instrument.InstrumentationImpl.loadClassAndCallPremain(InstrumentationImpl.java:503)

15:56:08.175 [main] INFO  c.browserstack.BrowserStackJavaAgent - Selenium version detected - 4.13.0
15:56:08.179 [main] INFO  c.browserstack.BrowserStackJavaAgent - Appium version detected - 8.6.0
15:56:08.614 [main] DEBUG c.b.config.BrowserStackConfig - Cli Config passed - {}
15:56:08.615 [main] INFO  c.browserstack.utils.UtilityMethods - BrowserStack Yml Detected : C:\browserstack.yml
15:56:08.615 [main] ERROR c.b.config.BrowserStackConfig - [Invalid Path] Config file does not exist at any parent directory of C:\Users\ftheofil\Projects\eu-digital-identity-walleteudi-doc-testing-application-internal. Please include a browserstack.yml/browserstack.yaml file containing configuration for tests.
15:56:08.616 [main] ERROR c.browserstack.BrowserStackJavaAgent - Something went wrong - java.lang.RuntimeException: [Invalid Path] Config file does not exist at any parent directory of C:\Users\ftheofil\Projects\eu-digital-identity-walleteudi-doc-testing-application-internal. Please include a browserstack.yml/browserstack.yaml file containing configuration for tests.
	at com.browserstack.config.BrowserStackConfig.a(Unknown Source)
	at com.browserstack.config.BrowserStackConfig.getInstance(Unknown Source)
	at com.browserstack.BrowserStackJavaAgent.b(Unknown Source)
	at com.browserstack.BrowserStackJavaAgent.a(Unknown Source)
	at com.browserstack.BrowserStackJavaAgent.premain(Unknown Source)
	at java.base/jdk.internal.reflect.NativeMethodAccessorImpl.invoke0(Native Method)
	at java.base/jdk.internal.reflect.NativeMethodAccessorImpl.invoke(NativeMethodAccessorImpl.java:77)
	at java.base/jdk.internal.reflect.DelegatingMethodAccessorImpl.invoke(DelegatingMethodAccessorImpl.java:43)
	at java.base/java.lang.reflect.Method.invoke(Method.java:568)
	at java.instrument/sun.instrument.InstrumentationImpl.loadClassAndStartAgent(InstrumentationImpl.java:491)
	at java.instrument/sun.instrument.InstrumentationImpl.loadClassAndCallPremain(InstrumentationImpl.java:503)

16:00:32.386 [main] INFO  c.browserstack.BrowserStackJavaAgent - Selenium version detected - 4.13.0
16:00:32.389 [main] INFO  c.browserstack.BrowserStackJavaAgent - Appium version detected - 8.6.0
16:00:32.606 [main] DEBUG c.b.config.BrowserStackConfig - Cli Config passed - {}
16:00:32.607 [main] INFO  c.browserstack.utils.UtilityMethods - BrowserStack Yml Detected : C:\browserstack.yml
16:00:32.607 [main] ERROR c.b.config.BrowserStackConfig - [Invalid Path] Config file does not exist at any parent directory of C:\Users\ftheofil\Projects\eu-digital-identity-walleteudi-doc-testing-application-internal. Please include a browserstack.yml/browserstack.yaml file containing configuration for tests.
16:00:32.608 [main] ERROR c.browserstack.BrowserStackJavaAgent - Something went wrong - java.lang.RuntimeException: [Invalid Path] Config file does not exist at any parent directory of C:\Users\ftheofil\Projects\eu-digital-identity-walleteudi-doc-testing-application-internal. Please include a browserstack.yml/browserstack.yaml file containing configuration for tests.
	at com.browserstack.config.BrowserStackConfig.a(Unknown Source)
	at com.browserstack.config.BrowserStackConfig.getInstance(Unknown Source)
	at com.browserstack.BrowserStackJavaAgent.b(Unknown Source)
	at com.browserstack.BrowserStackJavaAgent.a(Unknown Source)
	at com.browserstack.BrowserStackJavaAgent.premain(Unknown Source)
	at java.base/jdk.internal.reflect.NativeMethodAccessorImpl.invoke0(Native Method)
	at java.base/jdk.internal.reflect.NativeMethodAccessorImpl.invoke(NativeMethodAccessorImpl.java:77)
	at java.base/jdk.internal.reflect.DelegatingMethodAccessorImpl.invoke(DelegatingMethodAccessorImpl.java:43)
	at java.base/java.lang.reflect.Method.invoke(Method.java:568)
	at java.instrument/sun.instrument.InstrumentationImpl.loadClassAndStartAgent(InstrumentationImpl.java:491)
	at java.instrument/sun.instrument.InstrumentationImpl.loadClassAndCallPremain(InstrumentationImpl.java:503)

16:16:19.732 [main] INFO  c.browserstack.BrowserStackJavaAgent - Selenium version detected - 4.13.0
16:16:19.735 [main] INFO  c.browserstack.BrowserStackJavaAgent - Appium version detected - 8.6.0
16:16:19.939 [main] DEBUG c.b.config.BrowserStackConfig - Cli Config passed - {}
16:16:19.941 [main] INFO  c.browserstack.utils.UtilityMethods - BrowserStack Yml Detected : C:\browserstack.yml
16:16:19.941 [main] ERROR c.b.config.BrowserStackConfig - [Invalid Path] Config file does not exist at any parent directory of C:\Users\ftheofil\Projects\eu-digital-identity-walleteudi-doc-testing-application-internal. Please include a browserstack.yml/browserstack.yaml file containing configuration for tests.
16:16:19.942 [main] ERROR c.browserstack.BrowserStackJavaAgent - Something went wrong - java.lang.RuntimeException: [Invalid Path] Config file does not exist at any parent directory of C:\Users\ftheofil\Projects\eu-digital-identity-walleteudi-doc-testing-application-internal. Please include a browserstack.yml/browserstack.yaml file containing configuration for tests.
	at com.browserstack.config.BrowserStackConfig.a(Unknown Source)
	at com.browserstack.config.BrowserStackConfig.getInstance(Unknown Source)
	at com.browserstack.BrowserStackJavaAgent.b(Unknown Source)
	at com.browserstack.BrowserStackJavaAgent.a(Unknown Source)
	at com.browserstack.BrowserStackJavaAgent.premain(Unknown Source)
	at java.base/jdk.internal.reflect.NativeMethodAccessorImpl.invoke0(Native Method)
	at java.base/jdk.internal.reflect.NativeMethodAccessorImpl.invoke(NativeMethodAccessorImpl.java:77)
	at java.base/jdk.internal.reflect.DelegatingMethodAccessorImpl.invoke(DelegatingMethodAccessorImpl.java:43)
	at java.base/java.lang.reflect.Method.invoke(Method.java:568)
	at java.instrument/sun.instrument.InstrumentationImpl.loadClassAndStartAgent(InstrumentationImpl.java:491)
	at java.instrument/sun.instrument.InstrumentationImpl.loadClassAndCallPremain(InstrumentationImpl.java:503)

16:20:57.176 [main] INFO  c.browserstack.BrowserStackJavaAgent - Selenium version detected - 4.13.0
16:20:57.182 [main] INFO  c.browserstack.BrowserStackJavaAgent - Appium version detected - 8.6.0
16:20:57.890 [main] DEBUG c.b.config.BrowserStackConfig - Cli Config passed - {}
16:20:57.892 [main] INFO  c.browserstack.utils.UtilityMethods - BrowserStack Yml Detected : C:\browserstack.yml
16:20:57.893 [main] ERROR c.b.config.BrowserStackConfig - [Invalid Path] Config file does not exist at any parent directory of C:\Users\ftheofil\Projects\eu-digital-identity-walleteudi-doc-testing-application-internal. Please include a browserstack.yml/browserstack.yaml file containing configuration for tests.
16:20:57.894 [main] ERROR c.browserstack.BrowserStackJavaAgent - Something went wrong - java.lang.RuntimeException: [Invalid Path] Config file does not exist at any parent directory of C:\Users\ftheofil\Projects\eu-digital-identity-walleteudi-doc-testing-application-internal. Please include a browserstack.yml/browserstack.yaml file containing configuration for tests.
	at com.browserstack.config.BrowserStackConfig.a(Unknown Source)
	at com.browserstack.config.BrowserStackConfig.getInstance(Unknown Source)
	at com.browserstack.BrowserStackJavaAgent.b(Unknown Source)
	at com.browserstack.BrowserStackJavaAgent.a(Unknown Source)
	at com.browserstack.BrowserStackJavaAgent.premain(Unknown Source)
	at java.base/jdk.internal.reflect.NativeMethodAccessorImpl.invoke0(Native Method)
	at java.base/jdk.internal.reflect.NativeMethodAccessorImpl.invoke(NativeMethodAccessorImpl.java:77)
	at java.base/jdk.internal.reflect.DelegatingMethodAccessorImpl.invoke(DelegatingMethodAccessorImpl.java:43)
	at java.base/java.lang.reflect.Method.invoke(Method.java:568)
	at java.instrument/sun.instrument.InstrumentationImpl.loadClassAndStartAgent(InstrumentationImpl.java:491)
	at java.instrument/sun.instrument.InstrumentationImpl.loadClassAndCallPremain(InstrumentationImpl.java:503)

16:25:26.037 [main] INFO  c.browserstack.BrowserStackJavaAgent - Selenium version detected - 4.13.0
16:25:26.040 [main] INFO  c.browserstack.BrowserStackJavaAgent - Appium version detected - 8.6.0
16:25:26.257 [main] DEBUG c.b.config.BrowserStackConfig - Cli Config passed - {}
16:25:26.258 [main] INFO  c.browserstack.utils.UtilityMethods - BrowserStack Yml Detected : C:\browserstack.yml
16:25:26.258 [main] ERROR c.b.config.BrowserStackConfig - [Invalid Path] Config file does not exist at any parent directory of C:\Users\ftheofil\Projects\eu-digital-identity-walleteudi-doc-testing-application-internal. Please include a browserstack.yml/browserstack.yaml file containing configuration for tests.
16:25:26.259 [main] ERROR c.browserstack.BrowserStackJavaAgent - Something went wrong - java.lang.RuntimeException: [Invalid Path] Config file does not exist at any parent directory of C:\Users\ftheofil\Projects\eu-digital-identity-walleteudi-doc-testing-application-internal. Please include a browserstack.yml/browserstack.yaml file containing configuration for tests.
	at com.browserstack.config.BrowserStackConfig.a(Unknown Source)
	at com.browserstack.config.BrowserStackConfig.getInstance(Unknown Source)
	at com.browserstack.BrowserStackJavaAgent.b(Unknown Source)
	at com.browserstack.BrowserStackJavaAgent.a(Unknown Source)
	at com.browserstack.BrowserStackJavaAgent.premain(Unknown Source)
	at java.base/jdk.internal.reflect.NativeMethodAccessorImpl.invoke0(Native Method)
	at java.base/jdk.internal.reflect.NativeMethodAccessorImpl.invoke(NativeMethodAccessorImpl.java:77)
	at java.base/jdk.internal.reflect.DelegatingMethodAccessorImpl.invoke(DelegatingMethodAccessorImpl.java:43)
	at java.base/java.lang.reflect.Method.invoke(Method.java:568)
	at java.instrument/sun.instrument.InstrumentationImpl.loadClassAndStartAgent(InstrumentationImpl.java:491)
	at java.instrument/sun.instrument.InstrumentationImpl.loadClassAndCallPremain(InstrumentationImpl.java:503)

16:30:01.356 [main] INFO  c.browserstack.BrowserStackJavaAgent - Selenium version detected - 4.13.0
16:30:01.362 [main] INFO  c.browserstack.BrowserStackJavaAgent - Appium version detected - 8.6.0
16:30:01.715 [main] DEBUG c.b.config.BrowserStackConfig - Cli Config passed - {}
16:30:01.716 [main] INFO  c.browserstack.utils.UtilityMethods - BrowserStack Yml Detected : C:\browserstack.yml
16:30:01.717 [main] ERROR c.b.config.BrowserStackConfig - [Invalid Path] Config file does not exist at any parent directory of C:\Users\ftheofil\Projects\eu-digital-identity-walleteudi-doc-testing-application-internal. Please include a browserstack.yml/browserstack.yaml file containing configuration for tests.
16:30:01.718 [main] ERROR c.browserstack.BrowserStackJavaAgent - Something went wrong - java.lang.RuntimeException: [Invalid Path] Config file does not exist at any parent directory of C:\Users\ftheofil\Projects\eu-digital-identity-walleteudi-doc-testing-application-internal. Please include a browserstack.yml/browserstack.yaml file containing configuration for tests.
	at com.browserstack.config.BrowserStackConfig.a(Unknown Source)
	at com.browserstack.config.BrowserStackConfig.getInstance(Unknown Source)
	at com.browserstack.BrowserStackJavaAgent.b(Unknown Source)
	at com.browserstack.BrowserStackJavaAgent.a(Unknown Source)
	at com.browserstack.BrowserStackJavaAgent.premain(Unknown Source)
	at java.base/jdk.internal.reflect.NativeMethodAccessorImpl.invoke0(Native Method)
	at java.base/jdk.internal.reflect.NativeMethodAccessorImpl.invoke(NativeMethodAccessorImpl.java:77)
	at java.base/jdk.internal.reflect.DelegatingMethodAccessorImpl.invoke(DelegatingMethodAccessorImpl.java:43)
	at java.base/java.lang.reflect.Method.invoke(Method.java:568)
	at java.instrument/sun.instrument.InstrumentationImpl.loadClassAndStartAgent(InstrumentationImpl.java:491)
	at java.instrument/sun.instrument.InstrumentationImpl.loadClassAndCallPremain(InstrumentationImpl.java:503)

16:34:01.153 [main] INFO  c.browserstack.BrowserStackJavaAgent - Selenium version detected - 4.13.0
16:34:01.157 [main] INFO  c.browserstack.BrowserStackJavaAgent - Appium version detected - 8.6.0
16:34:01.846 [main] DEBUG c.b.config.BrowserStackConfig - Cli Config passed - {}
16:34:01.847 [main] INFO  c.browserstack.utils.UtilityMethods - BrowserStack Yml Detected : C:\browserstack.yml
16:34:01.847 [main] ERROR c.b.config.BrowserStackConfig - [Invalid Path] Config file does not exist at any parent directory of C:\Users\ftheofil\Projects\eu-digital-identity-walleteudi-doc-testing-application-internal. Please include a browserstack.yml/browserstack.yaml file containing configuration for tests.
16:34:01.848 [main] ERROR c.browserstack.BrowserStackJavaAgent - Something went wrong - java.lang.RuntimeException: [Invalid Path] Config file does not exist at any parent directory of C:\Users\ftheofil\Projects\eu-digital-identity-walleteudi-doc-testing-application-internal. Please include a browserstack.yml/browserstack.yaml file containing configuration for tests.
	at com.browserstack.config.BrowserStackConfig.a(Unknown Source)
	at com.browserstack.config.BrowserStackConfig.getInstance(Unknown Source)
	at com.browserstack.BrowserStackJavaAgent.b(Unknown Source)
	at com.browserstack.BrowserStackJavaAgent.a(Unknown Source)
	at com.browserstack.BrowserStackJavaAgent.premain(Unknown Source)
	at java.base/jdk.internal.reflect.NativeMethodAccessorImpl.invoke0(Native Method)
	at java.base/jdk.internal.reflect.NativeMethodAccessorImpl.invoke(NativeMethodAccessorImpl.java:77)
	at java.base/jdk.internal.reflect.DelegatingMethodAccessorImpl.invoke(DelegatingMethodAccessorImpl.java:43)
	at java.base/java.lang.reflect.Method.invoke(Method.java:568)
	at java.instrument/sun.instrument.InstrumentationImpl.loadClassAndStartAgent(InstrumentationImpl.java:491)
	at java.instrument/sun.instrument.InstrumentationImpl.loadClassAndCallPremain(InstrumentationImpl.java:503)

16:37:50.758 [main] INFO  c.browserstack.BrowserStackJavaAgent - Selenium version detected - 4.13.0
16:37:50.762 [main] INFO  c.browserstack.BrowserStackJavaAgent - Appium version detected - 8.6.0
16:37:51.062 [main] DEBUG c.b.config.BrowserStackConfig - Cli Config passed - {}
16:37:51.064 [main] INFO  c.browserstack.utils.UtilityMethods - BrowserStack Yml Detected : C:\browserstack.yml
16:37:51.064 [main] ERROR c.b.config.BrowserStackConfig - [Invalid Path] Config file does not exist at any parent directory of C:\Users\ftheofil\Projects\eu-digital-identity-walleteudi-doc-testing-application-internal. Please include a browserstack.yml/browserstack.yaml file containing configuration for tests.
16:37:51.064 [main] ERROR c.browserstack.BrowserStackJavaAgent - Something went wrong - java.lang.RuntimeException: [Invalid Path] Config file does not exist at any parent directory of C:\Users\ftheofil\Projects\eu-digital-identity-walleteudi-doc-testing-application-internal. Please include a browserstack.yml/browserstack.yaml file containing configuration for tests.
	at com.browserstack.config.BrowserStackConfig.a(Unknown Source)
	at com.browserstack.config.BrowserStackConfig.getInstance(Unknown Source)
	at com.browserstack.BrowserStackJavaAgent.b(Unknown Source)
	at com.browserstack.BrowserStackJavaAgent.a(Unknown Source)
	at com.browserstack.BrowserStackJavaAgent.premain(Unknown Source)
	at java.base/jdk.internal.reflect.NativeMethodAccessorImpl.invoke0(Native Method)
	at java.base/jdk.internal.reflect.NativeMethodAccessorImpl.invoke(NativeMethodAccessorImpl.java:77)
	at java.base/jdk.internal.reflect.DelegatingMethodAccessorImpl.invoke(DelegatingMethodAccessorImpl.java:43)
	at java.base/java.lang.reflect.Method.invoke(Method.java:568)
	at java.instrument/sun.instrument.InstrumentationImpl.loadClassAndStartAgent(InstrumentationImpl.java:491)
	at java.instrument/sun.instrument.InstrumentationImpl.loadClassAndCallPremain(InstrumentationImpl.java:503)

16:41:58.351 [main] INFO  c.browserstack.BrowserStackJavaAgent - Selenium version detected - 4.13.0
16:41:58.355 [main] INFO  c.browserstack.BrowserStackJavaAgent - Appium version detected - 8.6.0
16:41:58.604 [main] DEBUG c.b.config.BrowserStackConfig - Cli Config passed - {}
16:41:58.605 [main] INFO  c.browserstack.utils.UtilityMethods - BrowserStack Yml Detected : C:\browserstack.yml
16:41:58.605 [main] ERROR c.b.config.BrowserStackConfig - [Invalid Path] Config file does not exist at any parent directory of C:\Users\ftheofil\Projects\eu-digital-identity-walleteudi-doc-testing-application-internal. Please include a browserstack.yml/browserstack.yaml file containing configuration for tests.
16:41:58.606 [main] ERROR c.browserstack.BrowserStackJavaAgent - Something went wrong - java.lang.RuntimeException: [Invalid Path] Config file does not exist at any parent directory of C:\Users\ftheofil\Projects\eu-digital-identity-walleteudi-doc-testing-application-internal. Please include a browserstack.yml/browserstack.yaml file containing configuration for tests.
	at com.browserstack.config.BrowserStackConfig.a(Unknown Source)
	at com.browserstack.config.BrowserStackConfig.getInstance(Unknown Source)
	at com.browserstack.BrowserStackJavaAgent.b(Unknown Source)
	at com.browserstack.BrowserStackJavaAgent.a(Unknown Source)
	at com.browserstack.BrowserStackJavaAgent.premain(Unknown Source)
	at java.base/jdk.internal.reflect.NativeMethodAccessorImpl.invoke0(Native Method)
	at java.base/jdk.internal.reflect.NativeMethodAccessorImpl.invoke(NativeMethodAccessorImpl.java:77)
	at java.base/jdk.internal.reflect.DelegatingMethodAccessorImpl.invoke(DelegatingMethodAccessorImpl.java:43)
	at java.base/java.lang.reflect.Method.invoke(Method.java:568)
	at java.instrument/sun.instrument.InstrumentationImpl.loadClassAndStartAgent(InstrumentationImpl.java:491)
	at java.instrument/sun.instrument.InstrumentationImpl.loadClassAndCallPremain(InstrumentationImpl.java:503)

16:52:55.224 [main] INFO  c.browserstack.BrowserStackJavaAgent - Selenium version detected - 4.13.0
16:52:55.228 [main] INFO  c.browserstack.BrowserStackJavaAgent - Appium version detected - 8.6.0
16:52:55.491 [main] DEBUG c.b.config.BrowserStackConfig - Cli Config passed - {}
16:52:55.492 [main] INFO  c.browserstack.utils.UtilityMethods - BrowserStack Yml Detected : C:\browserstack.yml
16:52:55.492 [main] ERROR c.b.config.BrowserStackConfig - [Invalid Path] Config file does not exist at any parent directory of C:\Users\ftheofil\Projects\eu-digital-identity-walleteudi-doc-testing-application-internal. Please include a browserstack.yml/browserstack.yaml file containing configuration for tests.
16:52:55.494 [main] ERROR c.browserstack.BrowserStackJavaAgent - Something went wrong - java.lang.RuntimeException: [Invalid Path] Config file does not exist at any parent directory of C:\Users\ftheofil\Projects\eu-digital-identity-walleteudi-doc-testing-application-internal. Please include a browserstack.yml/browserstack.yaml file containing configuration for tests.
	at com.browserstack.config.BrowserStackConfig.a(Unknown Source)
	at com.browserstack.config.BrowserStackConfig.getInstance(Unknown Source)
	at com.browserstack.BrowserStackJavaAgent.b(Unknown Source)
	at com.browserstack.BrowserStackJavaAgent.a(Unknown Source)
	at com.browserstack.BrowserStackJavaAgent.premain(Unknown Source)
	at java.base/jdk.internal.reflect.NativeMethodAccessorImpl.invoke0(Native Method)
	at java.base/jdk.internal.reflect.NativeMethodAccessorImpl.invoke(NativeMethodAccessorImpl.java:77)
	at java.base/jdk.internal.reflect.DelegatingMethodAccessorImpl.invoke(DelegatingMethodAccessorImpl.java:43)
	at java.base/java.lang.reflect.Method.invoke(Method.java:568)
	at java.instrument/sun.instrument.InstrumentationImpl.loadClassAndStartAgent(InstrumentationImpl.java:491)
	at java.instrument/sun.instrument.InstrumentationImpl.loadClassAndCallPremain(InstrumentationImpl.java:503)

17:00:29.114 [main] INFO  c.browserstack.BrowserStackJavaAgent - Selenium version detected - 4.13.0
17:00:29.119 [main] INFO  c.browserstack.BrowserStackJavaAgent - Appium version detected - 8.6.0
17:00:29.446 [main] DEBUG c.b.config.BrowserStackConfig - Cli Config passed - {}
17:00:29.447 [main] INFO  c.browserstack.utils.UtilityMethods - BrowserStack Yml Detected : C:\browserstack.yml
17:00:29.447 [main] ERROR c.b.config.BrowserStackConfig - [Invalid Path] Config file does not exist at any parent directory of C:\Users\ftheofil\Projects\eu-digital-identity-walleteudi-doc-testing-application-internal. Please include a browserstack.yml/browserstack.yaml file containing configuration for tests.
17:00:29.449 [main] ERROR c.browserstack.BrowserStackJavaAgent - Something went wrong - java.lang.RuntimeException: [Invalid Path] Config file does not exist at any parent directory of C:\Users\ftheofil\Projects\eu-digital-identity-walleteudi-doc-testing-application-internal. Please include a browserstack.yml/browserstack.yaml file containing configuration for tests.
	at com.browserstack.config.BrowserStackConfig.a(Unknown Source)
	at com.browserstack.config.BrowserStackConfig.getInstance(Unknown Source)
	at com.browserstack.BrowserStackJavaAgent.b(Unknown Source)
	at com.browserstack.BrowserStackJavaAgent.a(Unknown Source)
	at com.browserstack.BrowserStackJavaAgent.premain(Unknown Source)
	at java.base/jdk.internal.reflect.NativeMethodAccessorImpl.invoke0(Native Method)
	at java.base/jdk.internal.reflect.NativeMethodAccessorImpl.invoke(NativeMethodAccessorImpl.java:77)
	at java.base/jdk.internal.reflect.DelegatingMethodAccessorImpl.invoke(DelegatingMethodAccessorImpl.java:43)
	at java.base/java.lang.reflect.Method.invoke(Method.java:568)
	at java.instrument/sun.instrument.InstrumentationImpl.loadClassAndStartAgent(InstrumentationImpl.java:491)
	at java.instrument/sun.instrument.InstrumentationImpl.loadClassAndCallPremain(InstrumentationImpl.java:503)

17:05:37.501 [main] INFO  c.browserstack.BrowserStackJavaAgent - Selenium version detected - 4.13.0
17:05:37.504 [main] INFO  c.browserstack.BrowserStackJavaAgent - Appium version detected - 8.6.0
17:05:37.721 [main] DEBUG c.b.config.BrowserStackConfig - Cli Config passed - {}
17:05:37.722 [main] INFO  c.browserstack.utils.UtilityMethods - BrowserStack Yml Detected : C:\browserstack.yml
17:05:37.722 [main] ERROR c.b.config.BrowserStackConfig - [Invalid Path] Config file does not exist at any parent directory of C:\Users\ftheofil\Projects\eu-digital-identity-walleteudi-doc-testing-application-internal. Please include a browserstack.yml/browserstack.yaml file containing configuration for tests.
17:05:37.723 [main] ERROR c.browserstack.BrowserStackJavaAgent - Something went wrong - java.lang.RuntimeException: [Invalid Path] Config file does not exist at any parent directory of C:\Users\ftheofil\Projects\eu-digital-identity-walleteudi-doc-testing-application-internal. Please include a browserstack.yml/browserstack.yaml file containing configuration for tests.
	at com.browserstack.config.BrowserStackConfig.a(Unknown Source)
	at com.browserstack.config.BrowserStackConfig.getInstance(Unknown Source)
	at com.browserstack.BrowserStackJavaAgent.b(Unknown Source)
	at com.browserstack.BrowserStackJavaAgent.a(Unknown Source)
	at com.browserstack.BrowserStackJavaAgent.premain(Unknown Source)
	at java.base/jdk.internal.reflect.NativeMethodAccessorImpl.invoke0(Native Method)
	at java.base/jdk.internal.reflect.NativeMethodAccessorImpl.invoke(NativeMethodAccessorImpl.java:77)
	at java.base/jdk.internal.reflect.DelegatingMethodAccessorImpl.invoke(DelegatingMethodAccessorImpl.java:43)
	at java.base/java.lang.reflect.Method.invoke(Method.java:568)
	at java.instrument/sun.instrument.InstrumentationImpl.loadClassAndStartAgent(InstrumentationImpl.java:491)
	at java.instrument/sun.instrument.InstrumentationImpl.loadClassAndCallPremain(InstrumentationImpl.java:503)

17:09:38.222 [main] INFO  c.browserstack.BrowserStackJavaAgent - Selenium version detected - 4.13.0
17:09:38.227 [main] INFO  c.browserstack.BrowserStackJavaAgent - Appium version detected - 8.6.0
17:09:38.458 [main] DEBUG c.b.config.BrowserStackConfig - Cli Config passed - {}
17:09:38.459 [main] INFO  c.browserstack.utils.UtilityMethods - BrowserStack Yml Detected : C:\browserstack.yml
17:09:38.460 [main] ERROR c.b.config.BrowserStackConfig - [Invalid Path] Config file does not exist at any parent directory of C:\Users\ftheofil\Projects\eu-digital-identity-walleteudi-doc-testing-application-internal. Please include a browserstack.yml/browserstack.yaml file containing configuration for tests.
17:09:38.461 [main] ERROR c.browserstack.BrowserStackJavaAgent - Something went wrong - java.lang.RuntimeException: [Invalid Path] Config file does not exist at any parent directory of C:\Users\ftheofil\Projects\eu-digital-identity-walleteudi-doc-testing-application-internal. Please include a browserstack.yml/browserstack.yaml file containing configuration for tests.
	at com.browserstack.config.BrowserStackConfig.a(Unknown Source)
	at com.browserstack.config.BrowserStackConfig.getInstance(Unknown Source)
	at com.browserstack.BrowserStackJavaAgent.b(Unknown Source)
	at com.browserstack.BrowserStackJavaAgent.a(Unknown Source)
	at com.browserstack.BrowserStackJavaAgent.premain(Unknown Source)
	at java.base/jdk.internal.reflect.NativeMethodAccessorImpl.invoke0(Native Method)
	at java.base/jdk.internal.reflect.NativeMethodAccessorImpl.invoke(NativeMethodAccessorImpl.java:77)
	at java.base/jdk.internal.reflect.DelegatingMethodAccessorImpl.invoke(DelegatingMethodAccessorImpl.java:43)
	at java.base/java.lang.reflect.Method.invoke(Method.java:568)
	at java.instrument/sun.instrument.InstrumentationImpl.loadClassAndStartAgent(InstrumentationImpl.java:491)
	at java.instrument/sun.instrument.InstrumentationImpl.loadClassAndCallPremain(InstrumentationImpl.java:503)

17:14:05.405 [main] INFO  c.browserstack.BrowserStackJavaAgent - Selenium version detected - 4.13.0
17:14:05.411 [main] INFO  c.browserstack.BrowserStackJavaAgent - Appium version detected - 8.6.0
17:14:05.664 [main] DEBUG c.b.config.BrowserStackConfig - Cli Config passed - {}
17:14:05.665 [main] INFO  c.browserstack.utils.UtilityMethods - BrowserStack Yml Detected : C:\browserstack.yml
17:14:05.665 [main] ERROR c.b.config.BrowserStackConfig - [Invalid Path] Config file does not exist at any parent directory of C:\Users\ftheofil\Projects\eu-digital-identity-walleteudi-doc-testing-application-internal. Please include a browserstack.yml/browserstack.yaml file containing configuration for tests.
17:14:05.666 [main] ERROR c.browserstack.BrowserStackJavaAgent - Something went wrong - java.lang.RuntimeException: [Invalid Path] Config file does not exist at any parent directory of C:\Users\ftheofil\Projects\eu-digital-identity-walleteudi-doc-testing-application-internal. Please include a browserstack.yml/browserstack.yaml file containing configuration for tests.
	at com.browserstack.config.BrowserStackConfig.a(Unknown Source)
	at com.browserstack.config.BrowserStackConfig.getInstance(Unknown Source)
	at com.browserstack.BrowserStackJavaAgent.b(Unknown Source)
	at com.browserstack.BrowserStackJavaAgent.a(Unknown Source)
	at com.browserstack.BrowserStackJavaAgent.premain(Unknown Source)
	at java.base/jdk.internal.reflect.NativeMethodAccessorImpl.invoke0(Native Method)
	at java.base/jdk.internal.reflect.NativeMethodAccessorImpl.invoke(NativeMethodAccessorImpl.java:77)
	at java.base/jdk.internal.reflect.DelegatingMethodAccessorImpl.invoke(DelegatingMethodAccessorImpl.java:43)
	at java.base/java.lang.reflect.Method.invoke(Method.java:568)
	at java.instrument/sun.instrument.InstrumentationImpl.loadClassAndStartAgent(InstrumentationImpl.java:491)
	at java.instrument/sun.instrument.InstrumentationImpl.loadClassAndCallPremain(InstrumentationImpl.java:503)

