-------------------------------------------------------------------------------
Test set: runners.RerunTestRunner
-------------------------------------------------------------------------------
Tests run: 75, Failures: 0, Errors: 75, Skipped: 0, Time elapsed: 54.68 s <<< FAILURE! -- in runners.RerunTestRunner
EUDI Wallet Documents Screen #1.'Documents' screen includes a 'Search' bar -- Time elapsed: 5.260 s <<< ERROR!
java.lang.NullPointerException: Cannot invoke "io.appium.java_client.android.AndroidDriver.terminateApp(String)" because "driver" is null
	at eu.europa.eudi.stepdefs.AutomatedStepDefs.theUserIsOnTheLoginScreen(AutomatedStepDefs.java:875)
	at eu.europa.eudi.stepdefs.AutomatedStepDefs.theUserIsOnTheHomeScreen(AutomatedStepDefs.java:955)
	at eu.europa.eudi.stepdefs.AutomatedStepDefs.theUserIsOnTheDocumentsScreen(AutomatedStepDefs.java:1044)
	at ✽.the user is on the Documents screen(file:///C:/Users/ftheofil/Projects/eu-digital-identity-walleteudi-doc-testing-application-internal/src/test/resources/features/android/New_version_of_the_wallet_UI_10/Documents_screen_Redesign_204/documentsScreen.feature:18)

EUDI Wallet Documents Screen #1.'Documents' screen includes a 'Filter/Sort' button -- Time elapsed: 1.016 s <<< ERROR!
java.lang.NullPointerException: Cannot invoke "io.appium.java_client.android.AndroidDriver.terminateApp(String)" because "driver" is null
	at eu.europa.eudi.stepdefs.AutomatedStepDefs.theUserIsOnTheLoginScreen(AutomatedStepDefs.java:875)
	at eu.europa.eudi.stepdefs.AutomatedStepDefs.theUserIsOnTheHomeScreen(AutomatedStepDefs.java:955)
	at eu.europa.eudi.stepdefs.AutomatedStepDefs.theUserIsOnTheDocumentsScreen(AutomatedStepDefs.java:1044)
	at ✽.the user is on the Documents screen(file:///C:/Users/ftheofil/Projects/eu-digital-identity-walleteudi-doc-testing-application-internal/src/test/resources/features/android/New_version_of_the_wallet_UI_10/Documents_screen_Redesign_204/documentsScreen.feature:24)

Filtering and sorting documents in the EUDI Wallet #1.Initial state of the filter/sort option -- Time elapsed: 0.737 s <<< ERROR!
java.lang.NullPointerException: Cannot invoke "io.appium.java_client.android.AndroidDriver.terminateApp(String)" because "driver" is null
	at eu.europa.eudi.stepdefs.AutomatedStepDefs.theUserIsOnTheLoginScreen(AutomatedStepDefs.java:875)
	at eu.europa.eudi.stepdefs.AutomatedStepDefs.theUserIsOnTheHomeScreen(AutomatedStepDefs.java:955)
	at eu.europa.eudi.stepdefs.AutomatedStepDefs.theUserIsOnTheDocumentsScreen(AutomatedStepDefs.java:1044)
	at ✽.the user is on the Documents screen(file:///C:/Users/ftheofil/Projects/eu-digital-identity-walleteudi-doc-testing-application-internal/src/test/resources/features/android/New_version_of_the_wallet_UI_10/Filter_and_Sort_Documents_Redesign_196/filterAndSortDocuments.feature:12)

Filtering and sorting documents in the EUDI Wallet #1.Opening the filter/sort bottom sheet -- Time elapsed: 0.722 s <<< ERROR!
java.lang.NullPointerException: Cannot invoke "io.appium.java_client.android.AndroidDriver.terminateApp(String)" because "driver" is null
	at eu.europa.eudi.stepdefs.AutomatedStepDefs.theUserIsOnTheLoginScreen(AutomatedStepDefs.java:875)
	at eu.europa.eudi.stepdefs.AutomatedStepDefs.theUserIsOnTheHomeScreen(AutomatedStepDefs.java:955)
	at eu.europa.eudi.stepdefs.AutomatedStepDefs.theUserIsOnTheDocumentsScreen(AutomatedStepDefs.java:1044)
	at ✽.the user is on the Documents screen(file:///C:/Users/ftheofil/Projects/eu-digital-identity-walleteudi-doc-testing-application-internal/src/test/resources/features/android/New_version_of_the_wallet_UI_10/Filter_and_Sort_Documents_Redesign_196/filterAndSortDocuments.feature:12)

Filtering and sorting documents in the EUDI Wallet #1.Expanding and collapsing the "Sort by" section -- Time elapsed: 0.852 s <<< ERROR!
java.lang.NullPointerException: Cannot invoke "io.appium.java_client.android.AndroidDriver.terminateApp(String)" because "driver" is null
	at eu.europa.eudi.stepdefs.AutomatedStepDefs.theUserIsOnTheLoginScreen(AutomatedStepDefs.java:875)
	at eu.europa.eudi.stepdefs.AutomatedStepDefs.theUserIsOnTheHomeScreen(AutomatedStepDefs.java:955)
	at eu.europa.eudi.stepdefs.AutomatedStepDefs.theUserIsOnTheDocumentsScreen(AutomatedStepDefs.java:1044)
	at ✽.the user is on the Documents screen(file:///C:/Users/ftheofil/Projects/eu-digital-identity-walleteudi-doc-testing-application-internal/src/test/resources/features/android/New_version_of_the_wallet_UI_10/Filter_and_Sort_Documents_Redesign_196/filterAndSortDocuments.feature:12)

Filtering and sorting documents in the EUDI Wallet #1.Sorting documents by attribute -- Time elapsed: 0.701 s <<< ERROR!
java.lang.NullPointerException: Cannot invoke "io.appium.java_client.android.AndroidDriver.terminateApp(String)" because "driver" is null
	at eu.europa.eudi.stepdefs.AutomatedStepDefs.theUserIsOnTheLoginScreen(AutomatedStepDefs.java:875)
	at eu.europa.eudi.stepdefs.AutomatedStepDefs.theUserIsOnTheHomeScreen(AutomatedStepDefs.java:955)
	at eu.europa.eudi.stepdefs.AutomatedStepDefs.theUserIsOnTheDocumentsScreen(AutomatedStepDefs.java:1044)
	at ✽.the user is on the Documents screen(file:///C:/Users/ftheofil/Projects/eu-digital-identity-walleteudi-doc-testing-application-internal/src/test/resources/features/android/New_version_of_the_wallet_UI_10/Filter_and_Sort_Documents_Redesign_196/filterAndSortDocuments.feature:12)

Filtering and sorting documents in the EUDI Wallet #1.Sorting documents by default option with grouping -- Time elapsed: 0.585 s <<< ERROR!
java.lang.NullPointerException: Cannot invoke "io.appium.java_client.android.AndroidDriver.terminateApp(String)" because "driver" is null
	at eu.europa.eudi.stepdefs.AutomatedStepDefs.theUserIsOnTheLoginScreen(AutomatedStepDefs.java:875)
	at eu.europa.eudi.stepdefs.AutomatedStepDefs.theUserIsOnTheHomeScreen(AutomatedStepDefs.java:955)
	at eu.europa.eudi.stepdefs.AutomatedStepDefs.theUserIsOnTheDocumentsScreen(AutomatedStepDefs.java:1044)
	at ✽.the user is on the Documents screen(file:///C:/Users/ftheofil/Projects/eu-digital-identity-walleteudi-doc-testing-application-internal/src/test/resources/features/android/New_version_of_the_wallet_UI_10/Filter_and_Sort_Documents_Redesign_196/filterAndSortDocuments.feature:12)

Filtering and sorting documents in the EUDI Wallet #1.Expanding and collapsing the "Filter by Category" section -- Time elapsed: 0.593 s <<< ERROR!
java.lang.NullPointerException: Cannot invoke "io.appium.java_client.android.AndroidDriver.terminateApp(String)" because "driver" is null
	at eu.europa.eudi.stepdefs.AutomatedStepDefs.theUserIsOnTheLoginScreen(AutomatedStepDefs.java:875)
	at eu.europa.eudi.stepdefs.AutomatedStepDefs.theUserIsOnTheHomeScreen(AutomatedStepDefs.java:955)
	at eu.europa.eudi.stepdefs.AutomatedStepDefs.theUserIsOnTheDocumentsScreen(AutomatedStepDefs.java:1044)
	at ✽.the user is on the Documents screen(file:///C:/Users/ftheofil/Projects/eu-digital-identity-walleteudi-doc-testing-application-internal/src/test/resources/features/android/New_version_of_the_wallet_UI_10/Filter_and_Sort_Documents_Redesign_196/filterAndSortDocuments.feature:12)

Filtering and sorting documents in the EUDI Wallet #1.Filtering documents by category -- Time elapsed: 0.575 s <<< ERROR!
java.lang.NullPointerException: Cannot invoke "io.appium.java_client.android.AndroidDriver.terminateApp(String)" because "driver" is null
	at eu.europa.eudi.stepdefs.AutomatedStepDefs.theUserIsOnTheLoginScreen(AutomatedStepDefs.java:875)
	at eu.europa.eudi.stepdefs.AutomatedStepDefs.theUserIsOnTheHomeScreen(AutomatedStepDefs.java:955)
	at eu.europa.eudi.stepdefs.AutomatedStepDefs.theUserIsOnTheDocumentsScreen(AutomatedStepDefs.java:1044)
	at ✽.the user is on the Documents screen(file:///C:/Users/ftheofil/Projects/eu-digital-identity-walleteudi-doc-testing-application-internal/src/test/resources/features/android/New_version_of_the_wallet_UI_10/Filter_and_Sort_Documents_Redesign_196/filterAndSortDocuments.feature:12)

Filtering and sorting documents in the EUDI Wallet #1.Filtering documents by issuer -- Time elapsed: 0.617 s <<< ERROR!
java.lang.NullPointerException: Cannot invoke "io.appium.java_client.android.AndroidDriver.terminateApp(String)" because "driver" is null
	at eu.europa.eudi.stepdefs.AutomatedStepDefs.theUserIsOnTheLoginScreen(AutomatedStepDefs.java:875)
	at eu.europa.eudi.stepdefs.AutomatedStepDefs.theUserIsOnTheHomeScreen(AutomatedStepDefs.java:955)
	at eu.europa.eudi.stepdefs.AutomatedStepDefs.theUserIsOnTheDocumentsScreen(AutomatedStepDefs.java:1044)
	at ✽.the user is on the Documents screen(file:///C:/Users/ftheofil/Projects/eu-digital-identity-walleteudi-doc-testing-application-internal/src/test/resources/features/android/New_version_of_the_wallet_UI_10/Filter_and_Sort_Documents_Redesign_196/filterAndSortDocuments.feature:12)

Filtering and sorting documents in the EUDI Wallet #1.Filtering documents by expiry period -- Time elapsed: 0.563 s <<< ERROR!
java.lang.NullPointerException: Cannot invoke "io.appium.java_client.android.AndroidDriver.terminateApp(String)" because "driver" is null
	at eu.europa.eudi.stepdefs.AutomatedStepDefs.theUserIsOnTheLoginScreen(AutomatedStepDefs.java:875)
	at eu.europa.eudi.stepdefs.AutomatedStepDefs.theUserIsOnTheHomeScreen(AutomatedStepDefs.java:955)
	at eu.europa.eudi.stepdefs.AutomatedStepDefs.theUserIsOnTheDocumentsScreen(AutomatedStepDefs.java:1044)
	at ✽.the user is on the Documents screen(file:///C:/Users/ftheofil/Projects/eu-digital-identity-walleteudi-doc-testing-application-internal/src/test/resources/features/android/New_version_of_the_wallet_UI_10/Filter_and_Sort_Documents_Redesign_196/filterAndSortDocuments.feature:12)

Filtering and sorting documents in the EUDI Wallet #1.Resetting filters and sorting -- Time elapsed: 0.601 s <<< ERROR!
java.lang.NullPointerException: Cannot invoke "io.appium.java_client.android.AndroidDriver.terminateApp(String)" because "driver" is null
	at eu.europa.eudi.stepdefs.AutomatedStepDefs.theUserIsOnTheLoginScreen(AutomatedStepDefs.java:875)
	at eu.europa.eudi.stepdefs.AutomatedStepDefs.theUserIsOnTheHomeScreen(AutomatedStepDefs.java:955)
	at eu.europa.eudi.stepdefs.AutomatedStepDefs.theUserIsOnTheDocumentsScreen(AutomatedStepDefs.java:1044)
	at ✽.the user is on the Documents screen(file:///C:/Users/ftheofil/Projects/eu-digital-identity-walleteudi-doc-testing-application-internal/src/test/resources/features/android/New_version_of_the_wallet_UI_10/Filter_and_Sort_Documents_Redesign_196/filterAndSortDocuments.feature:12)

Filtering and sorting documents in the EUDI Wallet #1.No matching documents found after applying filters -- Time elapsed: 0.546 s <<< ERROR!
java.lang.NullPointerException: Cannot invoke "io.appium.java_client.android.AndroidDriver.terminateApp(String)" because "driver" is null
	at eu.europa.eudi.stepdefs.AutomatedStepDefs.theUserIsOnTheLoginScreen(AutomatedStepDefs.java:875)
	at eu.europa.eudi.stepdefs.AutomatedStepDefs.theUserIsOnTheHomeScreen(AutomatedStepDefs.java:955)
	at eu.europa.eudi.stepdefs.AutomatedStepDefs.theUserIsOnTheDocumentsScreen(AutomatedStepDefs.java:1044)
	at ✽.the user is on the Documents screen(file:///C:/Users/ftheofil/Projects/eu-digital-identity-walleteudi-doc-testing-application-internal/src/test/resources/features/android/New_version_of_the_wallet_UI_10/Filter_and_Sort_Documents_Redesign_196/filterAndSortDocuments.feature:12)

Filtering and sorting documents in the EUDI Wallet #1.Visual indication of applied filters/sorting -- Time elapsed: 0.631 s <<< ERROR!
java.lang.NullPointerException: Cannot invoke "io.appium.java_client.android.AndroidDriver.terminateApp(String)" because "driver" is null
	at eu.europa.eudi.stepdefs.AutomatedStepDefs.theUserIsOnTheLoginScreen(AutomatedStepDefs.java:875)
	at eu.europa.eudi.stepdefs.AutomatedStepDefs.theUserIsOnTheHomeScreen(AutomatedStepDefs.java:955)
	at eu.europa.eudi.stepdefs.AutomatedStepDefs.theUserIsOnTheDocumentsScreen(AutomatedStepDefs.java:1044)
	at ✽.the user is on the Documents screen(file:///C:/Users/ftheofil/Projects/eu-digital-identity-walleteudi-doc-testing-application-internal/src/test/resources/features/android/New_version_of_the_wallet_UI_10/Filter_and_Sort_Documents_Redesign_196/filterAndSortDocuments.feature:12)

Present Attestations from EUDI Wallet #1.Proceed with data sharing flow -- Time elapsed: 0.094 s <<< ERROR!
java.lang.NullPointerException: Cannot invoke "org.openqa.selenium.support.ui.WebDriverWait.until(java.util.function.Function)" because the return value of "eu.europa.eudi.utils.factory.MobileWebDriverFactory.getWait()" is null
	at eu.europa.eudi.pages.Wallet.clickShareButton(Wallet.java:204)
	at eu.europa.eudi.stepdefs.AutomatedStepDefs.theUserSelectsTheShareButton(AutomatedStepDefs.java:1383)
	at ✽.the user selects the Share button(file:///C:/Users/ftheofil/Projects/eu-digital-identity-walleteudi-doc-testing-application-internal/src/test/resources/features/android/New_version_of_the_wallet_UI_10/Present_document_in_person_Redesign_202/presentDocumentInPerson.feature:40)

Present Attestations from EUDI Wallet #2.User selects the option ‘Online’ in the “Present document” section -- Time elapsed: 0.106 s <<< ERROR!
java.lang.NullPointerException: Cannot invoke "org.openqa.selenium.support.ui.WebDriverWait.until(java.util.function.Function)" because the return value of "eu.europa.eudi.utils.factory.MobileWebDriverFactory.getWait()" is null
	at eu.europa.eudi.pages.Wallet.dashboardPageIsDisplayed(Wallet.java:272)
	at eu.europa.eudi.stepdefs.AutomatedStepDefs.theUserIsOnTheHomePage(AutomatedStepDefs.java:1323)
	at ✽.the user is on the Home page(file:///C:/Users/ftheofil/Projects/eu-digital-identity-walleteudi-doc-testing-application-internal/src/test/resources/features/android/New_version_of_the_wallet_UI_10/Present_document_online_Redesign_201/presentDocumentOnline.feature:11)

Present Attestations from EUDI Wallet #2.User proceeds with the data sharing flow -- Time elapsed: 0.168 s <<< ERROR!
java.lang.NullPointerException: Cannot invoke "org.openqa.selenium.support.ui.WebDriverWait.until(java.util.function.Function)" because the return value of "eu.europa.eudi.utils.factory.MobileWebDriverFactory.getWait()" is null
	at eu.europa.eudi.pages.Wallet.clickShareButton(Wallet.java:204)
	at eu.europa.eudi.stepdefs.AutomatedStepDefs.theUserSelectsTheShareButton(AutomatedStepDefs.java:1383)
	at ✽.the user selects the Share button(file:///C:/Users/ftheofil/Projects/eu-digital-identity-walleteudi-doc-testing-application-internal/src/test/resources/features/android/New_version_of_the_wallet_UI_10/Present_document_online_Redesign_201/presentDocumentOnline.feature:44)

Present Attestations from EUDI Wallet #2.User enters the PIN to proceed with data sharing -- Time elapsed: 0.170 s <<< ERROR!
java.lang.NullPointerException: Cannot invoke "org.openqa.selenium.support.ui.WebDriverWait.until(java.util.function.Function)" because the return value of "eu.europa.eudi.utils.factory.MobileWebDriverFactory.getWait()" is null
	at eu.europa.eudi.pages.Issuer.successfullySharedMessage(Issuer.java:1628)
	at eu.europa.eudi.stepdefs.AutomatedStepDefs.theWalletDisplaysASuccessScreen(AutomatedStepDefs.java:1081)
	at ✽.the wallet displays a success screen(file:///C:/Users/ftheofil/Projects/eu-digital-identity-walleteudi-doc-testing-application-internal/src/test/resources/features/android/New_version_of_the_wallet_UI_10/Present_document_online_Redesign_201/presentDocumentOnline.feature:52)

Present Attestations from EUDI Wallet #2.Wallet displays a success screen after data sharing -- Time elapsed: 0.245 s <<< ERROR!
java.lang.NullPointerException: Cannot invoke "org.openqa.selenium.support.ui.WebDriverWait.until(java.util.function.Function)" because the return value of "eu.europa.eudi.utils.factory.MobileWebDriverFactory.getWait()" is null
	at eu.europa.eudi.pages.Issuer.successfullySharedMessage(Issuer.java:1628)
	at eu.europa.eudi.stepdefs.AutomatedStepDefs.theWalletDisplaysASuccessScreen(AutomatedStepDefs.java:1081)
	at ✽.the wallet displays a success screen(file:///C:/Users/ftheofil/Projects/eu-digital-identity-walleteudi-doc-testing-application-internal/src/test/resources/features/android/New_version_of_the_wallet_UI_10/Present_document_online_Redesign_201/presentDocumentOnline.feature:58)

Searching for documents in the EUDI Wallet #1.Initial state of the "Documents" screen -- Time elapsed: 0.672 s <<< ERROR!
java.lang.NullPointerException: Cannot invoke "io.appium.java_client.android.AndroidDriver.terminateApp(String)" because "driver" is null
	at eu.europa.eudi.stepdefs.AutomatedStepDefs.theUserIsOnTheLoginScreen(AutomatedStepDefs.java:875)
	at eu.europa.eudi.stepdefs.AutomatedStepDefs.theUserIsOnTheHomeScreen(AutomatedStepDefs.java:955)
	at eu.europa.eudi.stepdefs.AutomatedStepDefs.theUserIsOnTheDocumentsScreen(AutomatedStepDefs.java:1044)
	at ✽.the user is on the Documents screen(file:///C:/Users/ftheofil/Projects/eu-digital-identity-walleteudi-doc-testing-application-internal/src/test/resources/features/android/New_version_of_the_wallet_UI_10/Search_Documents_Redesign_197/searchDocuments.feature:12)

Searching for documents in the EUDI Wallet #1.Tapping on the search field for the first time -- Time elapsed: 0.578 s <<< ERROR!
java.lang.NullPointerException: Cannot invoke "io.appium.java_client.android.AndroidDriver.terminateApp(String)" because "driver" is null
	at eu.europa.eudi.stepdefs.AutomatedStepDefs.theUserIsOnTheLoginScreen(AutomatedStepDefs.java:875)
	at eu.europa.eudi.stepdefs.AutomatedStepDefs.theUserIsOnTheHomeScreen(AutomatedStepDefs.java:955)
	at eu.europa.eudi.stepdefs.AutomatedStepDefs.theUserIsOnTheDocumentsScreen(AutomatedStepDefs.java:1044)
	at ✽.the user is on the Documents screen(file:///C:/Users/ftheofil/Projects/eu-digital-identity-walleteudi-doc-testing-application-internal/src/test/resources/features/android/New_version_of_the_wallet_UI_10/Search_Documents_Redesign_197/searchDocuments.feature:12)

Searching for documents in the EUDI Wallet #1.Tapping on the search field with previous search text -- Time elapsed: 0.560 s <<< ERROR!
java.lang.NullPointerException: Cannot invoke "io.appium.java_client.android.AndroidDriver.terminateApp(String)" because "driver" is null
	at eu.europa.eudi.stepdefs.AutomatedStepDefs.theUserIsOnTheLoginScreen(AutomatedStepDefs.java:875)
	at eu.europa.eudi.stepdefs.AutomatedStepDefs.theUserIsOnTheHomeScreen(AutomatedStepDefs.java:955)
	at eu.europa.eudi.stepdefs.AutomatedStepDefs.theUserIsOnTheDocumentsScreen(AutomatedStepDefs.java:1044)
	at ✽.the user is on the Documents screen(file:///C:/Users/ftheofil/Projects/eu-digital-identity-walleteudi-doc-testing-application-internal/src/test/resources/features/android/New_version_of_the_wallet_UI_10/Search_Documents_Redesign_197/searchDocuments.feature:12)

Searching for documents in the EUDI Wallet #1.Typing in the search field -- Time elapsed: 0.559 s <<< ERROR!
java.lang.NullPointerException: Cannot invoke "io.appium.java_client.android.AndroidDriver.terminateApp(String)" because "driver" is null
	at eu.europa.eudi.stepdefs.AutomatedStepDefs.theUserIsOnTheLoginScreen(AutomatedStepDefs.java:875)
	at eu.europa.eudi.stepdefs.AutomatedStepDefs.theUserIsOnTheHomeScreen(AutomatedStepDefs.java:955)
	at eu.europa.eudi.stepdefs.AutomatedStepDefs.theUserIsOnTheDocumentsScreen(AutomatedStepDefs.java:1044)
	at ✽.the user is on the Documents screen(file:///C:/Users/ftheofil/Projects/eu-digital-identity-walleteudi-doc-testing-application-internal/src/test/resources/features/android/New_version_of_the_wallet_UI_10/Search_Documents_Redesign_197/searchDocuments.feature:12)

Searching for documents in the EUDI Wallet #1.Clearing the search field -- Time elapsed: 0.577 s <<< ERROR!
java.lang.NullPointerException: Cannot invoke "io.appium.java_client.android.AndroidDriver.terminateApp(String)" because "driver" is null
	at eu.europa.eudi.stepdefs.AutomatedStepDefs.theUserIsOnTheLoginScreen(AutomatedStepDefs.java:875)
	at eu.europa.eudi.stepdefs.AutomatedStepDefs.theUserIsOnTheHomeScreen(AutomatedStepDefs.java:955)
	at eu.europa.eudi.stepdefs.AutomatedStepDefs.theUserIsOnTheDocumentsScreen(AutomatedStepDefs.java:1044)
	at ✽.the user is on the Documents screen(file:///C:/Users/ftheofil/Projects/eu-digital-identity-walleteudi-doc-testing-application-internal/src/test/resources/features/android/New_version_of_the_wallet_UI_10/Search_Documents_Redesign_197/searchDocuments.feature:12)

Searching for documents in the EUDI Wallet #1.Performing a search with empty text -- Time elapsed: 0.540 s <<< ERROR!
java.lang.NullPointerException: Cannot invoke "io.appium.java_client.android.AndroidDriver.terminateApp(String)" because "driver" is null
	at eu.europa.eudi.stepdefs.AutomatedStepDefs.theUserIsOnTheLoginScreen(AutomatedStepDefs.java:875)
	at eu.europa.eudi.stepdefs.AutomatedStepDefs.theUserIsOnTheHomeScreen(AutomatedStepDefs.java:955)
	at eu.europa.eudi.stepdefs.AutomatedStepDefs.theUserIsOnTheDocumentsScreen(AutomatedStepDefs.java:1044)
	at ✽.the user is on the Documents screen(file:///C:/Users/ftheofil/Projects/eu-digital-identity-walleteudi-doc-testing-application-internal/src/test/resources/features/android/New_version_of_the_wallet_UI_10/Search_Documents_Redesign_197/searchDocuments.feature:12)

Searching for documents in the EUDI Wallet #1.Performing a search with valid search text -- Time elapsed: 0.585 s <<< ERROR!
java.lang.NullPointerException: Cannot invoke "io.appium.java_client.android.AndroidDriver.terminateApp(String)" because "driver" is null
	at eu.europa.eudi.stepdefs.AutomatedStepDefs.theUserIsOnTheLoginScreen(AutomatedStepDefs.java:875)
	at eu.europa.eudi.stepdefs.AutomatedStepDefs.theUserIsOnTheHomeScreen(AutomatedStepDefs.java:955)
	at eu.europa.eudi.stepdefs.AutomatedStepDefs.theUserIsOnTheDocumentsScreen(AutomatedStepDefs.java:1044)
	at ✽.the user is on the Documents screen(file:///C:/Users/ftheofil/Projects/eu-digital-identity-walleteudi-doc-testing-application-internal/src/test/resources/features/android/New_version_of_the_wallet_UI_10/Search_Documents_Redesign_197/searchDocuments.feature:12)

Searching for documents in the EUDI Wallet #1.No matching documents found -- Time elapsed: 0.587 s <<< ERROR!
java.lang.NullPointerException: Cannot invoke "io.appium.java_client.android.AndroidDriver.terminateApp(String)" because "driver" is null
	at eu.europa.eudi.stepdefs.AutomatedStepDefs.theUserIsOnTheLoginScreen(AutomatedStepDefs.java:875)
	at eu.europa.eudi.stepdefs.AutomatedStepDefs.theUserIsOnTheHomeScreen(AutomatedStepDefs.java:955)
	at eu.europa.eudi.stepdefs.AutomatedStepDefs.theUserIsOnTheDocumentsScreen(AutomatedStepDefs.java:1044)
	at ✽.the user is on the Documents screen(file:///C:/Users/ftheofil/Projects/eu-digital-identity-walleteudi-doc-testing-application-internal/src/test/resources/features/android/New_version_of_the_wallet_UI_10/Search_Documents_Redesign_197/searchDocuments.feature:12)

Viewing and managing attestations in the EUDI Wallet #1.Navigating to the 'Documents' screen -- Time elapsed: 0.290 s <<< ERROR!
java.lang.NullPointerException: Cannot invoke "org.openqa.selenium.support.ui.WebDriverWait.until(java.util.function.Function)" because the return value of "eu.europa.eudi.utils.factory.MobileWebDriverFactory.getWait()" is null
	at eu.europa.eudi.pages.Wallet.clickOnDocuments(Wallet.java:534)
	at eu.europa.eudi.stepdefs.AutomatedStepDefs.theUserNavigatesToTheDocumentsScreen(AutomatedStepDefs.java:1034)
	at ✽.the user navigates to the Documents screen(file:///C:/Users/ftheofil/Projects/eu-digital-identity-walleteudi-doc-testing-application-internal/src/test/resources/features/android/New_version_of_the_wallet_UI_10/View_Document_Redesign_198/viewDocument.feature:17)

Viewing and managing attestations in the EUDI Wallet #1.Viewing details of an attestation -- Time elapsed: 0.685 s <<< ERROR!
java.lang.NullPointerException: Cannot invoke "io.appium.java_client.android.AndroidDriver.terminateApp(String)" because "driver" is null
	at eu.europa.eudi.stepdefs.AutomatedStepDefs.theUserIsOnTheLoginScreen(AutomatedStepDefs.java:875)
	at eu.europa.eudi.stepdefs.AutomatedStepDefs.theUserIsOnTheHomeScreen(AutomatedStepDefs.java:955)
	at eu.europa.eudi.stepdefs.AutomatedStepDefs.theUserIsOnTheDocumentsScreen(AutomatedStepDefs.java:1044)
	at ✽.the user is on the Documents screen(file:///C:/Users/ftheofil/Projects/eu-digital-identity-walleteudi-doc-testing-application-internal/src/test/resources/features/android/New_version_of_the_wallet_UI_10/View_Document_Redesign_198/viewDocument.feature:22)

Sign Document through EUDI Wallet #1.User Aborts the Signing Operation -- Time elapsed: 0.199 s <<< ERROR!
java.lang.NullPointerException: Cannot invoke "org.openqa.selenium.support.ui.WebDriverWait.until(java.util.function.Function)" because the return value of "eu.europa.eudi.utils.factory.MobileWebDriverFactory.getWait()" is null
	at eu.europa.eudi.pages.Wallet.dashboardPageIsDisplayed(Wallet.java:272)
	at eu.europa.eudi.stepdefs.AutomatedStepDefs.eudiWalletShouldReturnTheUserToTheMainPage(AutomatedStepDefs.java:1343)
	at ✽.EUDI Wallet should return the user to the main page(file:///C:/Users/ftheofil/Projects/eu-digital-identity-walleteudi-doc-testing-application-internal/src/test/resources/features/android/RQES_R3_Wallet-driven_model_with_external_Signature_Creation_Application_15/Sign_Document_(rQES-R3)_212/signDocument.feature:21)

Sign Document through EUDI Wallet #1.EUDI Wallet Stores the Signed Document -- Time elapsed: 0.168 s <<< ERROR!
java.lang.NullPointerException: Cannot invoke "org.openqa.selenium.support.ui.WebDriverWait.until(java.util.function.Function)" because the return value of "eu.europa.eudi.utils.factory.MobileWebDriverFactory.getWait()" is null
	at eu.europa.eudi.pages.Wallet.clickDone(Wallet.java:733)
	at eu.europa.eudi.stepdefs.AutomatedStepDefs.theEUDIWalletEnablesTheUserToShareTheDocumentOrCloseTheProcess(AutomatedStepDefs.java:1353)
	at ✽.the EUDI Wallet enables the user to share the document or close the process(file:///C:/Users/ftheofil/Projects/eu-digital-identity-walleteudi-doc-testing-application-internal/src/test/resources/features/android/RQES_R3_Wallet-driven_model_with_external_Signature_Creation_Application_15/Sign_Document_(rQES-R3)_212/signDocument.feature:35)

Issuance and presentation - mDL #1.Successful credential issuance and presentation with selective disclosure - Python Issuer - mDL #1 -- Time elapsed: 0.335 s <<< ERROR!
java.lang.NullPointerException: Cannot invoke "io.appium.java_client.android.AndroidDriver.activateApp(String)" because "eu.europa.eudi.utils.TestSetup.mobileWebDriverFactory().androidDriver" is null
	at eu.europa.eudi.pages.Wallet.launchApp(Wallet.java:53)
	at eu.europa.eudi.stepdefs.AutomatedStepDefs.theUserInitiatesACredentialIssuanceUsingThe(AutomatedStepDefs.java:1866)
	at ✽.the user initiates a mDL (MSO Mdoc) issuance using the Python(file:///C:/Users/ftheofil/Projects/eu-digital-identity-walleteudi-doc-testing-application-internal/src/test/resources/features/android/regressionTests/Automated_Regression_Tests/MDL_MSO_Mdoc/issuanceAndPresentationScenariosMdl.feature:5)

Issuance and presentation - mDL #1.Successful credential issuance and presentation with selective disclosure - Python Issuer - mDL #2 -- Time elapsed: 0.336 s <<< ERROR!
java.lang.NullPointerException: Cannot invoke "io.appium.java_client.android.AndroidDriver.activateApp(String)" because "eu.europa.eudi.utils.TestSetup.mobileWebDriverFactory().androidDriver" is null
	at eu.europa.eudi.pages.Wallet.launchApp(Wallet.java:53)
	at eu.europa.eudi.stepdefs.AutomatedStepDefs.theUserInitiatesACredentialIssuanceUsingThe(AutomatedStepDefs.java:1866)
	at ✽.the user initiates a mDL (MSO Mdoc) issuance using the Python(file:///C:/Users/ftheofil/Projects/eu-digital-identity-walleteudi-doc-testing-application-internal/src/test/resources/features/android/regressionTests/Automated_Regression_Tests/MDL_MSO_Mdoc/issuanceAndPresentationScenariosMdl.feature:5)

Issuance and presentation - mDL #1.Successful credential issuance and presentation with selective disclosure - Kotlin Issuer - mDL #1 -- Time elapsed: 0.238 s <<< ERROR!
java.lang.NullPointerException: Cannot invoke "io.appium.java_client.android.AndroidDriver.activateApp(String)" because "eu.europa.eudi.utils.TestSetup.mobileWebDriverFactory().androidDriver" is null
	at eu.europa.eudi.pages.Wallet.launchApp(Wallet.java:53)
	at eu.europa.eudi.stepdefs.AutomatedStepDefs.theUserInitiatesACredentialIssuanceUsingThe(AutomatedStepDefs.java:1866)
	at ✽.the user initiates a mDL (MSO Mdoc) issuance using the Kotlin(file:///C:/Users/ftheofil/Projects/eu-digital-identity-walleteudi-doc-testing-application-internal/src/test/resources/features/android/regressionTests/Automated_Regression_Tests/MDL_MSO_Mdoc/issuanceAndPresentationScenariosMdl.feature:20)

Issuance and presentation - mDL #1.Successful credential issuance and presentation with selective disclosure - Kotlin Issuer - mDL #2 -- Time elapsed: 0.242 s <<< ERROR!
java.lang.NullPointerException: Cannot invoke "io.appium.java_client.android.AndroidDriver.activateApp(String)" because "eu.europa.eudi.utils.TestSetup.mobileWebDriverFactory().androidDriver" is null
	at eu.europa.eudi.pages.Wallet.launchApp(Wallet.java:53)
	at eu.europa.eudi.stepdefs.AutomatedStepDefs.theUserInitiatesACredentialIssuanceUsingThe(AutomatedStepDefs.java:1866)
	at ✽.the user initiates a mDL (MSO Mdoc) issuance using the Kotlin(file:///C:/Users/ftheofil/Projects/eu-digital-identity-walleteudi-doc-testing-application-internal/src/test/resources/features/android/regressionTests/Automated_Regression_Tests/MDL_MSO_Mdoc/issuanceAndPresentationScenariosMdl.feature:20)

Issuing and storing attestations in the EUDI Wallet.Successful navigation to "Home" screen -- Time elapsed: 0.234 s <<< ERROR!
java.lang.NullPointerException: Cannot invoke "org.openqa.selenium.support.ui.WebDriverWait.until(java.util.function.Function)" because the return value of "eu.europa.eudi.utils.factory.MobileWebDriverFactory.getWait()" is null
	at eu.europa.eudi.pages.Wallet.clickOnDocuments(Wallet.java:536)
	at eu.europa.eudi.stepdefs.AutomatedStepDefs.theUserNavigatesToTheDocumentsScreen(AutomatedStepDefs.java:1034)
	at ✽.the user navigates to the Documents screen(file:///C:/Users/ftheofil/Projects/eu-digital-identity-walleteudi-doc-testing-application-internal/src/test/resources/features/ios/New_version_of_the_wallet_UI_10/Add_a_Document_by_choosing_from_list_Redesign_200/addDocumentByChoosingFromList.feature:12)

Issuing and storing attestations in the EUDI Wallet.Selecting attestation from the predefined list -- Time elapsed: 0.608 s <<< ERROR!
java.lang.NullPointerException: Cannot invoke "io.appium.java_client.ios.IOSDriver.terminateApp(String)" because "driver" is null
	at eu.europa.eudi.stepdefs.AutomatedStepDefs.theUserIsOnTheLoginScreen(AutomatedStepDefs.java:882)
	at eu.europa.eudi.stepdefs.AutomatedStepDefs.theUserIsOnTheHomeScreen(AutomatedStepDefs.java:955)
	at eu.europa.eudi.stepdefs.AutomatedStepDefs.theUserIsOnTheDocumentsScreen(AutomatedStepDefs.java:1044)
	at ✽.the user is on the Documents screen(file:///C:/Users/ftheofil/Projects/eu-digital-identity-walleteudi-doc-testing-application-internal/src/test/resources/features/ios/New_version_of_the_wallet_UI_10/Add_a_Document_by_choosing_from_list_Redesign_200/addDocumentByChoosingFromList.feature:17)

Issuing and storing attestations in the EUDI Wallet.Issuing an attestation successfully -- Time elapsed: 0.637 s <<< ERROR!
java.lang.NullPointerException: Cannot invoke "io.appium.java_client.ios.IOSDriver.terminateApp(String)" because "driver" is null
	at eu.europa.eudi.stepdefs.AutomatedStepDefs.theUserIsOnTheLoginScreen(AutomatedStepDefs.java:882)
	at eu.europa.eudi.stepdefs.AutomatedStepDefs.theUserIsOnTheHomeScreen(AutomatedStepDefs.java:955)
	at eu.europa.eudi.stepdefs.AutomatedStepDefs.theUserIsOnTheDocumentsScreen(AutomatedStepDefs.java:1044)
	at eu.europa.eudi.stepdefs.AutomatedStepDefs.theUserIsViewingThePredefinedListOfAttestations(AutomatedStepDefs.java:1066)
	at ✽.the user is viewing the predefined list of attestations(file:///C:/Users/ftheofil/Projects/eu-digital-identity-walleteudi-doc-testing-application-internal/src/test/resources/features/ios/New_version_of_the_wallet_UI_10/Add_a_Document_by_choosing_from_list_Redesign_200/addDocumentByChoosingFromList.feature:24)

Issuing and storing attestations in the EUDI Wallet.Returning to "Home" screen after success -- Time elapsed: 0.614 s <<< ERROR!
java.lang.NullPointerException: Cannot invoke "io.appium.java_client.ios.IOSDriver.terminateApp(String)" because "driver" is null
	at eu.europa.eudi.stepdefs.AutomatedStepDefs.theUserIsOnTheLoginScreen(AutomatedStepDefs.java:882)
	at eu.europa.eudi.stepdefs.AutomatedStepDefs.theUserIsOnTheHomeScreen(AutomatedStepDefs.java:955)
	at eu.europa.eudi.stepdefs.AutomatedStepDefs.theUserIsOnTheDocumentsScreen(AutomatedStepDefs.java:1044)
	at eu.europa.eudi.stepdefs.AutomatedStepDefs.theUserIsViewingThePredefinedListOfAttestations(AutomatedStepDefs.java:1066)
	at eu.europa.eudi.stepdefs.AutomatedStepDefs.theUserIsViewingTheSuccessScreenAfterAnAttestationIsIssued(AutomatedStepDefs.java:1096)
	at ✽.the user is viewing the success screen after an attestation is issued(file:///C:/Users/ftheofil/Projects/eu-digital-identity-walleteudi-doc-testing-application-internal/src/test/resources/features/ios/New_version_of_the_wallet_UI_10/Add_a_Document_by_choosing_from_list_Redesign_200/addDocumentByChoosingFromList.feature:33)

EUDI Wallet Documents Screen #2.'Documents' screen includes a 'Search' bar -- Time elapsed: 0.600 s <<< ERROR!
java.lang.NullPointerException: Cannot invoke "io.appium.java_client.ios.IOSDriver.terminateApp(String)" because "driver" is null
	at eu.europa.eudi.stepdefs.AutomatedStepDefs.theUserIsOnTheLoginScreen(AutomatedStepDefs.java:882)
	at eu.europa.eudi.stepdefs.AutomatedStepDefs.theUserIsOnTheHomeScreen(AutomatedStepDefs.java:955)
	at eu.europa.eudi.stepdefs.AutomatedStepDefs.theUserIsOnTheDocumentsScreen(AutomatedStepDefs.java:1044)
	at ✽.the user is on the Documents screen(file:///C:/Users/ftheofil/Projects/eu-digital-identity-walleteudi-doc-testing-application-internal/src/test/resources/features/ios/New_version_of_the_wallet_UI_10/Documents_screen_Redesign_204/documentsScreen.feature:18)

EUDI Wallet Documents Screen #2.'Documents' screen includes a 'Filter/Sort' button -- Time elapsed: 0.593 s <<< ERROR!
java.lang.NullPointerException: Cannot invoke "io.appium.java_client.ios.IOSDriver.terminateApp(String)" because "driver" is null
	at eu.europa.eudi.stepdefs.AutomatedStepDefs.theUserIsOnTheLoginScreen(AutomatedStepDefs.java:882)
	at eu.europa.eudi.stepdefs.AutomatedStepDefs.theUserIsOnTheHomeScreen(AutomatedStepDefs.java:955)
	at eu.europa.eudi.stepdefs.AutomatedStepDefs.theUserIsOnTheDocumentsScreen(AutomatedStepDefs.java:1044)
	at ✽.the user is on the Documents screen(file:///C:/Users/ftheofil/Projects/eu-digital-identity-walleteudi-doc-testing-application-internal/src/test/resources/features/ios/New_version_of_the_wallet_UI_10/Documents_screen_Redesign_204/documentsScreen.feature:24)

Filtering and sorting documents in the EUDI Wallet #2.Initial state of the filter/sort option -- Time elapsed: 0.588 s <<< ERROR!
java.lang.NullPointerException: Cannot invoke "io.appium.java_client.ios.IOSDriver.terminateApp(String)" because "driver" is null
	at eu.europa.eudi.stepdefs.AutomatedStepDefs.theUserIsOnTheLoginScreen(AutomatedStepDefs.java:882)
	at eu.europa.eudi.stepdefs.AutomatedStepDefs.theUserIsOnTheHomeScreen(AutomatedStepDefs.java:955)
	at eu.europa.eudi.stepdefs.AutomatedStepDefs.theUserIsOnTheDocumentsScreen(AutomatedStepDefs.java:1044)
	at ✽.the user is on the Documents screen(file:///C:/Users/ftheofil/Projects/eu-digital-identity-walleteudi-doc-testing-application-internal/src/test/resources/features/ios/New_version_of_the_wallet_UI_10/Filter_and_Sort_Documents_Redesign_196/filterAndSortDocuments.feature:12)

Filtering and sorting documents in the EUDI Wallet #2.Opening the filter/sort bottom sheet -- Time elapsed: 0.595 s <<< ERROR!
java.lang.NullPointerException: Cannot invoke "io.appium.java_client.ios.IOSDriver.terminateApp(String)" because "driver" is null
	at eu.europa.eudi.stepdefs.AutomatedStepDefs.theUserIsOnTheLoginScreen(AutomatedStepDefs.java:882)
	at eu.europa.eudi.stepdefs.AutomatedStepDefs.theUserIsOnTheHomeScreen(AutomatedStepDefs.java:955)
	at eu.europa.eudi.stepdefs.AutomatedStepDefs.theUserIsOnTheDocumentsScreen(AutomatedStepDefs.java:1044)
	at ✽.the user is on the Documents screen(file:///C:/Users/ftheofil/Projects/eu-digital-identity-walleteudi-doc-testing-application-internal/src/test/resources/features/ios/New_version_of_the_wallet_UI_10/Filter_and_Sort_Documents_Redesign_196/filterAndSortDocuments.feature:12)

Filtering and sorting documents in the EUDI Wallet #2.Expanding and collapsing the "Sort by" section -- Time elapsed: 0.578 s <<< ERROR!
java.lang.NullPointerException: Cannot invoke "io.appium.java_client.ios.IOSDriver.terminateApp(String)" because "driver" is null
	at eu.europa.eudi.stepdefs.AutomatedStepDefs.theUserIsOnTheLoginScreen(AutomatedStepDefs.java:882)
	at eu.europa.eudi.stepdefs.AutomatedStepDefs.theUserIsOnTheHomeScreen(AutomatedStepDefs.java:955)
	at eu.europa.eudi.stepdefs.AutomatedStepDefs.theUserIsOnTheDocumentsScreen(AutomatedStepDefs.java:1044)
	at ✽.the user is on the Documents screen(file:///C:/Users/ftheofil/Projects/eu-digital-identity-walleteudi-doc-testing-application-internal/src/test/resources/features/ios/New_version_of_the_wallet_UI_10/Filter_and_Sort_Documents_Redesign_196/filterAndSortDocuments.feature:12)

Filtering and sorting documents in the EUDI Wallet #2.Sorting documents by attribute -- Time elapsed: 0.576 s <<< ERROR!
java.lang.NullPointerException: Cannot invoke "io.appium.java_client.ios.IOSDriver.terminateApp(String)" because "driver" is null
	at eu.europa.eudi.stepdefs.AutomatedStepDefs.theUserIsOnTheLoginScreen(AutomatedStepDefs.java:882)
	at eu.europa.eudi.stepdefs.AutomatedStepDefs.theUserIsOnTheHomeScreen(AutomatedStepDefs.java:955)
	at eu.europa.eudi.stepdefs.AutomatedStepDefs.theUserIsOnTheDocumentsScreen(AutomatedStepDefs.java:1044)
	at ✽.the user is on the Documents screen(file:///C:/Users/ftheofil/Projects/eu-digital-identity-walleteudi-doc-testing-application-internal/src/test/resources/features/ios/New_version_of_the_wallet_UI_10/Filter_and_Sort_Documents_Redesign_196/filterAndSortDocuments.feature:12)

Filtering and sorting documents in the EUDI Wallet #2.Sorting documents by default option with grouping -- Time elapsed: 0.582 s <<< ERROR!
java.lang.NullPointerException: Cannot invoke "io.appium.java_client.ios.IOSDriver.terminateApp(String)" because "driver" is null
	at eu.europa.eudi.stepdefs.AutomatedStepDefs.theUserIsOnTheLoginScreen(AutomatedStepDefs.java:882)
	at eu.europa.eudi.stepdefs.AutomatedStepDefs.theUserIsOnTheHomeScreen(AutomatedStepDefs.java:955)
	at eu.europa.eudi.stepdefs.AutomatedStepDefs.theUserIsOnTheDocumentsScreen(AutomatedStepDefs.java:1044)
	at ✽.the user is on the Documents screen(file:///C:/Users/ftheofil/Projects/eu-digital-identity-walleteudi-doc-testing-application-internal/src/test/resources/features/ios/New_version_of_the_wallet_UI_10/Filter_and_Sort_Documents_Redesign_196/filterAndSortDocuments.feature:12)

Filtering and sorting documents in the EUDI Wallet #2.Expanding and collapsing the "Filter by Category" section -- Time elapsed: 0.588 s <<< ERROR!
java.lang.NullPointerException: Cannot invoke "io.appium.java_client.ios.IOSDriver.terminateApp(String)" because "driver" is null
	at eu.europa.eudi.stepdefs.AutomatedStepDefs.theUserIsOnTheLoginScreen(AutomatedStepDefs.java:882)
	at eu.europa.eudi.stepdefs.AutomatedStepDefs.theUserIsOnTheHomeScreen(AutomatedStepDefs.java:955)
	at eu.europa.eudi.stepdefs.AutomatedStepDefs.theUserIsOnTheDocumentsScreen(AutomatedStepDefs.java:1044)
	at ✽.the user is on the Documents screen(file:///C:/Users/ftheofil/Projects/eu-digital-identity-walleteudi-doc-testing-application-internal/src/test/resources/features/ios/New_version_of_the_wallet_UI_10/Filter_and_Sort_Documents_Redesign_196/filterAndSortDocuments.feature:12)

Filtering and sorting documents in the EUDI Wallet #2.Filtering documents by category -- Time elapsed: 0.543 s <<< ERROR!
java.lang.NullPointerException: Cannot invoke "io.appium.java_client.ios.IOSDriver.terminateApp(String)" because "driver" is null
	at eu.europa.eudi.stepdefs.AutomatedStepDefs.theUserIsOnTheLoginScreen(AutomatedStepDefs.java:882)
	at eu.europa.eudi.stepdefs.AutomatedStepDefs.theUserIsOnTheHomeScreen(AutomatedStepDefs.java:955)
	at eu.europa.eudi.stepdefs.AutomatedStepDefs.theUserIsOnTheDocumentsScreen(AutomatedStepDefs.java:1044)
	at ✽.the user is on the Documents screen(file:///C:/Users/ftheofil/Projects/eu-digital-identity-walleteudi-doc-testing-application-internal/src/test/resources/features/ios/New_version_of_the_wallet_UI_10/Filter_and_Sort_Documents_Redesign_196/filterAndSortDocuments.feature:12)

Filtering and sorting documents in the EUDI Wallet #2.Filtering documents by issuer -- Time elapsed: 0.546 s <<< ERROR!
java.lang.NullPointerException: Cannot invoke "io.appium.java_client.ios.IOSDriver.terminateApp(String)" because "driver" is null
	at eu.europa.eudi.stepdefs.AutomatedStepDefs.theUserIsOnTheLoginScreen(AutomatedStepDefs.java:882)
	at eu.europa.eudi.stepdefs.AutomatedStepDefs.theUserIsOnTheHomeScreen(AutomatedStepDefs.java:955)
	at eu.europa.eudi.stepdefs.AutomatedStepDefs.theUserIsOnTheDocumentsScreen(AutomatedStepDefs.java:1044)
	at ✽.the user is on the Documents screen(file:///C:/Users/ftheofil/Projects/eu-digital-identity-walleteudi-doc-testing-application-internal/src/test/resources/features/ios/New_version_of_the_wallet_UI_10/Filter_and_Sort_Documents_Redesign_196/filterAndSortDocuments.feature:12)

Filtering and sorting documents in the EUDI Wallet #2.Filtering documents by expiry period -- Time elapsed: 0.542 s <<< ERROR!
java.lang.NullPointerException: Cannot invoke "io.appium.java_client.ios.IOSDriver.terminateApp(String)" because "driver" is null
	at eu.europa.eudi.stepdefs.AutomatedStepDefs.theUserIsOnTheLoginScreen(AutomatedStepDefs.java:882)
	at eu.europa.eudi.stepdefs.AutomatedStepDefs.theUserIsOnTheHomeScreen(AutomatedStepDefs.java:955)
	at eu.europa.eudi.stepdefs.AutomatedStepDefs.theUserIsOnTheDocumentsScreen(AutomatedStepDefs.java:1044)
	at ✽.the user is on the Documents screen(file:///C:/Users/ftheofil/Projects/eu-digital-identity-walleteudi-doc-testing-application-internal/src/test/resources/features/ios/New_version_of_the_wallet_UI_10/Filter_and_Sort_Documents_Redesign_196/filterAndSortDocuments.feature:12)

Filtering and sorting documents in the EUDI Wallet #2.Resetting filters and sorting -- Time elapsed: 0.540 s <<< ERROR!
java.lang.NullPointerException: Cannot invoke "io.appium.java_client.ios.IOSDriver.terminateApp(String)" because "driver" is null
	at eu.europa.eudi.stepdefs.AutomatedStepDefs.theUserIsOnTheLoginScreen(AutomatedStepDefs.java:882)
	at eu.europa.eudi.stepdefs.AutomatedStepDefs.theUserIsOnTheHomeScreen(AutomatedStepDefs.java:955)
	at eu.europa.eudi.stepdefs.AutomatedStepDefs.theUserIsOnTheDocumentsScreen(AutomatedStepDefs.java:1044)
	at ✽.the user is on the Documents screen(file:///C:/Users/ftheofil/Projects/eu-digital-identity-walleteudi-doc-testing-application-internal/src/test/resources/features/ios/New_version_of_the_wallet_UI_10/Filter_and_Sort_Documents_Redesign_196/filterAndSortDocuments.feature:12)

Filtering and sorting documents in the EUDI Wallet #2.No matching documents found after applying filters -- Time elapsed: 0.542 s <<< ERROR!
java.lang.NullPointerException: Cannot invoke "io.appium.java_client.ios.IOSDriver.terminateApp(String)" because "driver" is null
	at eu.europa.eudi.stepdefs.AutomatedStepDefs.theUserIsOnTheLoginScreen(AutomatedStepDefs.java:882)
	at eu.europa.eudi.stepdefs.AutomatedStepDefs.theUserIsOnTheHomeScreen(AutomatedStepDefs.java:955)
	at eu.europa.eudi.stepdefs.AutomatedStepDefs.theUserIsOnTheDocumentsScreen(AutomatedStepDefs.java:1044)
	at ✽.the user is on the Documents screen(file:///C:/Users/ftheofil/Projects/eu-digital-identity-walleteudi-doc-testing-application-internal/src/test/resources/features/ios/New_version_of_the_wallet_UI_10/Filter_and_Sort_Documents_Redesign_196/filterAndSortDocuments.feature:12)

Filtering and sorting documents in the EUDI Wallet #2.Visual indication of applied filters/sorting -- Time elapsed: 0.540 s <<< ERROR!
java.lang.NullPointerException: Cannot invoke "io.appium.java_client.ios.IOSDriver.terminateApp(String)" because "driver" is null
	at eu.europa.eudi.stepdefs.AutomatedStepDefs.theUserIsOnTheLoginScreen(AutomatedStepDefs.java:882)
	at eu.europa.eudi.stepdefs.AutomatedStepDefs.theUserIsOnTheHomeScreen(AutomatedStepDefs.java:955)
	at eu.europa.eudi.stepdefs.AutomatedStepDefs.theUserIsOnTheDocumentsScreen(AutomatedStepDefs.java:1044)
	at ✽.the user is on the Documents screen(file:///C:/Users/ftheofil/Projects/eu-digital-identity-walleteudi-doc-testing-application-internal/src/test/resources/features/ios/New_version_of_the_wallet_UI_10/Filter_and_Sort_Documents_Redesign_196/filterAndSortDocuments.feature:12)

Present Attestations from EUDI Wallet #3.Proceed with data sharing flow -- Time elapsed: 0.044 s <<< ERROR!
java.lang.NullPointerException: Cannot invoke "org.openqa.selenium.support.ui.WebDriverWait.until(java.util.function.Function)" because the return value of "eu.europa.eudi.utils.factory.MobileWebDriverFactory.getWait()" is null
	at eu.europa.eudi.pages.Wallet.clickShareButton(Wallet.java:207)
	at eu.europa.eudi.stepdefs.AutomatedStepDefs.theUserSelectsTheShareButton(AutomatedStepDefs.java:1383)
	at ✽.the user selects the Share button(file:///C:/Users/ftheofil/Projects/eu-digital-identity-walleteudi-doc-testing-application-internal/src/test/resources/features/ios/New_version_of_the_wallet_UI_10/Present_document_in_person_Redesign_202/presentDocumentInPerson.feature:40)

Present Attestations from EUDI Wallet #4.User selects the option ‘Online’ in the “Present document” section -- Time elapsed: 0.063 s <<< ERROR!
java.lang.NullPointerException: Cannot invoke "org.openqa.selenium.support.ui.WebDriverWait.until(java.util.function.Function)" because the return value of "eu.europa.eudi.utils.factory.MobileWebDriverFactory.getWait()" is null
	at eu.europa.eudi.pages.Wallet.dashboardPageIsDisplayed(Wallet.java:275)
	at eu.europa.eudi.stepdefs.AutomatedStepDefs.theUserIsOnTheHomePage(AutomatedStepDefs.java:1323)
	at ✽.the user is on the Home page(file:///C:/Users/ftheofil/Projects/eu-digital-identity-walleteudi-doc-testing-application-internal/src/test/resources/features/ios/New_version_of_the_wallet_UI_10/Present_document_online_Redesign_201/presentDocumentOnline.feature:11)

Present Attestations from EUDI Wallet #4.User proceeds with the data sharing flow -- Time elapsed: 0.077 s <<< ERROR!
java.lang.NullPointerException: Cannot invoke "org.openqa.selenium.support.ui.WebDriverWait.until(java.util.function.Function)" because the return value of "eu.europa.eudi.utils.factory.MobileWebDriverFactory.getWait()" is null
	at eu.europa.eudi.pages.Wallet.clickShareButton(Wallet.java:207)
	at eu.europa.eudi.stepdefs.AutomatedStepDefs.theUserSelectsTheShareButton(AutomatedStepDefs.java:1383)
	at ✽.the user selects the Share button(file:///C:/Users/ftheofil/Projects/eu-digital-identity-walleteudi-doc-testing-application-internal/src/test/resources/features/ios/New_version_of_the_wallet_UI_10/Present_document_online_Redesign_201/presentDocumentOnline.feature:44)

Present Attestations from EUDI Wallet #4.User enters the PIN to proceed with data sharing -- Time elapsed: 0.081 s <<< ERROR!
java.lang.NullPointerException: Cannot invoke "org.openqa.selenium.support.ui.WebDriverWait.until(java.util.function.Function)" because the return value of "eu.europa.eudi.utils.factory.MobileWebDriverFactory.getWait()" is null
	at eu.europa.eudi.pages.Issuer.successfullySharedMessage(Issuer.java:1631)
	at eu.europa.eudi.stepdefs.AutomatedStepDefs.theWalletDisplaysASuccessScreen(AutomatedStepDefs.java:1081)
	at ✽.the wallet displays a success screen(file:///C:/Users/ftheofil/Projects/eu-digital-identity-walleteudi-doc-testing-application-internal/src/test/resources/features/ios/New_version_of_the_wallet_UI_10/Present_document_online_Redesign_201/presentDocumentOnline.feature:52)

Present Attestations from EUDI Wallet #4.Wallet displays a success screen after data sharing -- Time elapsed: 0.090 s <<< ERROR!
java.lang.NullPointerException: Cannot invoke "org.openqa.selenium.support.ui.WebDriverWait.until(java.util.function.Function)" because the return value of "eu.europa.eudi.utils.factory.MobileWebDriverFactory.getWait()" is null
	at eu.europa.eudi.pages.Issuer.successfullySharedMessage(Issuer.java:1631)
	at eu.europa.eudi.stepdefs.AutomatedStepDefs.theWalletDisplaysASuccessScreen(AutomatedStepDefs.java:1081)
	at ✽.the wallet displays a success screen(file:///C:/Users/ftheofil/Projects/eu-digital-identity-walleteudi-doc-testing-application-internal/src/test/resources/features/ios/New_version_of_the_wallet_UI_10/Present_document_online_Redesign_201/presentDocumentOnline.feature:58)

Searching for documents in the EUDI Wallet #2.Initial state of the "Documents" screen -- Time elapsed: 0.588 s <<< ERROR!
java.lang.NullPointerException: Cannot invoke "io.appium.java_client.ios.IOSDriver.terminateApp(String)" because "driver" is null
	at eu.europa.eudi.stepdefs.AutomatedStepDefs.theUserIsOnTheLoginScreen(AutomatedStepDefs.java:882)
	at eu.europa.eudi.stepdefs.AutomatedStepDefs.theUserIsOnTheHomeScreen(AutomatedStepDefs.java:955)
	at eu.europa.eudi.stepdefs.AutomatedStepDefs.theUserIsOnTheDocumentsScreen(AutomatedStepDefs.java:1044)
	at ✽.the user is on the Documents screen(file:///C:/Users/ftheofil/Projects/eu-digital-identity-walleteudi-doc-testing-application-internal/src/test/resources/features/ios/New_version_of_the_wallet_UI_10/Search_Documents_Redesign_197/searchDocuments.feature:12)

Searching for documents in the EUDI Wallet #2.Tapping on the search field for the first time -- Time elapsed: 0.636 s <<< ERROR!
java.lang.NullPointerException: Cannot invoke "io.appium.java_client.ios.IOSDriver.terminateApp(String)" because "driver" is null
	at eu.europa.eudi.stepdefs.AutomatedStepDefs.theUserIsOnTheLoginScreen(AutomatedStepDefs.java:882)
	at eu.europa.eudi.stepdefs.AutomatedStepDefs.theUserIsOnTheHomeScreen(AutomatedStepDefs.java:955)
	at eu.europa.eudi.stepdefs.AutomatedStepDefs.theUserIsOnTheDocumentsScreen(AutomatedStepDefs.java:1044)
	at ✽.the user is on the Documents screen(file:///C:/Users/ftheofil/Projects/eu-digital-identity-walleteudi-doc-testing-application-internal/src/test/resources/features/ios/New_version_of_the_wallet_UI_10/Search_Documents_Redesign_197/searchDocuments.feature:12)

Searching for documents in the EUDI Wallet #2.Tapping on the search field with previous search text -- Time elapsed: 1.126 s <<< ERROR!
java.lang.NullPointerException: Cannot invoke "io.appium.java_client.ios.IOSDriver.terminateApp(String)" because "driver" is null
	at eu.europa.eudi.stepdefs.AutomatedStepDefs.theUserIsOnTheLoginScreen(AutomatedStepDefs.java:882)
	at eu.europa.eudi.stepdefs.AutomatedStepDefs.theUserIsOnTheHomeScreen(AutomatedStepDefs.java:955)
	at eu.europa.eudi.stepdefs.AutomatedStepDefs.theUserIsOnTheDocumentsScreen(AutomatedStepDefs.java:1044)
	at ✽.the user is on the Documents screen(file:///C:/Users/ftheofil/Projects/eu-digital-identity-walleteudi-doc-testing-application-internal/src/test/resources/features/ios/New_version_of_the_wallet_UI_10/Search_Documents_Redesign_197/searchDocuments.feature:12)

Searching for documents in the EUDI Wallet #2.Typing in the search field -- Time elapsed: 0.714 s <<< ERROR!
java.lang.NullPointerException: Cannot invoke "io.appium.java_client.ios.IOSDriver.terminateApp(String)" because "driver" is null
	at eu.europa.eudi.stepdefs.AutomatedStepDefs.theUserIsOnTheLoginScreen(AutomatedStepDefs.java:882)
	at eu.europa.eudi.stepdefs.AutomatedStepDefs.theUserIsOnTheHomeScreen(AutomatedStepDefs.java:955)
	at eu.europa.eudi.stepdefs.AutomatedStepDefs.theUserIsOnTheDocumentsScreen(AutomatedStepDefs.java:1044)
	at ✽.the user is on the Documents screen(file:///C:/Users/ftheofil/Projects/eu-digital-identity-walleteudi-doc-testing-application-internal/src/test/resources/features/ios/New_version_of_the_wallet_UI_10/Search_Documents_Redesign_197/searchDocuments.feature:12)

Searching for documents in the EUDI Wallet #2.Clearing the search field -- Time elapsed: 0.755 s <<< ERROR!
java.lang.NullPointerException: Cannot invoke "io.appium.java_client.ios.IOSDriver.terminateApp(String)" because "driver" is null
	at eu.europa.eudi.stepdefs.AutomatedStepDefs.theUserIsOnTheLoginScreen(AutomatedStepDefs.java:882)
	at eu.europa.eudi.stepdefs.AutomatedStepDefs.theUserIsOnTheHomeScreen(AutomatedStepDefs.java:955)
	at eu.europa.eudi.stepdefs.AutomatedStepDefs.theUserIsOnTheDocumentsScreen(AutomatedStepDefs.java:1044)
	at ✽.the user is on the Documents screen(file:///C:/Users/ftheofil/Projects/eu-digital-identity-walleteudi-doc-testing-application-internal/src/test/resources/features/ios/New_version_of_the_wallet_UI_10/Search_Documents_Redesign_197/searchDocuments.feature:12)

Searching for documents in the EUDI Wallet #2.Performing a search with empty text -- Time elapsed: 1.286 s <<< ERROR!
java.lang.NullPointerException: Cannot invoke "io.appium.java_client.ios.IOSDriver.terminateApp(String)" because "driver" is null
	at eu.europa.eudi.stepdefs.AutomatedStepDefs.theUserIsOnTheLoginScreen(AutomatedStepDefs.java:882)
	at eu.europa.eudi.stepdefs.AutomatedStepDefs.theUserIsOnTheHomeScreen(AutomatedStepDefs.java:955)
	at eu.europa.eudi.stepdefs.AutomatedStepDefs.theUserIsOnTheDocumentsScreen(AutomatedStepDefs.java:1044)
	at ✽.the user is on the Documents screen(file:///C:/Users/ftheofil/Projects/eu-digital-identity-walleteudi-doc-testing-application-internal/src/test/resources/features/ios/New_version_of_the_wallet_UI_10/Search_Documents_Redesign_197/searchDocuments.feature:12)

Searching for documents in the EUDI Wallet #2.Performing a search with valid search text -- Time elapsed: 1.701 s <<< ERROR!
java.lang.NullPointerException: Cannot invoke "io.appium.java_client.ios.IOSDriver.terminateApp(String)" because "driver" is null
	at eu.europa.eudi.stepdefs.AutomatedStepDefs.theUserIsOnTheLoginScreen(AutomatedStepDefs.java:882)
	at eu.europa.eudi.stepdefs.AutomatedStepDefs.theUserIsOnTheHomeScreen(AutomatedStepDefs.java:955)
	at eu.europa.eudi.stepdefs.AutomatedStepDefs.theUserIsOnTheDocumentsScreen(AutomatedStepDefs.java:1044)
	at ✽.the user is on the Documents screen(file:///C:/Users/ftheofil/Projects/eu-digital-identity-walleteudi-doc-testing-application-internal/src/test/resources/features/ios/New_version_of_the_wallet_UI_10/Search_Documents_Redesign_197/searchDocuments.feature:12)

Searching for documents in the EUDI Wallet #2.No matching documents found -- Time elapsed: 0.796 s <<< ERROR!
java.lang.NullPointerException: Cannot invoke "io.appium.java_client.ios.IOSDriver.terminateApp(String)" because "driver" is null
	at eu.europa.eudi.stepdefs.AutomatedStepDefs.theUserIsOnTheLoginScreen(AutomatedStepDefs.java:882)
	at eu.europa.eudi.stepdefs.AutomatedStepDefs.theUserIsOnTheHomeScreen(AutomatedStepDefs.java:955)
	at eu.europa.eudi.stepdefs.AutomatedStepDefs.theUserIsOnTheDocumentsScreen(AutomatedStepDefs.java:1044)
	at ✽.the user is on the Documents screen(file:///C:/Users/ftheofil/Projects/eu-digital-identity-walleteudi-doc-testing-application-internal/src/test/resources/features/ios/New_version_of_the_wallet_UI_10/Search_Documents_Redesign_197/searchDocuments.feature:12)

Viewing and managing attestations in the EUDI Wallet #2.Navigating to the 'Documents' screen -- Time elapsed: 0.215 s <<< ERROR!
java.lang.NullPointerException: Cannot invoke "org.openqa.selenium.support.ui.WebDriverWait.until(java.util.function.Function)" because the return value of "eu.europa.eudi.utils.factory.MobileWebDriverFactory.getWait()" is null
	at eu.europa.eudi.pages.Wallet.clickOnDocuments(Wallet.java:536)
	at eu.europa.eudi.stepdefs.AutomatedStepDefs.theUserNavigatesToTheDocumentsScreen(AutomatedStepDefs.java:1034)
	at ✽.the user navigates to the Documents screen(file:///C:/Users/ftheofil/Projects/eu-digital-identity-walleteudi-doc-testing-application-internal/src/test/resources/features/ios/New_version_of_the_wallet_UI_10/View_Document_Redesign_198/viewDocument.feature:17)

Viewing and managing attestations in the EUDI Wallet #2.Viewing details of an attestation -- Time elapsed: 0.694 s <<< ERROR!
java.lang.NullPointerException: Cannot invoke "io.appium.java_client.ios.IOSDriver.terminateApp(String)" because "driver" is null
	at eu.europa.eudi.stepdefs.AutomatedStepDefs.theUserIsOnTheLoginScreen(AutomatedStepDefs.java:882)
	at eu.europa.eudi.stepdefs.AutomatedStepDefs.theUserIsOnTheHomeScreen(AutomatedStepDefs.java:955)
	at eu.europa.eudi.stepdefs.AutomatedStepDefs.theUserIsOnTheDocumentsScreen(AutomatedStepDefs.java:1044)
	at ✽.the user is on the Documents screen(file:///C:/Users/ftheofil/Projects/eu-digital-identity-walleteudi-doc-testing-application-internal/src/test/resources/features/ios/New_version_of_the_wallet_UI_10/View_Document_Redesign_198/viewDocument.feature:22)

Sign Document through EUDI Wallet #2.User Aborts the Signing Operation -- Time elapsed: 0.199 s <<< ERROR!
java.lang.NullPointerException: Cannot invoke "io.appium.java_client.ios.IOSDriver.manage()" because "driver" is null
	at eu.europa.eudi.pages.Verifier.insertPIN2(Verifier.java:209)
	at eu.europa.eudi.stepdefs.AutomatedStepDefs.theUserDecidesNotToProceed(AutomatedStepDefs.java:1333)
	at ✽.the user decides not to proceed(file:///C:/Users/ftheofil/Projects/eu-digital-identity-walleteudi-doc-testing-application-internal/src/test/resources/features/ios/RQES_R3_Wallet-driven_model_with_external_Signature_Creation_Application_15/Sign_Document_(rQES-R3)_212/signDocument.feature:19)

Sign Document through EUDI Wallet #2.EUDI Wallet Stores the Signed Document -- Time elapsed: 0.317 s <<< ERROR!
java.lang.NullPointerException: Cannot invoke "org.openqa.selenium.support.ui.WebDriverWait.until(java.util.function.Function)" because the return value of "eu.europa.eudi.utils.factory.MobileWebDriverFactory.getWait()" is null
	at eu.europa.eudi.pages.Wallet.clickDone(Wallet.java:735)
	at eu.europa.eudi.stepdefs.AutomatedStepDefs.theEUDIWalletEnablesTheUserToShareTheDocumentOrCloseTheProcess(AutomatedStepDefs.java:1353)
	at ✽.the EUDI Wallet enables the user to share the document or close the process(file:///C:/Users/ftheofil/Projects/eu-digital-identity-walleteudi-doc-testing-application-internal/src/test/resources/features/ios/RQES_R3_Wallet-driven_model_with_external_Signature_Creation_Application_15/Sign_Document_(rQES-R3)_212/signDocument.feature:35)

EUDI Wallet User Signs Document through QTSP with Explicit Consent.User does not want to proceed -- Time elapsed: 1.020 s <<< ERROR!
java.lang.NullPointerException: Cannot invoke "io.appium.java_client.ios.IOSDriver.manage()" because "driver" is null
	at eu.europa.eudi.pages.Verifier.insertPIN2(Verifier.java:209)
	at eu.europa.eudi.stepdefs.AutomatedStepDefs.theUserDecidesNotToProceed(AutomatedStepDefs.java:1333)
	at ✽.the user decides not to proceed(file:///C:/Users/ftheofil/Projects/eu-digital-identity-walleteudi-doc-testing-application-internal/src/test/resources/features/ios/RQES_Relying_Party_QTSP_centric_flow_16/Sign_Document_R4_207/signDocument.feature:45)

Issuance and presentation - mDL #2.Successful credential issuance and presentation with selective disclosure - Python Issuer - mDL #1 -- Time elapsed: 0.179 s <<< ERROR!
java.lang.NullPointerException: Cannot invoke "io.appium.java_client.ios.IOSDriver.activateApp(String)" because "eu.europa.eudi.utils.TestSetup.mobileWebDriverFactory().iosDriver" is null
	at eu.europa.eudi.pages.Wallet.launchApp(Wallet.java:55)
	at eu.europa.eudi.stepdefs.AutomatedStepDefs.theUserInitiatesACredentialIssuanceUsingThe(AutomatedStepDefs.java:1866)
	at ✽.the user initiates a mDL (MSO Mdoc) issuance using the Python(file:///C:/Users/ftheofil/Projects/eu-digital-identity-walleteudi-doc-testing-application-internal/src/test/resources/features/ios/regressionTests/Automated_Regression_Tests/MDL_MSO_Mdoc/issuanceAndPresentationScenariosMdl.feature:5)

Issuance and presentation - mDL #2.Successful credential issuance and presentation with selective disclosure - Python Issuer - mDL #2 -- Time elapsed: 0.394 s <<< ERROR!
java.lang.NullPointerException: Cannot invoke "io.appium.java_client.ios.IOSDriver.activateApp(String)" because "eu.europa.eudi.utils.TestSetup.mobileWebDriverFactory().iosDriver" is null
	at eu.europa.eudi.pages.Wallet.launchApp(Wallet.java:55)
	at eu.europa.eudi.stepdefs.AutomatedStepDefs.theUserInitiatesACredentialIssuanceUsingThe(AutomatedStepDefs.java:1866)
	at ✽.the user initiates a mDL (MSO Mdoc) issuance using the Python(file:///C:/Users/ftheofil/Projects/eu-digital-identity-walleteudi-doc-testing-application-internal/src/test/resources/features/ios/regressionTests/Automated_Regression_Tests/MDL_MSO_Mdoc/issuanceAndPresentationScenariosMdl.feature:5)

Issuance and presentation - mDL #2.Successful credential issuance and presentation with selective disclosure - Kotlin Issuer - mDL #1 -- Time elapsed: 0.074 s <<< ERROR!
java.lang.NullPointerException: Cannot invoke "io.appium.java_client.ios.IOSDriver.activateApp(String)" because "eu.europa.eudi.utils.TestSetup.mobileWebDriverFactory().iosDriver" is null
	at eu.europa.eudi.pages.Wallet.launchApp(Wallet.java:55)
	at eu.europa.eudi.stepdefs.AutomatedStepDefs.theUserInitiatesACredentialIssuanceUsingThe(AutomatedStepDefs.java:1866)
	at ✽.the user initiates a mDL (MSO Mdoc) issuance using the Kotlin(file:///C:/Users/ftheofil/Projects/eu-digital-identity-walleteudi-doc-testing-application-internal/src/test/resources/features/ios/regressionTests/Automated_Regression_Tests/MDL_MSO_Mdoc/issuanceAndPresentationScenariosMdl.feature:20)

Issuance and presentation - mDL #2.Successful credential issuance and presentation with selective disclosure - Kotlin Issuer - mDL #2 -- Time elapsed: 0.361 s <<< ERROR!
java.lang.NullPointerException: Cannot invoke "io.appium.java_client.ios.IOSDriver.activateApp(String)" because "eu.europa.eudi.utils.TestSetup.mobileWebDriverFactory().iosDriver" is null
	at eu.europa.eudi.pages.Wallet.launchApp(Wallet.java:55)
	at eu.europa.eudi.stepdefs.AutomatedStepDefs.theUserInitiatesACredentialIssuanceUsingThe(AutomatedStepDefs.java:1866)
	at ✽.the user initiates a mDL (MSO Mdoc) issuance using the Kotlin(file:///C:/Users/ftheofil/Projects/eu-digital-identity-walleteudi-doc-testing-application-internal/src/test/resources/features/ios/regressionTests/Automated_Regression_Tests/MDL_MSO_Mdoc/issuanceAndPresentationScenariosMdl.feature:20)

