-------------------------------------------------------------------------------
Test set: runners.TestRunner
-------------------------------------------------------------------------------
Tests run: 297, Failures: 0, Errors: 75, Skipped: 1, Time elapsed: 5205 s <<< FAILURE! -- in runners.TestRunner
EUDI Wallet Documents Screen #1.'Documents' screen includes a 'Search' bar -- Time elapsed: 145.6 s <<< ERROR!
org.openqa.selenium.TimeoutException: 
Expected condition failed: waiting for visibility of element found by By.id: eu.europa.ec.euidi.dev:id/biometric_screen_title, but... org.openqa.selenium.NoSuchElementException: An element could not be located on the page using the given search parameters..
(tried for 110 seconds with 500 milliseconds interval)
Build info: version: '4.40.0', revision: 'b3333f1'
System info: os.name: 'Windows 11', os.arch: 'amd64', os.version: '10.0', java.version: '17.0.9'
Driver info: io.appium.java_client.android.AndroidDriver
Capabilities {appium:androidProcess: eu.europa.ec.euidi.dev, appium:appActivity: eu.europa.ec.assemblylogic...., appium:appPackage: eu.europa.ec.euidi.dev, appium:autoGrantPermissions: true, appium:autoRotate: true, appium:automationName: UiAutomator2, appium:browserstack.appiumLogs: false, appium:browserstack.debug: true, appium:browserstack.deviceLogs: true, appium:browserstack.interactiveDebugging: true, appium:browserstack.video: true, appium:bundleID: eu.europa.ec.euidi.dev, appium:bundleId: eu.europa.ec.euidi.dev, appium:chromedriverPorts: [[18133, 18143]], appium:databaseEnabled: false, appium:desired: {androidProcess: eu.europa.ec.euidi.dev, appActivity: eu.europa.ec.assemblylogic...., appPackage: eu.europa.ec.euidi.dev, autoGrantPermissions: true, autoRotate: true, automationName: UiAutomator2, browserstack.appiumLogs: false, browserstack.debug: true, browserstack.deviceLogs: true, browserstack.interactiveDebugging: true, browserstack.video: true, bundleID: eu.europa.ec.euidi.dev, bundleId: eu.europa.ec.euidi.dev, chromedriverPorts: [[18133, 18143]], deviceName: Samsung Galaxy S22 Ultra, disableIdLocatorAutocompletion: true, disableSuppressAccessibilityService: false, disableWindowAnimation: true, feature_name: documentsScreen, goog:chromeOptions: {}, name: documentsScreen - Android Test, nativeWebScreenshot: true, newCommandTimeout: 0, orientation: PORTRAIT, platformName: Android, platformVersion: 12.0, sessionName: documentsScreen - Android Test, settings: {allowInvisibleElements: true}, skipServerInstallation: true, systemPort: 8203, udid: R5CT31AHHKH}, appium:deviceApiLevel: 31, appium:deviceManufacturer: samsung, appium:deviceModel: SM-S908E, appium:deviceName: R5CT31AHHKH, appium:deviceScreenDensity: 450, appium:deviceScreenSize: 1080x2316, appium:deviceUDID: R5CT31AHHKH, appium:disableIdLocatorAutocompletion: true, appium:disableSuppressAccessibilityService: false, appium:disableWindowAnimation: true, appium:feature_name: documentsScreen, appium:javascriptEnabled: true, appium:locationContextEnabled: false, appium:name: documentsScreen - Android Test, appium:nativeWebScreenshot: true, appium:networkConnectionEnabled: true, appium:newCommandTimeout: 0, appium:orientation: PORTRAIT, appium:pixelRatio: 2.8125, appium:platformVersion: 12, appium:sessionName: documentsScreen - Android Test, appium:settings: {allowInvisibleElements: true}, appium:skipServerInstallation: true, appium:statBarHeight: 75, appium:systemPort: 8203, appium:takesScreenshot: true, appium:udid: R5CT31AHHKH, appium:viewportRect: {height: 2031, left: 0, top: 75, width: 1080}, appium:warnings: {}, appium:webStorageEnabled: false, goog:chromeOptions: {}, platformName: ANDROID}
Session ID: 79f6a34bee166a2f5833959af4bac2f6dda4fd54
	at org.openqa.selenium.support.ui.WebDriverWait.timeoutException(WebDriverWait.java:84)
	at org.openqa.selenium.support.ui.FluentWait.until(FluentWait.java:231)
	at eu.europa.eudi.pages.Wallet.loginPageIsDisplayed(Wallet.java:224)
	at eu.europa.eudi.stepdefs.AutomatedStepDefs.theUserIsOnTheLoginScreen(AutomatedStepDefs.java:878)
	at eu.europa.eudi.stepdefs.AutomatedStepDefs.theUserIsOnTheHomeScreen(AutomatedStepDefs.java:955)
	at eu.europa.eudi.stepdefs.AutomatedStepDefs.theUserIsOnTheDocumentsScreen(AutomatedStepDefs.java:1044)
	at ✽.the user is on the Documents screen(file:///C:/Users/ftheofil/Projects/eu-digital-identity-walleteudi-doc-testing-application-internal/src/test/resources/features/android/New_version_of_the_wallet_UI_10/Documents_screen_Redesign_204/documentsScreen.feature:18)

EUDI Wallet Documents Screen #1.'Documents' screen includes a 'Filter/Sort' button -- Time elapsed: 144.1 s <<< ERROR!
org.openqa.selenium.TimeoutException: 
Expected condition failed: waiting for visibility of element found by By.id: eu.europa.ec.euidi.dev:id/biometric_screen_title, but... org.openqa.selenium.NoSuchElementException: An element could not be located on the page using the given search parameters..
(tried for 110 seconds with 500 milliseconds interval)
Build info: version: '4.40.0', revision: 'b3333f1'
System info: os.name: 'Windows 11', os.arch: 'amd64', os.version: '10.0', java.version: '17.0.9'
Driver info: io.appium.java_client.android.AndroidDriver
Capabilities {appium:androidProcess: eu.europa.ec.euidi.dev, appium:appActivity: eu.europa.ec.assemblylogic...., appium:appPackage: eu.europa.ec.euidi.dev, appium:autoGrantPermissions: true, appium:autoRotate: true, appium:automationName: UiAutomator2, appium:browserstack.appiumLogs: false, appium:browserstack.debug: true, appium:browserstack.deviceLogs: true, appium:browserstack.interactiveDebugging: true, appium:browserstack.video: true, appium:bundleID: eu.europa.ec.euidi.dev, appium:bundleId: eu.europa.ec.euidi.dev, appium:chromedriverPorts: [[18100, 18110]], appium:databaseEnabled: false, appium:desired: {androidProcess: eu.europa.ec.euidi.dev, appActivity: eu.europa.ec.assemblylogic...., appPackage: eu.europa.ec.euidi.dev, autoGrantPermissions: true, autoRotate: true, automationName: UiAutomator2, browserstack.appiumLogs: false, browserstack.debug: true, browserstack.deviceLogs: true, browserstack.interactiveDebugging: true, browserstack.video: true, bundleID: eu.europa.ec.euidi.dev, bundleId: eu.europa.ec.euidi.dev, chromedriverPorts: [[18100, 18110]], deviceName: Samsung Galaxy S22 Ultra, disableIdLocatorAutocompletion: true, disableSuppressAccessibilityService: false, disableWindowAnimation: true, feature_name: documentsScreen, goog:chromeOptions: {}, name: documentsScreen - Android Test, nativeWebScreenshot: true, newCommandTimeout: 0, orientation: PORTRAIT, platformName: Android, platformVersion: 12.0, sessionName: documentsScreen - Android Test, settings: {allowInvisibleElements: true}, skipServerInstallation: true, systemPort: 8200, udid: R3CT30DTT8H}, appium:deviceApiLevel: 31, appium:deviceManufacturer: samsung, appium:deviceModel: SM-S908B, appium:deviceName: R3CT30DTT8H, appium:deviceScreenDensity: 450, appium:deviceScreenSize: 1080x2316, appium:deviceUDID: R3CT30DTT8H, appium:disableIdLocatorAutocompletion: true, appium:disableSuppressAccessibilityService: false, appium:disableWindowAnimation: true, appium:feature_name: documentsScreen, appium:javascriptEnabled: true, appium:locationContextEnabled: false, appium:name: documentsScreen - Android Test, appium:nativeWebScreenshot: true, appium:networkConnectionEnabled: true, appium:newCommandTimeout: 0, appium:orientation: PORTRAIT, appium:pixelRatio: 2.8125, appium:platformVersion: 12, appium:sessionName: documentsScreen - Android Test, appium:settings: {allowInvisibleElements: true}, appium:skipServerInstallation: true, appium:statBarHeight: 75, appium:systemPort: 8200, appium:takesScreenshot: true, appium:udid: R3CT30DTT8H, appium:viewportRect: {height: 2031, left: 0, top: 75, width: 1080}, appium:warnings: {}, appium:webStorageEnabled: false, goog:chromeOptions: {}, platformName: ANDROID}
Session ID: 7b562f4d885842211eb892bff962ae7386466863
	at org.openqa.selenium.support.ui.WebDriverWait.timeoutException(WebDriverWait.java:84)
	at org.openqa.selenium.support.ui.FluentWait.until(FluentWait.java:231)
	at eu.europa.eudi.pages.Wallet.loginPageIsDisplayed(Wallet.java:224)
	at eu.europa.eudi.stepdefs.AutomatedStepDefs.theUserIsOnTheLoginScreen(AutomatedStepDefs.java:878)
	at eu.europa.eudi.stepdefs.AutomatedStepDefs.theUserIsOnTheHomeScreen(AutomatedStepDefs.java:955)
	at eu.europa.eudi.stepdefs.AutomatedStepDefs.theUserIsOnTheDocumentsScreen(AutomatedStepDefs.java:1044)
	at ✽.the user is on the Documents screen(file:///C:/Users/ftheofil/Projects/eu-digital-identity-walleteudi-doc-testing-application-internal/src/test/resources/features/android/New_version_of_the_wallet_UI_10/Documents_screen_Redesign_204/documentsScreen.feature:24)

Filtering and sorting documents in the EUDI Wallet #1.Initial state of the filter/sort option -- Time elapsed: 143.8 s <<< ERROR!
org.openqa.selenium.TimeoutException: 
Expected condition failed: waiting for visibility of element found by By.id: eu.europa.ec.euidi.dev:id/biometric_screen_title, but... org.openqa.selenium.NoSuchElementException: An element could not be located on the page using the given search parameters..
(tried for 110 seconds with 500 milliseconds interval)
Build info: version: '4.40.0', revision: 'b3333f1'
System info: os.name: 'Windows 11', os.arch: 'amd64', os.version: '10.0', java.version: '17.0.9'
Driver info: io.appium.java_client.android.AndroidDriver
Capabilities {appium:androidProcess: eu.europa.ec.euidi.dev, appium:appActivity: eu.europa.ec.assemblylogic...., appium:appPackage: eu.europa.ec.euidi.dev, appium:autoGrantPermissions: true, appium:autoRotate: true, appium:automationName: UiAutomator2, appium:browserstack.appiumLogs: false, appium:browserstack.debug: true, appium:browserstack.deviceLogs: true, appium:browserstack.interactiveDebugging: true, appium:browserstack.video: true, appium:bundleID: eu.europa.ec.euidi.dev, appium:bundleId: eu.europa.ec.euidi.dev, appium:chromedriverPorts: [[18133, 18143]], appium:databaseEnabled: false, appium:desired: {androidProcess: eu.europa.ec.euidi.dev, appActivity: eu.europa.ec.assemblylogic...., appPackage: eu.europa.ec.euidi.dev, autoGrantPermissions: true, autoRotate: true, automationName: UiAutomator2, browserstack.appiumLogs: false, browserstack.debug: true, browserstack.deviceLogs: true, browserstack.interactiveDebugging: true, browserstack.video: true, bundleID: eu.europa.ec.euidi.dev, bundleId: eu.europa.ec.euidi.dev, chromedriverPorts: [[18133, 18143]], deviceName: Samsung Galaxy S22 Ultra, disableIdLocatorAutocompletion: true, disableSuppressAccessibilityService: false, disableWindowAnimation: true, feature_name: filterAndSortDocuments, goog:chromeOptions: {}, name: filterAndSortDocuments - An..., nativeWebScreenshot: true, newCommandTimeout: 0, orientation: PORTRAIT, platformName: Android, platformVersion: 12.0, sessionName: filterAndSortDocuments - An..., settings: {allowInvisibleElements: true}, skipServerInstallation: true, systemPort: 8203, udid: R5CT30ZT6AP}, appium:deviceApiLevel: 31, appium:deviceManufacturer: samsung, appium:deviceModel: SM-S908E, appium:deviceName: R5CT30ZT6AP, appium:deviceScreenDensity: 450, appium:deviceScreenSize: 1080x2316, appium:deviceUDID: R5CT30ZT6AP, appium:disableIdLocatorAutocompletion: true, appium:disableSuppressAccessibilityService: false, appium:disableWindowAnimation: true, appium:feature_name: filterAndSortDocuments, appium:javascriptEnabled: true, appium:locationContextEnabled: false, appium:name: filterAndSortDocuments - An..., appium:nativeWebScreenshot: true, appium:networkConnectionEnabled: true, appium:newCommandTimeout: 0, appium:orientation: PORTRAIT, appium:pixelRatio: 2.8125, appium:platformVersion: 12, appium:sessionName: filterAndSortDocuments - An..., appium:settings: {allowInvisibleElements: true}, appium:skipServerInstallation: true, appium:statBarHeight: 75, appium:systemPort: 8203, appium:takesScreenshot: true, appium:udid: R5CT30ZT6AP, appium:viewportRect: {height: 2031, left: 0, top: 75, width: 1080}, appium:warnings: {}, appium:webStorageEnabled: false, goog:chromeOptions: {}, platformName: ANDROID}
Session ID: ebb42183863420963883d182c3f80b5eea984511
	at org.openqa.selenium.support.ui.WebDriverWait.timeoutException(WebDriverWait.java:84)
	at org.openqa.selenium.support.ui.FluentWait.until(FluentWait.java:231)
	at eu.europa.eudi.pages.Wallet.loginPageIsDisplayed(Wallet.java:224)
	at eu.europa.eudi.stepdefs.AutomatedStepDefs.theUserIsOnTheLoginScreen(AutomatedStepDefs.java:878)
	at eu.europa.eudi.stepdefs.AutomatedStepDefs.theUserIsOnTheHomeScreen(AutomatedStepDefs.java:955)
	at eu.europa.eudi.stepdefs.AutomatedStepDefs.theUserIsOnTheDocumentsScreen(AutomatedStepDefs.java:1044)
	at ✽.the user is on the Documents screen(file:///C:/Users/ftheofil/Projects/eu-digital-identity-walleteudi-doc-testing-application-internal/src/test/resources/features/android/New_version_of_the_wallet_UI_10/Filter_and_Sort_Documents_Redesign_196/filterAndSortDocuments.feature:12)

Filtering and sorting documents in the EUDI Wallet #1.Opening the filter/sort bottom sheet -- Time elapsed: 154.5 s <<< ERROR!
org.openqa.selenium.TimeoutException: 
Expected condition failed: waiting for visibility of element found by By.id: eu.europa.ec.euidi.dev:id/biometric_screen_title, but... org.openqa.selenium.NoSuchElementException: An element could not be located on the page using the given search parameters..
(tried for 110 seconds with 500 milliseconds interval)
Build info: version: '4.40.0', revision: 'b3333f1'
System info: os.name: 'Windows 11', os.arch: 'amd64', os.version: '10.0', java.version: '17.0.9'
Driver info: io.appium.java_client.android.AndroidDriver
Capabilities {appium:androidProcess: eu.europa.ec.euidi.dev, appium:appActivity: eu.europa.ec.assemblylogic...., appium:appPackage: eu.europa.ec.euidi.dev, appium:autoGrantPermissions: true, appium:autoRotate: true, appium:automationName: UiAutomator2, appium:browserstack.appiumLogs: false, appium:browserstack.debug: true, appium:browserstack.deviceLogs: true, appium:browserstack.interactiveDebugging: true, appium:browserstack.video: true, appium:bundleID: eu.europa.ec.euidi.dev, appium:bundleId: eu.europa.ec.euidi.dev, appium:chromedriverPorts: [[18122, 18132]], appium:databaseEnabled: false, appium:desired: {androidProcess: eu.europa.ec.euidi.dev, appActivity: eu.europa.ec.assemblylogic...., appPackage: eu.europa.ec.euidi.dev, autoGrantPermissions: true, autoRotate: true, automationName: UiAutomator2, browserstack.appiumLogs: false, browserstack.debug: true, browserstack.deviceLogs: true, browserstack.interactiveDebugging: true, browserstack.video: true, bundleID: eu.europa.ec.euidi.dev, bundleId: eu.europa.ec.euidi.dev, chromedriverPorts: [[18122, 18132]], deviceName: Samsung Galaxy S22 Ultra, disableIdLocatorAutocompletion: true, disableSuppressAccessibilityService: false, disableWindowAnimation: true, feature_name: filterAndSortDocuments, goog:chromeOptions: {}, name: filterAndSortDocuments - An..., nativeWebScreenshot: true, newCommandTimeout: 0, orientation: PORTRAIT, platformName: Android, platformVersion: 12.0, sessionName: filterAndSortDocuments - An..., settings: {allowInvisibleElements: true}, skipServerInstallation: true, systemPort: 8202, udid: R5CT31AHHQX}, appium:deviceApiLevel: 31, appium:deviceManufacturer: samsung, appium:deviceModel: SM-S908E, appium:deviceName: R5CT31AHHQX, appium:deviceScreenDensity: 450, appium:deviceScreenSize: 1080x2316, appium:deviceUDID: R5CT31AHHQX, appium:disableIdLocatorAutocompletion: true, appium:disableSuppressAccessibilityService: false, appium:disableWindowAnimation: true, appium:feature_name: filterAndSortDocuments, appium:javascriptEnabled: true, appium:locationContextEnabled: false, appium:name: filterAndSortDocuments - An..., appium:nativeWebScreenshot: true, appium:networkConnectionEnabled: true, appium:newCommandTimeout: 0, appium:orientation: PORTRAIT, appium:pixelRatio: 2.8125, appium:platformVersion: 12, appium:sessionName: filterAndSortDocuments - An..., appium:settings: {allowInvisibleElements: true}, appium:skipServerInstallation: true, appium:statBarHeight: 75, appium:systemPort: 8202, appium:takesScreenshot: true, appium:udid: R5CT31AHHQX, appium:viewportRect: {height: 2031, left: 0, top: 75, width: 1080}, appium:warnings: {}, appium:webStorageEnabled: false, goog:chromeOptions: {}, platformName: ANDROID}
Session ID: c1574a2e0b224b2b3810487400015241dbc684fb
	at org.openqa.selenium.support.ui.WebDriverWait.timeoutException(WebDriverWait.java:84)
	at org.openqa.selenium.support.ui.FluentWait.until(FluentWait.java:231)
	at eu.europa.eudi.pages.Wallet.loginPageIsDisplayed(Wallet.java:224)
	at eu.europa.eudi.stepdefs.AutomatedStepDefs.theUserIsOnTheLoginScreen(AutomatedStepDefs.java:878)
	at eu.europa.eudi.stepdefs.AutomatedStepDefs.theUserIsOnTheHomeScreen(AutomatedStepDefs.java:955)
	at eu.europa.eudi.stepdefs.AutomatedStepDefs.theUserIsOnTheDocumentsScreen(AutomatedStepDefs.java:1044)
	at ✽.the user is on the Documents screen(file:///C:/Users/ftheofil/Projects/eu-digital-identity-walleteudi-doc-testing-application-internal/src/test/resources/features/android/New_version_of_the_wallet_UI_10/Filter_and_Sort_Documents_Redesign_196/filterAndSortDocuments.feature:12)

Filtering and sorting documents in the EUDI Wallet #1.Expanding and collapsing the "Sort by" section -- Time elapsed: 154.1 s <<< ERROR!
org.openqa.selenium.TimeoutException: 
Expected condition failed: waiting for visibility of element found by By.id: eu.europa.ec.euidi.dev:id/biometric_screen_title, but... org.openqa.selenium.NoSuchElementException: An element could not be located on the page using the given search parameters..
(tried for 110 seconds with 500 milliseconds interval)
Build info: version: '4.40.0', revision: 'b3333f1'
System info: os.name: 'Windows 11', os.arch: 'amd64', os.version: '10.0', java.version: '17.0.9'
Driver info: io.appium.java_client.android.AndroidDriver
Capabilities {appium:androidProcess: eu.europa.ec.euidi.dev, appium:appActivity: eu.europa.ec.assemblylogic...., appium:appPackage: eu.europa.ec.euidi.dev, appium:autoGrantPermissions: true, appium:autoRotate: true, appium:automationName: UiAutomator2, appium:browserstack.appiumLogs: false, appium:browserstack.debug: true, appium:browserstack.deviceLogs: true, appium:browserstack.interactiveDebugging: true, appium:browserstack.video: true, appium:bundleID: eu.europa.ec.euidi.dev, appium:bundleId: eu.europa.ec.euidi.dev, appium:chromedriverPorts: [[18144, 18154]], appium:databaseEnabled: false, appium:desired: {androidProcess: eu.europa.ec.euidi.dev, appActivity: eu.europa.ec.assemblylogic...., appPackage: eu.europa.ec.euidi.dev, autoGrantPermissions: true, autoRotate: true, automationName: UiAutomator2, browserstack.appiumLogs: false, browserstack.debug: true, browserstack.deviceLogs: true, browserstack.interactiveDebugging: true, browserstack.video: true, bundleID: eu.europa.ec.euidi.dev, bundleId: eu.europa.ec.euidi.dev, chromedriverPorts: [[18144, 18154]], deviceName: Samsung Galaxy S22 Ultra, disableIdLocatorAutocompletion: true, disableSuppressAccessibilityService: false, disableWindowAnimation: true, feature_name: filterAndSortDocuments, goog:chromeOptions: {}, name: filterAndSortDocuments - An..., nativeWebScreenshot: true, newCommandTimeout: 0, orientation: PORTRAIT, platformName: Android, platformVersion: 12.0, sessionName: filterAndSortDocuments - An..., settings: {allowInvisibleElements: true}, skipServerInstallation: true, systemPort: 8204, udid: R5CT31AHM8V}, appium:deviceApiLevel: 31, appium:deviceManufacturer: samsung, appium:deviceModel: SM-S908E, appium:deviceName: R5CT31AHM8V, appium:deviceScreenDensity: 450, appium:deviceScreenSize: 1080x2316, appium:deviceUDID: R5CT31AHM8V, appium:disableIdLocatorAutocompletion: true, appium:disableSuppressAccessibilityService: false, appium:disableWindowAnimation: true, appium:feature_name: filterAndSortDocuments, appium:javascriptEnabled: true, appium:locationContextEnabled: false, appium:name: filterAndSortDocuments - An..., appium:nativeWebScreenshot: true, appium:networkConnectionEnabled: true, appium:newCommandTimeout: 0, appium:orientation: PORTRAIT, appium:pixelRatio: 2.8125, appium:platformVersion: 12, appium:sessionName: filterAndSortDocuments - An..., appium:settings: {allowInvisibleElements: true}, appium:skipServerInstallation: true, appium:statBarHeight: 75, appium:systemPort: 8204, appium:takesScreenshot: true, appium:udid: R5CT31AHM8V, appium:viewportRect: {height: 2031, left: 0, top: 75, width: 1080}, appium:warnings: {}, appium:webStorageEnabled: false, goog:chromeOptions: {}, platformName: ANDROID}
Session ID: ac73d918e990f5ab62471ca9fd43c7d912d19cf7
	at org.openqa.selenium.support.ui.WebDriverWait.timeoutException(WebDriverWait.java:84)
	at org.openqa.selenium.support.ui.FluentWait.until(FluentWait.java:231)
	at eu.europa.eudi.pages.Wallet.loginPageIsDisplayed(Wallet.java:224)
	at eu.europa.eudi.stepdefs.AutomatedStepDefs.theUserIsOnTheLoginScreen(AutomatedStepDefs.java:878)
	at eu.europa.eudi.stepdefs.AutomatedStepDefs.theUserIsOnTheHomeScreen(AutomatedStepDefs.java:955)
	at eu.europa.eudi.stepdefs.AutomatedStepDefs.theUserIsOnTheDocumentsScreen(AutomatedStepDefs.java:1044)
	at ✽.the user is on the Documents screen(file:///C:/Users/ftheofil/Projects/eu-digital-identity-walleteudi-doc-testing-application-internal/src/test/resources/features/android/New_version_of_the_wallet_UI_10/Filter_and_Sort_Documents_Redesign_196/filterAndSortDocuments.feature:12)

Filtering and sorting documents in the EUDI Wallet #1.Sorting documents by attribute -- Time elapsed: 166.1 s <<< ERROR!
org.openqa.selenium.TimeoutException: 
Expected condition failed: waiting for visibility of element found by By.id: eu.europa.ec.euidi.dev:id/biometric_screen_title, but... org.openqa.selenium.NoSuchElementException: An element could not be located on the page using the given search parameters..
(tried for 110 seconds with 500 milliseconds interval)
Build info: version: '4.40.0', revision: 'b3333f1'
System info: os.name: 'Windows 11', os.arch: 'amd64', os.version: '10.0', java.version: '17.0.9'
Driver info: io.appium.java_client.android.AndroidDriver
Capabilities {appium:androidProcess: eu.europa.ec.euidi.dev, appium:appActivity: eu.europa.ec.assemblylogic...., appium:appPackage: eu.europa.ec.euidi.dev, appium:autoGrantPermissions: true, appium:autoRotate: true, appium:automationName: UiAutomator2, appium:browserstack.appiumLogs: false, appium:browserstack.debug: true, appium:browserstack.deviceLogs: true, appium:browserstack.interactiveDebugging: true, appium:browserstack.video: true, appium:bundleID: eu.europa.ec.euidi.dev, appium:bundleId: eu.europa.ec.euidi.dev, appium:chromedriverPorts: [[18155, 18165]], appium:databaseEnabled: false, appium:desired: {androidProcess: eu.europa.ec.euidi.dev, appActivity: eu.europa.ec.assemblylogic...., appPackage: eu.europa.ec.euidi.dev, autoGrantPermissions: true, autoRotate: true, automationName: UiAutomator2, browserstack.appiumLogs: false, browserstack.debug: true, browserstack.deviceLogs: true, browserstack.interactiveDebugging: true, browserstack.video: true, bundleID: eu.europa.ec.euidi.dev, bundleId: eu.europa.ec.euidi.dev, chromedriverPorts: [[18155, 18165]], deviceName: Samsung Galaxy S22 Ultra, disableIdLocatorAutocompletion: true, disableSuppressAccessibilityService: false, disableWindowAnimation: true, feature_name: filterAndSortDocuments, goog:chromeOptions: {}, name: filterAndSortDocuments - An..., nativeWebScreenshot: true, newCommandTimeout: 0, orientation: PORTRAIT, platformName: Android, platformVersion: 12.0, sessionName: filterAndSortDocuments - An..., settings: {allowInvisibleElements: true}, skipServerInstallation: true, systemPort: 8205, udid: R3CT4089E6T}, appium:deviceApiLevel: 31, appium:deviceManufacturer: samsung, appium:deviceModel: SM-S908B, appium:deviceName: R3CT4089E6T, appium:deviceScreenDensity: 450, appium:deviceScreenSize: 1080x2316, appium:deviceUDID: R3CT4089E6T, appium:disableIdLocatorAutocompletion: true, appium:disableSuppressAccessibilityService: false, appium:disableWindowAnimation: true, appium:feature_name: filterAndSortDocuments, appium:javascriptEnabled: true, appium:locationContextEnabled: false, appium:name: filterAndSortDocuments - An..., appium:nativeWebScreenshot: true, appium:networkConnectionEnabled: true, appium:newCommandTimeout: 0, appium:orientation: PORTRAIT, appium:pixelRatio: 2.8125, appium:platformVersion: 12, appium:sessionName: filterAndSortDocuments - An..., appium:settings: {allowInvisibleElements: true}, appium:skipServerInstallation: true, appium:statBarHeight: 75, appium:systemPort: 8205, appium:takesScreenshot: true, appium:udid: R3CT4089E6T, appium:viewportRect: {height: 2031, left: 0, top: 75, width: 1080}, appium:warnings: {}, appium:webStorageEnabled: false, goog:chromeOptions: {}, platformName: ANDROID}
Session ID: 01ad45d12a632f6e3d425fa32c060bde35d8ecf8
	at org.openqa.selenium.support.ui.WebDriverWait.timeoutException(WebDriverWait.java:84)
	at org.openqa.selenium.support.ui.FluentWait.until(FluentWait.java:231)
	at eu.europa.eudi.pages.Wallet.loginPageIsDisplayed(Wallet.java:224)
	at eu.europa.eudi.stepdefs.AutomatedStepDefs.theUserIsOnTheLoginScreen(AutomatedStepDefs.java:878)
	at eu.europa.eudi.stepdefs.AutomatedStepDefs.theUserIsOnTheHomeScreen(AutomatedStepDefs.java:955)
	at eu.europa.eudi.stepdefs.AutomatedStepDefs.theUserIsOnTheDocumentsScreen(AutomatedStepDefs.java:1044)
	at ✽.the user is on the Documents screen(file:///C:/Users/ftheofil/Projects/eu-digital-identity-walleteudi-doc-testing-application-internal/src/test/resources/features/android/New_version_of_the_wallet_UI_10/Filter_and_Sort_Documents_Redesign_196/filterAndSortDocuments.feature:12)

Filtering and sorting documents in the EUDI Wallet #1.Sorting documents by default option with grouping -- Time elapsed: 147.1 s <<< ERROR!
org.openqa.selenium.TimeoutException: 
Expected condition failed: waiting for visibility of element found by By.id: eu.europa.ec.euidi.dev:id/biometric_screen_title, but... org.openqa.selenium.NoSuchElementException: An element could not be located on the page using the given search parameters..
(tried for 110 seconds with 500 milliseconds interval)
Build info: version: '4.40.0', revision: 'b3333f1'
System info: os.name: 'Windows 11', os.arch: 'amd64', os.version: '10.0', java.version: '17.0.9'
Driver info: io.appium.java_client.android.AndroidDriver
Capabilities {appium:androidProcess: eu.europa.ec.euidi.dev, appium:appActivity: eu.europa.ec.assemblylogic...., appium:appPackage: eu.europa.ec.euidi.dev, appium:autoGrantPermissions: true, appium:autoRotate: true, appium:automationName: UiAutomator2, appium:browserstack.appiumLogs: false, appium:browserstack.debug: true, appium:browserstack.deviceLogs: true, appium:browserstack.interactiveDebugging: true, appium:browserstack.video: true, appium:bundleID: eu.europa.ec.euidi.dev, appium:bundleId: eu.europa.ec.euidi.dev, appium:chromedriverPorts: [[18144, 18154]], appium:databaseEnabled: false, appium:desired: {androidProcess: eu.europa.ec.euidi.dev, appActivity: eu.europa.ec.assemblylogic...., appPackage: eu.europa.ec.euidi.dev, autoGrantPermissions: true, autoRotate: true, automationName: UiAutomator2, browserstack.appiumLogs: false, browserstack.debug: true, browserstack.deviceLogs: true, browserstack.interactiveDebugging: true, browserstack.video: true, bundleID: eu.europa.ec.euidi.dev, bundleId: eu.europa.ec.euidi.dev, chromedriverPorts: [[18144, 18154]], deviceName: Samsung Galaxy S22 Ultra, disableIdLocatorAutocompletion: true, disableSuppressAccessibilityService: false, disableWindowAnimation: true, feature_name: filterAndSortDocuments, goog:chromeOptions: {}, name: filterAndSortDocuments - An..., nativeWebScreenshot: true, newCommandTimeout: 0, orientation: PORTRAIT, platformName: Android, platformVersion: 12.0, sessionName: filterAndSortDocuments - An..., settings: {allowInvisibleElements: true}, skipServerInstallation: true, systemPort: 8204, udid: R5CT11D0TEJ}, appium:deviceApiLevel: 31, appium:deviceManufacturer: samsung, appium:deviceModel: SM-S908B, appium:deviceName: R5CT11D0TEJ, appium:deviceScreenDensity: 450, appium:deviceScreenSize: 1080x2316, appium:deviceUDID: R5CT11D0TEJ, appium:disableIdLocatorAutocompletion: true, appium:disableSuppressAccessibilityService: false, appium:disableWindowAnimation: true, appium:feature_name: filterAndSortDocuments, appium:javascriptEnabled: true, appium:locationContextEnabled: false, appium:name: filterAndSortDocuments - An..., appium:nativeWebScreenshot: true, appium:networkConnectionEnabled: true, appium:newCommandTimeout: 0, appium:orientation: PORTRAIT, appium:pixelRatio: 2.8125, appium:platformVersion: 12, appium:sessionName: filterAndSortDocuments - An..., appium:settings: {allowInvisibleElements: true}, appium:skipServerInstallation: true, appium:statBarHeight: 75, appium:systemPort: 8204, appium:takesScreenshot: true, appium:udid: R5CT11D0TEJ, appium:viewportRect: {height: 2031, left: 0, top: 75, width: 1080}, appium:warnings: {}, appium:webStorageEnabled: false, goog:chromeOptions: {}, platformName: ANDROID}
Session ID: 310d560542f2872c71546c4fb43591e21d167878
	at org.openqa.selenium.support.ui.WebDriverWait.timeoutException(WebDriverWait.java:84)
	at org.openqa.selenium.support.ui.FluentWait.until(FluentWait.java:231)
	at eu.europa.eudi.pages.Wallet.loginPageIsDisplayed(Wallet.java:224)
	at eu.europa.eudi.stepdefs.AutomatedStepDefs.theUserIsOnTheLoginScreen(AutomatedStepDefs.java:878)
	at eu.europa.eudi.stepdefs.AutomatedStepDefs.theUserIsOnTheHomeScreen(AutomatedStepDefs.java:955)
	at eu.europa.eudi.stepdefs.AutomatedStepDefs.theUserIsOnTheDocumentsScreen(AutomatedStepDefs.java:1044)
	at ✽.the user is on the Documents screen(file:///C:/Users/ftheofil/Projects/eu-digital-identity-walleteudi-doc-testing-application-internal/src/test/resources/features/android/New_version_of_the_wallet_UI_10/Filter_and_Sort_Documents_Redesign_196/filterAndSortDocuments.feature:12)

Filtering and sorting documents in the EUDI Wallet #1.Expanding and collapsing the "Filter by Category" section -- Time elapsed: 140.5 s <<< ERROR!
org.openqa.selenium.TimeoutException: 
Expected condition failed: waiting for visibility of element found by By.id: eu.europa.ec.euidi.dev:id/biometric_screen_title, but... org.openqa.selenium.NoSuchElementException: An element could not be located on the page using the given search parameters..
(tried for 110 seconds with 500 milliseconds interval)
Build info: version: '4.40.0', revision: 'b3333f1'
System info: os.name: 'Windows 11', os.arch: 'amd64', os.version: '10.0', java.version: '17.0.9'
Driver info: io.appium.java_client.android.AndroidDriver
Capabilities {appium:androidProcess: eu.europa.ec.euidi.dev, appium:appActivity: eu.europa.ec.assemblylogic...., appium:appPackage: eu.europa.ec.euidi.dev, appium:autoGrantPermissions: true, appium:autoRotate: true, appium:automationName: UiAutomator2, appium:browserstack.appiumLogs: false, appium:browserstack.debug: true, appium:browserstack.deviceLogs: true, appium:browserstack.interactiveDebugging: true, appium:browserstack.video: true, appium:bundleID: eu.europa.ec.euidi.dev, appium:bundleId: eu.europa.ec.euidi.dev, appium:chromedriverPorts: [[18133, 18143]], appium:databaseEnabled: false, appium:desired: {androidProcess: eu.europa.ec.euidi.dev, appActivity: eu.europa.ec.assemblylogic...., appPackage: eu.europa.ec.euidi.dev, autoGrantPermissions: true, autoRotate: true, automationName: UiAutomator2, browserstack.appiumLogs: false, browserstack.debug: true, browserstack.deviceLogs: true, browserstack.interactiveDebugging: true, browserstack.video: true, bundleID: eu.europa.ec.euidi.dev, bundleId: eu.europa.ec.euidi.dev, chromedriverPorts: [[18133, 18143]], deviceName: Samsung Galaxy S22 Ultra, disableIdLocatorAutocompletion: true, disableSuppressAccessibilityService: false, disableWindowAnimation: true, feature_name: filterAndSortDocuments, goog:chromeOptions: {}, name: filterAndSortDocuments - An..., nativeWebScreenshot: true, newCommandTimeout: 0, orientation: PORTRAIT, platformName: Android, platformVersion: 12.0, sessionName: filterAndSortDocuments - An..., settings: {allowInvisibleElements: true}, skipServerInstallation: true, systemPort: 8203, udid: R3CT4088Y3F}, appium:deviceApiLevel: 31, appium:deviceManufacturer: samsung, appium:deviceModel: SM-S908B, appium:deviceName: R3CT4088Y3F, appium:deviceScreenDensity: 450, appium:deviceScreenSize: 1080x2316, appium:deviceUDID: R3CT4088Y3F, appium:disableIdLocatorAutocompletion: true, appium:disableSuppressAccessibilityService: false, appium:disableWindowAnimation: true, appium:feature_name: filterAndSortDocuments, appium:javascriptEnabled: true, appium:locationContextEnabled: false, appium:name: filterAndSortDocuments - An..., appium:nativeWebScreenshot: true, appium:networkConnectionEnabled: true, appium:newCommandTimeout: 0, appium:orientation: PORTRAIT, appium:pixelRatio: 2.8125, appium:platformVersion: 12, appium:sessionName: filterAndSortDocuments - An..., appium:settings: {allowInvisibleElements: true}, appium:skipServerInstallation: true, appium:statBarHeight: 75, appium:systemPort: 8203, appium:takesScreenshot: true, appium:udid: R3CT4088Y3F, appium:viewportRect: {height: 2031, left: 0, top: 75, width: 1080}, appium:warnings: {}, appium:webStorageEnabled: false, goog:chromeOptions: {}, platformName: ANDROID}
Session ID: 26b496244295ccb50e5fa2c32879b500041edabf
	at org.openqa.selenium.support.ui.WebDriverWait.timeoutException(WebDriverWait.java:84)
	at org.openqa.selenium.support.ui.FluentWait.until(FluentWait.java:231)
	at eu.europa.eudi.pages.Wallet.loginPageIsDisplayed(Wallet.java:224)
	at eu.europa.eudi.stepdefs.AutomatedStepDefs.theUserIsOnTheLoginScreen(AutomatedStepDefs.java:878)
	at eu.europa.eudi.stepdefs.AutomatedStepDefs.theUserIsOnTheHomeScreen(AutomatedStepDefs.java:955)
	at eu.europa.eudi.stepdefs.AutomatedStepDefs.theUserIsOnTheDocumentsScreen(AutomatedStepDefs.java:1044)
	at ✽.the user is on the Documents screen(file:///C:/Users/ftheofil/Projects/eu-digital-identity-walleteudi-doc-testing-application-internal/src/test/resources/features/android/New_version_of_the_wallet_UI_10/Filter_and_Sort_Documents_Redesign_196/filterAndSortDocuments.feature:12)

Filtering and sorting documents in the EUDI Wallet #1.Filtering documents by category -- Time elapsed: 150.1 s <<< ERROR!
org.openqa.selenium.TimeoutException: 
Expected condition failed: waiting for visibility of element found by By.id: eu.europa.ec.euidi.dev:id/biometric_screen_title, but... org.openqa.selenium.NoSuchElementException: An element could not be located on the page using the given search parameters..
(tried for 110 seconds with 500 milliseconds interval)
Build info: version: '4.40.0', revision: 'b3333f1'
System info: os.name: 'Windows 11', os.arch: 'amd64', os.version: '10.0', java.version: '17.0.9'
Driver info: io.appium.java_client.android.AndroidDriver
Capabilities {appium:androidProcess: eu.europa.ec.euidi.dev, appium:appActivity: eu.europa.ec.assemblylogic...., appium:appPackage: eu.europa.ec.euidi.dev, appium:autoGrantPermissions: true, appium:autoRotate: true, appium:automationName: UiAutomator2, appium:browserstack.appiumLogs: false, appium:browserstack.debug: true, appium:browserstack.deviceLogs: true, appium:browserstack.interactiveDebugging: true, appium:browserstack.video: true, appium:bundleID: eu.europa.ec.euidi.dev, appium:bundleId: eu.europa.ec.euidi.dev, appium:chromedriverPorts: [[18144, 18154]], appium:databaseEnabled: false, appium:desired: {androidProcess: eu.europa.ec.euidi.dev, appActivity: eu.europa.ec.assemblylogic...., appPackage: eu.europa.ec.euidi.dev, autoGrantPermissions: true, autoRotate: true, automationName: UiAutomator2, browserstack.appiumLogs: false, browserstack.debug: true, browserstack.deviceLogs: true, browserstack.interactiveDebugging: true, browserstack.video: true, bundleID: eu.europa.ec.euidi.dev, bundleId: eu.europa.ec.euidi.dev, chromedriverPorts: [[18144, 18154]], deviceName: Samsung Galaxy S22 Ultra, disableIdLocatorAutocompletion: true, disableSuppressAccessibilityService: false, disableWindowAnimation: true, feature_name: filterAndSortDocuments, goog:chromeOptions: {}, name: filterAndSortDocuments - An..., nativeWebScreenshot: true, newCommandTimeout: 0, orientation: PORTRAIT, platformName: Android, platformVersion: 12.0, sessionName: filterAndSortDocuments - An..., settings: {allowInvisibleElements: true}, skipServerInstallation: true, systemPort: 8204, udid: R3CT40AGN6F}, appium:deviceApiLevel: 31, appium:deviceManufacturer: samsung, appium:deviceModel: SM-S908B, appium:deviceName: R3CT40AGN6F, appium:deviceScreenDensity: 450, appium:deviceScreenSize: 1080x2316, appium:deviceUDID: R3CT40AGN6F, appium:disableIdLocatorAutocompletion: true, appium:disableSuppressAccessibilityService: false, appium:disableWindowAnimation: true, appium:feature_name: filterAndSortDocuments, appium:javascriptEnabled: true, appium:locationContextEnabled: false, appium:name: filterAndSortDocuments - An..., appium:nativeWebScreenshot: true, appium:networkConnectionEnabled: true, appium:newCommandTimeout: 0, appium:orientation: PORTRAIT, appium:pixelRatio: 2.8125, appium:platformVersion: 12, appium:sessionName: filterAndSortDocuments - An..., appium:settings: {allowInvisibleElements: true}, appium:skipServerInstallation: true, appium:statBarHeight: 75, appium:systemPort: 8204, appium:takesScreenshot: true, appium:udid: R3CT40AGN6F, appium:viewportRect: {height: 2031, left: 0, top: 75, width: 1080}, appium:warnings: {}, appium:webStorageEnabled: false, goog:chromeOptions: {}, platformName: ANDROID}
Session ID: c9a2cbb9b4df96b65f6f6f5d80dcaab491dfde60
	at org.openqa.selenium.support.ui.WebDriverWait.timeoutException(WebDriverWait.java:84)
	at org.openqa.selenium.support.ui.FluentWait.until(FluentWait.java:231)
	at eu.europa.eudi.pages.Wallet.loginPageIsDisplayed(Wallet.java:224)
	at eu.europa.eudi.stepdefs.AutomatedStepDefs.theUserIsOnTheLoginScreen(AutomatedStepDefs.java:878)
	at eu.europa.eudi.stepdefs.AutomatedStepDefs.theUserIsOnTheHomeScreen(AutomatedStepDefs.java:955)
	at eu.europa.eudi.stepdefs.AutomatedStepDefs.theUserIsOnTheDocumentsScreen(AutomatedStepDefs.java:1044)
	at ✽.the user is on the Documents screen(file:///C:/Users/ftheofil/Projects/eu-digital-identity-walleteudi-doc-testing-application-internal/src/test/resources/features/android/New_version_of_the_wallet_UI_10/Filter_and_Sort_Documents_Redesign_196/filterAndSortDocuments.feature:12)

Filtering and sorting documents in the EUDI Wallet #1.Filtering documents by issuer -- Time elapsed: 150.9 s <<< ERROR!
org.openqa.selenium.TimeoutException: 
Expected condition failed: waiting for visibility of element found by By.id: eu.europa.ec.euidi.dev:id/biometric_screen_title, but... org.openqa.selenium.NoSuchElementException: An element could not be located on the page using the given search parameters..
(tried for 110 seconds with 500 milliseconds interval)
Build info: version: '4.40.0', revision: 'b3333f1'
System info: os.name: 'Windows 11', os.arch: 'amd64', os.version: '10.0', java.version: '17.0.9'
Driver info: io.appium.java_client.android.AndroidDriver
Capabilities {appium:androidProcess: eu.europa.ec.euidi.dev, appium:appActivity: eu.europa.ec.assemblylogic...., appium:appPackage: eu.europa.ec.euidi.dev, appium:autoGrantPermissions: true, appium:autoRotate: true, appium:automationName: UiAutomator2, appium:browserstack.appiumLogs: false, appium:browserstack.debug: true, appium:browserstack.deviceLogs: true, appium:browserstack.interactiveDebugging: true, appium:browserstack.video: true, appium:bundleID: eu.europa.ec.euidi.dev, appium:bundleId: eu.europa.ec.euidi.dev, appium:chromedriverPorts: [[18166, 18176]], appium:databaseEnabled: false, appium:desired: {androidProcess: eu.europa.ec.euidi.dev, appActivity: eu.europa.ec.assemblylogic...., appPackage: eu.europa.ec.euidi.dev, autoGrantPermissions: true, autoRotate: true, automationName: UiAutomator2, browserstack.appiumLogs: false, browserstack.debug: true, browserstack.deviceLogs: true, browserstack.interactiveDebugging: true, browserstack.video: true, bundleID: eu.europa.ec.euidi.dev, bundleId: eu.europa.ec.euidi.dev, chromedriverPorts: [[18166, 18176]], deviceName: Samsung Galaxy S22 Ultra, disableIdLocatorAutocompletion: true, disableSuppressAccessibilityService: false, disableWindowAnimation: true, feature_name: filterAndSortDocuments, goog:chromeOptions: {}, name: filterAndSortDocuments - An..., nativeWebScreenshot: true, newCommandTimeout: 0, orientation: PORTRAIT, platformName: Android, platformVersion: 12.0, sessionName: filterAndSortDocuments - An..., settings: {allowInvisibleElements: true}, skipServerInstallation: true, systemPort: 8206, udid: R3CT30WDA2R}, appium:deviceApiLevel: 31, appium:deviceManufacturer: samsung, appium:deviceModel: SM-S908B, appium:deviceName: R3CT30WDA2R, appium:deviceScreenDensity: 450, appium:deviceScreenSize: 1080x2316, appium:deviceUDID: R3CT30WDA2R, appium:disableIdLocatorAutocompletion: true, appium:disableSuppressAccessibilityService: false, appium:disableWindowAnimation: true, appium:feature_name: filterAndSortDocuments, appium:javascriptEnabled: true, appium:locationContextEnabled: false, appium:name: filterAndSortDocuments - An..., appium:nativeWebScreenshot: true, appium:networkConnectionEnabled: true, appium:newCommandTimeout: 0, appium:orientation: PORTRAIT, appium:pixelRatio: 2.8125, appium:platformVersion: 12, appium:sessionName: filterAndSortDocuments - An..., appium:settings: {allowInvisibleElements: true}, appium:skipServerInstallation: true, appium:statBarHeight: 75, appium:systemPort: 8206, appium:takesScreenshot: true, appium:udid: R3CT30WDA2R, appium:viewportRect: {height: 2031, left: 0, top: 75, width: 1080}, appium:warnings: {}, appium:webStorageEnabled: false, goog:chromeOptions: {}, platformName: ANDROID}
Session ID: 36dc29f0a4934d5b07f9334a419a0dcbf7ae523f
	at org.openqa.selenium.support.ui.WebDriverWait.timeoutException(WebDriverWait.java:84)
	at org.openqa.selenium.support.ui.FluentWait.until(FluentWait.java:231)
	at eu.europa.eudi.pages.Wallet.loginPageIsDisplayed(Wallet.java:224)
	at eu.europa.eudi.stepdefs.AutomatedStepDefs.theUserIsOnTheLoginScreen(AutomatedStepDefs.java:878)
	at eu.europa.eudi.stepdefs.AutomatedStepDefs.theUserIsOnTheHomeScreen(AutomatedStepDefs.java:955)
	at eu.europa.eudi.stepdefs.AutomatedStepDefs.theUserIsOnTheDocumentsScreen(AutomatedStepDefs.java:1044)
	at ✽.the user is on the Documents screen(file:///C:/Users/ftheofil/Projects/eu-digital-identity-walleteudi-doc-testing-application-internal/src/test/resources/features/android/New_version_of_the_wallet_UI_10/Filter_and_Sort_Documents_Redesign_196/filterAndSortDocuments.feature:12)

Filtering and sorting documents in the EUDI Wallet #1.Filtering documents by expiry period -- Time elapsed: 161.0 s <<< ERROR!
org.openqa.selenium.TimeoutException: 
Expected condition failed: waiting for visibility of element found by By.id: eu.europa.ec.euidi.dev:id/biometric_screen_title, but... org.openqa.selenium.NoSuchElementException: An element could not be located on the page using the given search parameters..
(tried for 110 seconds with 500 milliseconds interval)
Build info: version: '4.40.0', revision: 'b3333f1'
System info: os.name: 'Windows 11', os.arch: 'amd64', os.version: '10.0', java.version: '17.0.9'
Driver info: io.appium.java_client.android.AndroidDriver
Capabilities {appium:androidProcess: eu.europa.ec.euidi.dev, appium:appActivity: eu.europa.ec.assemblylogic...., appium:appPackage: eu.europa.ec.euidi.dev, appium:autoGrantPermissions: true, appium:autoRotate: true, appium:automationName: UiAutomator2, appium:browserstack.appiumLogs: false, appium:browserstack.debug: true, appium:browserstack.deviceLogs: true, appium:browserstack.interactiveDebugging: true, appium:browserstack.video: true, appium:bundleID: eu.europa.ec.euidi.dev, appium:bundleId: eu.europa.ec.euidi.dev, appium:chromedriverPorts: [[18100, 18110]], appium:databaseEnabled: false, appium:desired: {androidProcess: eu.europa.ec.euidi.dev, appActivity: eu.europa.ec.assemblylogic...., appPackage: eu.europa.ec.euidi.dev, autoGrantPermissions: true, autoRotate: true, automationName: UiAutomator2, browserstack.appiumLogs: false, browserstack.debug: true, browserstack.deviceLogs: true, browserstack.interactiveDebugging: true, browserstack.video: true, bundleID: eu.europa.ec.euidi.dev, bundleId: eu.europa.ec.euidi.dev, chromedriverPorts: [[18100, 18110]], deviceName: Samsung Galaxy S22 Ultra, disableIdLocatorAutocompletion: true, disableSuppressAccessibilityService: false, disableWindowAnimation: true, feature_name: filterAndSortDocuments, goog:chromeOptions: {}, name: filterAndSortDocuments - An..., nativeWebScreenshot: true, newCommandTimeout: 0, orientation: PORTRAIT, platformName: Android, platformVersion: 12.0, sessionName: filterAndSortDocuments - An..., settings: {allowInvisibleElements: true}, skipServerInstallation: true, systemPort: 8200, udid: R3CT408BWYZ}, appium:deviceApiLevel: 31, appium:deviceManufacturer: samsung, appium:deviceModel: SM-S908B, appium:deviceName: R3CT408BWYZ, appium:deviceScreenDensity: 450, appium:deviceScreenSize: 1080x2316, appium:deviceUDID: R3CT408BWYZ, appium:disableIdLocatorAutocompletion: true, appium:disableSuppressAccessibilityService: false, appium:disableWindowAnimation: true, appium:feature_name: filterAndSortDocuments, appium:javascriptEnabled: true, appium:locationContextEnabled: false, appium:name: filterAndSortDocuments - An..., appium:nativeWebScreenshot: true, appium:networkConnectionEnabled: true, appium:newCommandTimeout: 0, appium:orientation: PORTRAIT, appium:pixelRatio: 2.8125, appium:platformVersion: 12, appium:sessionName: filterAndSortDocuments - An..., appium:settings: {allowInvisibleElements: true}, appium:skipServerInstallation: true, appium:statBarHeight: 75, appium:systemPort: 8200, appium:takesScreenshot: true, appium:udid: R3CT408BWYZ, appium:viewportRect: {height: 2031, left: 0, top: 75, width: 1080}, appium:warnings: {}, appium:webStorageEnabled: false, goog:chromeOptions: {}, platformName: ANDROID}
Session ID: fbe42c4634bf7f3a96c8f8ed216884d8205f3498
	at org.openqa.selenium.support.ui.WebDriverWait.timeoutException(WebDriverWait.java:84)
	at org.openqa.selenium.support.ui.FluentWait.until(FluentWait.java:231)
	at eu.europa.eudi.pages.Wallet.loginPageIsDisplayed(Wallet.java:224)
	at eu.europa.eudi.stepdefs.AutomatedStepDefs.theUserIsOnTheLoginScreen(AutomatedStepDefs.java:878)
	at eu.europa.eudi.stepdefs.AutomatedStepDefs.theUserIsOnTheHomeScreen(AutomatedStepDefs.java:955)
	at eu.europa.eudi.stepdefs.AutomatedStepDefs.theUserIsOnTheDocumentsScreen(AutomatedStepDefs.java:1044)
	at ✽.the user is on the Documents screen(file:///C:/Users/ftheofil/Projects/eu-digital-identity-walleteudi-doc-testing-application-internal/src/test/resources/features/android/New_version_of_the_wallet_UI_10/Filter_and_Sort_Documents_Redesign_196/filterAndSortDocuments.feature:12)

Filtering and sorting documents in the EUDI Wallet #1.Resetting filters and sorting -- Time elapsed: 147.9 s <<< ERROR!
org.openqa.selenium.TimeoutException: 
Expected condition failed: waiting for visibility of element found by By.id: eu.europa.ec.euidi.dev:id/biometric_screen_title, but... org.openqa.selenium.NoSuchElementException: An element could not be located on the page using the given search parameters..
(tried for 110 seconds with 500 milliseconds interval)
Build info: version: '4.40.0', revision: 'b3333f1'
System info: os.name: 'Windows 11', os.arch: 'amd64', os.version: '10.0', java.version: '17.0.9'
Driver info: io.appium.java_client.android.AndroidDriver
Capabilities {appium:androidProcess: eu.europa.ec.euidi.dev, appium:appActivity: eu.europa.ec.assemblylogic...., appium:appPackage: eu.europa.ec.euidi.dev, appium:autoGrantPermissions: true, appium:autoRotate: true, appium:automationName: UiAutomator2, appium:browserstack.appiumLogs: false, appium:browserstack.debug: true, appium:browserstack.deviceLogs: true, appium:browserstack.interactiveDebugging: true, appium:browserstack.video: true, appium:bundleID: eu.europa.ec.euidi.dev, appium:bundleId: eu.europa.ec.euidi.dev, appium:chromedriverPorts: [[18111, 18121]], appium:databaseEnabled: false, appium:desired: {androidProcess: eu.europa.ec.euidi.dev, appActivity: eu.europa.ec.assemblylogic...., appPackage: eu.europa.ec.euidi.dev, autoGrantPermissions: true, autoRotate: true, automationName: UiAutomator2, browserstack.appiumLogs: false, browserstack.debug: true, browserstack.deviceLogs: true, browserstack.interactiveDebugging: true, browserstack.video: true, bundleID: eu.europa.ec.euidi.dev, bundleId: eu.europa.ec.euidi.dev, chromedriverPorts: [[18111, 18121]], deviceName: Samsung Galaxy S22 Ultra, disableIdLocatorAutocompletion: true, disableSuppressAccessibilityService: false, disableWindowAnimation: true, feature_name: filterAndSortDocuments, goog:chromeOptions: {}, name: filterAndSortDocuments - An..., nativeWebScreenshot: true, newCommandTimeout: 0, orientation: PORTRAIT, platformName: Android, platformVersion: 12.0, sessionName: filterAndSortDocuments - An..., settings: {allowInvisibleElements: true}, skipServerInstallation: true, systemPort: 8201, udid: R3CT408A1EF}, appium:deviceApiLevel: 31, appium:deviceManufacturer: samsung, appium:deviceModel: SM-S908B, appium:deviceName: R3CT408A1EF, appium:deviceScreenDensity: 450, appium:deviceScreenSize: 1080x2316, appium:deviceUDID: R3CT408A1EF, appium:disableIdLocatorAutocompletion: true, appium:disableSuppressAccessibilityService: false, appium:disableWindowAnimation: true, appium:feature_name: filterAndSortDocuments, appium:javascriptEnabled: true, appium:locationContextEnabled: false, appium:name: filterAndSortDocuments - An..., appium:nativeWebScreenshot: true, appium:networkConnectionEnabled: true, appium:newCommandTimeout: 0, appium:orientation: PORTRAIT, appium:pixelRatio: 2.8125, appium:platformVersion: 12, appium:sessionName: filterAndSortDocuments - An..., appium:settings: {allowInvisibleElements: true}, appium:skipServerInstallation: true, appium:statBarHeight: 75, appium:systemPort: 8201, appium:takesScreenshot: true, appium:udid: R3CT408A1EF, appium:viewportRect: {height: 2031, left: 0, top: 75, width: 1080}, appium:warnings: {}, appium:webStorageEnabled: false, goog:chromeOptions: {}, platformName: ANDROID}
Session ID: d38ce77b91ecd3a21ca95995afdc21579ac7ce9e
	at org.openqa.selenium.support.ui.WebDriverWait.timeoutException(WebDriverWait.java:84)
	at org.openqa.selenium.support.ui.FluentWait.until(FluentWait.java:231)
	at eu.europa.eudi.pages.Wallet.loginPageIsDisplayed(Wallet.java:224)
	at eu.europa.eudi.stepdefs.AutomatedStepDefs.theUserIsOnTheLoginScreen(AutomatedStepDefs.java:878)
	at eu.europa.eudi.stepdefs.AutomatedStepDefs.theUserIsOnTheHomeScreen(AutomatedStepDefs.java:955)
	at eu.europa.eudi.stepdefs.AutomatedStepDefs.theUserIsOnTheDocumentsScreen(AutomatedStepDefs.java:1044)
	at ✽.the user is on the Documents screen(file:///C:/Users/ftheofil/Projects/eu-digital-identity-walleteudi-doc-testing-application-internal/src/test/resources/features/android/New_version_of_the_wallet_UI_10/Filter_and_Sort_Documents_Redesign_196/filterAndSortDocuments.feature:12)

Filtering and sorting documents in the EUDI Wallet #1.No matching documents found after applying filters -- Time elapsed: 147.0 s <<< ERROR!
org.openqa.selenium.TimeoutException: 
Expected condition failed: waiting for visibility of element found by By.id: eu.europa.ec.euidi.dev:id/biometric_screen_title, but... org.openqa.selenium.NoSuchElementException: An element could not be located on the page using the given search parameters..
(tried for 110 seconds with 500 milliseconds interval)
Build info: version: '4.40.0', revision: 'b3333f1'
System info: os.name: 'Windows 11', os.arch: 'amd64', os.version: '10.0', java.version: '17.0.9'
Driver info: io.appium.java_client.android.AndroidDriver
Capabilities {appium:androidProcess: eu.europa.ec.euidi.dev, appium:appActivity: eu.europa.ec.assemblylogic...., appium:appPackage: eu.europa.ec.euidi.dev, appium:autoGrantPermissions: true, appium:autoRotate: true, appium:automationName: UiAutomator2, appium:browserstack.appiumLogs: false, appium:browserstack.debug: true, appium:browserstack.deviceLogs: true, appium:browserstack.interactiveDebugging: true, appium:browserstack.video: true, appium:bundleID: eu.europa.ec.euidi.dev, appium:bundleId: eu.europa.ec.euidi.dev, appium:chromedriverPorts: [[18100, 18110]], appium:databaseEnabled: false, appium:desired: {androidProcess: eu.europa.ec.euidi.dev, appActivity: eu.europa.ec.assemblylogic...., appPackage: eu.europa.ec.euidi.dev, autoGrantPermissions: true, autoRotate: true, automationName: UiAutomator2, browserstack.appiumLogs: false, browserstack.debug: true, browserstack.deviceLogs: true, browserstack.interactiveDebugging: true, browserstack.video: true, bundleID: eu.europa.ec.euidi.dev, bundleId: eu.europa.ec.euidi.dev, chromedriverPorts: [[18100, 18110]], deviceName: Samsung Galaxy S22 Ultra, disableIdLocatorAutocompletion: true, disableSuppressAccessibilityService: false, disableWindowAnimation: true, feature_name: filterAndSortDocuments, goog:chromeOptions: {}, name: filterAndSortDocuments - An..., nativeWebScreenshot: true, newCommandTimeout: 0, orientation: PORTRAIT, platformName: Android, platformVersion: 12.0, sessionName: filterAndSortDocuments - An..., settings: {allowInvisibleElements: true}, skipServerInstallation: true, systemPort: 8200, udid: R5CT317D3TL}, appium:deviceApiLevel: 31, appium:deviceManufacturer: samsung, appium:deviceModel: SM-S908E, appium:deviceName: R5CT317D3TL, appium:deviceScreenDensity: 450, appium:deviceScreenSize: 1080x2316, appium:deviceUDID: R5CT317D3TL, appium:disableIdLocatorAutocompletion: true, appium:disableSuppressAccessibilityService: false, appium:disableWindowAnimation: true, appium:feature_name: filterAndSortDocuments, appium:javascriptEnabled: true, appium:locationContextEnabled: false, appium:name: filterAndSortDocuments - An..., appium:nativeWebScreenshot: true, appium:networkConnectionEnabled: true, appium:newCommandTimeout: 0, appium:orientation: PORTRAIT, appium:pixelRatio: 2.8125, appium:platformVersion: 12, appium:sessionName: filterAndSortDocuments - An..., appium:settings: {allowInvisibleElements: true}, appium:skipServerInstallation: true, appium:statBarHeight: 75, appium:systemPort: 8200, appium:takesScreenshot: true, appium:udid: R5CT317D3TL, appium:viewportRect: {height: 2031, left: 0, top: 75, width: 1080}, appium:warnings: {}, appium:webStorageEnabled: false, goog:chromeOptions: {}, platformName: ANDROID}
Session ID: 28bf98c81e07e60b8a80221e58ed927a8b9e297e
	at org.openqa.selenium.support.ui.WebDriverWait.timeoutException(WebDriverWait.java:84)
	at org.openqa.selenium.support.ui.FluentWait.until(FluentWait.java:231)
	at eu.europa.eudi.pages.Wallet.loginPageIsDisplayed(Wallet.java:224)
	at eu.europa.eudi.stepdefs.AutomatedStepDefs.theUserIsOnTheLoginScreen(AutomatedStepDefs.java:878)
	at eu.europa.eudi.stepdefs.AutomatedStepDefs.theUserIsOnTheHomeScreen(AutomatedStepDefs.java:955)
	at eu.europa.eudi.stepdefs.AutomatedStepDefs.theUserIsOnTheDocumentsScreen(AutomatedStepDefs.java:1044)
	at ✽.the user is on the Documents screen(file:///C:/Users/ftheofil/Projects/eu-digital-identity-walleteudi-doc-testing-application-internal/src/test/resources/features/android/New_version_of_the_wallet_UI_10/Filter_and_Sort_Documents_Redesign_196/filterAndSortDocuments.feature:12)

Filtering and sorting documents in the EUDI Wallet #1.Visual indication of applied filters/sorting -- Time elapsed: 215.4 s <<< ERROR!
org.openqa.selenium.TimeoutException: 
Expected condition failed: waiting for visibility of element found by By.id: eu.europa.ec.euidi.dev:id/biometric_screen_title, but... org.openqa.selenium.NoSuchElementException: An element could not be located on the page using the given search parameters..
(tried for 110 seconds with 500 milliseconds interval)
Build info: version: '4.40.0', revision: 'b3333f1'
System info: os.name: 'Windows 11', os.arch: 'amd64', os.version: '10.0', java.version: '17.0.9'
Driver info: io.appium.java_client.android.AndroidDriver
Capabilities {appium:androidProcess: eu.europa.ec.euidi.dev, appium:appActivity: eu.europa.ec.assemblylogic...., appium:appPackage: eu.europa.ec.euidi.dev, appium:autoGrantPermissions: true, appium:autoRotate: true, appium:automationName: UiAutomator2, appium:browserstack.appiumLogs: false, appium:browserstack.debug: true, appium:browserstack.deviceLogs: true, appium:browserstack.interactiveDebugging: true, appium:browserstack.video: true, appium:bundleID: eu.europa.ec.euidi.dev, appium:bundleId: eu.europa.ec.euidi.dev, appium:chromedriverPorts: [[18122, 18132]], appium:databaseEnabled: false, appium:desired: {androidProcess: eu.europa.ec.euidi.dev, appActivity: eu.europa.ec.assemblylogic...., appPackage: eu.europa.ec.euidi.dev, autoGrantPermissions: true, autoRotate: true, automationName: UiAutomator2, browserstack.appiumLogs: false, browserstack.debug: true, browserstack.deviceLogs: true, browserstack.interactiveDebugging: true, browserstack.video: true, bundleID: eu.europa.ec.euidi.dev, bundleId: eu.europa.ec.euidi.dev, chromedriverPorts: [[18122, 18132]], deviceName: Samsung Galaxy S22 Ultra, disableIdLocatorAutocompletion: true, disableSuppressAccessibilityService: false, disableWindowAnimation: true, feature_name: filterAndSortDocuments, goog:chromeOptions: {}, name: filterAndSortDocuments - An..., nativeWebScreenshot: true, newCommandTimeout: 0, orientation: PORTRAIT, platformName: Android, platformVersion: 12.0, sessionName: filterAndSortDocuments - An..., settings: {allowInvisibleElements: true}, skipServerInstallation: true, systemPort: 8202, udid: R5CT10TEJ9K}, appium:deviceApiLevel: 31, appium:deviceManufacturer: samsung, appium:deviceModel: SM-S908B, appium:deviceName: R5CT10TEJ9K, appium:deviceScreenDensity: 450, appium:deviceScreenSize: 1080x2316, appium:deviceUDID: R5CT10TEJ9K, appium:disableIdLocatorAutocompletion: true, appium:disableSuppressAccessibilityService: false, appium:disableWindowAnimation: true, appium:feature_name: filterAndSortDocuments, appium:javascriptEnabled: true, appium:locationContextEnabled: false, appium:name: filterAndSortDocuments - An..., appium:nativeWebScreenshot: true, appium:networkConnectionEnabled: true, appium:newCommandTimeout: 0, appium:orientation: PORTRAIT, appium:pixelRatio: 2.8125, appium:platformVersion: 12, appium:sessionName: filterAndSortDocuments - An..., appium:settings: {allowInvisibleElements: true}, appium:skipServerInstallation: true, appium:statBarHeight: 75, appium:systemPort: 8202, appium:takesScreenshot: true, appium:udid: R5CT10TEJ9K, appium:viewportRect: {height: 2031, left: 0, top: 75, width: 1080}, appium:warnings: {}, appium:webStorageEnabled: false, goog:chromeOptions: {}, platformName: ANDROID}
Session ID: dd1c6d26d19829d19b1655e7fdcc0a64acc53440
	at org.openqa.selenium.support.ui.WebDriverWait.timeoutException(WebDriverWait.java:84)
	at org.openqa.selenium.support.ui.FluentWait.until(FluentWait.java:231)
	at eu.europa.eudi.pages.Wallet.loginPageIsDisplayed(Wallet.java:224)
	at eu.europa.eudi.stepdefs.AutomatedStepDefs.theUserIsOnTheLoginScreen(AutomatedStepDefs.java:878)
	at eu.europa.eudi.stepdefs.AutomatedStepDefs.theUserIsOnTheHomeScreen(AutomatedStepDefs.java:955)
	at eu.europa.eudi.stepdefs.AutomatedStepDefs.theUserIsOnTheDocumentsScreen(AutomatedStepDefs.java:1044)
	at ✽.the user is on the Documents screen(file:///C:/Users/ftheofil/Projects/eu-digital-identity-walleteudi-doc-testing-application-internal/src/test/resources/features/android/New_version_of_the_wallet_UI_10/Filter_and_Sort_Documents_Redesign_196/filterAndSortDocuments.feature:12)

Present Attestations from EUDI Wallet #1.Proceed with data sharing flow -- Time elapsed: 139.0 s <<< ERROR!
org.openqa.selenium.TimeoutException: 
Expected condition failed: waiting for element found by By.xpath: //android.widget.TextView[@text="Share"] to be clickable, but the element was not found: org.openqa.selenium.NoSuchElementException: An element could not be located on the page using the given search parameters..
(tried for 110 seconds with 500 milliseconds interval)
Build info: version: '4.40.0', revision: 'b3333f1'
System info: os.name: 'Windows 11', os.arch: 'amd64', os.version: '10.0', java.version: '17.0.9'
Driver info: io.appium.java_client.android.AndroidDriver
Capabilities {appium:androidProcess: eu.europa.ec.euidi.dev, appium:appActivity: eu.europa.ec.assemblylogic...., appium:appPackage: eu.europa.ec.euidi.dev, appium:autoGrantPermissions: true, appium:autoRotate: true, appium:automationName: UiAutomator2, appium:browserstack.appiumLogs: false, appium:browserstack.debug: true, appium:browserstack.deviceLogs: true, appium:browserstack.interactiveDebugging: true, appium:browserstack.video: true, appium:bundleID: eu.europa.ec.euidi.dev, appium:bundleId: eu.europa.ec.euidi.dev, appium:chromedriverPorts: [[18100, 18110]], appium:databaseEnabled: false, appium:desired: {androidProcess: eu.europa.ec.euidi.dev, appActivity: eu.europa.ec.assemblylogic...., appPackage: eu.europa.ec.euidi.dev, autoGrantPermissions: true, autoRotate: true, automationName: UiAutomator2, browserstack.appiumLogs: false, browserstack.debug: true, browserstack.deviceLogs: true, browserstack.interactiveDebugging: true, browserstack.video: true, bundleID: eu.europa.ec.euidi.dev, bundleId: eu.europa.ec.euidi.dev, chromedriverPorts: [[18100, 18110]], deviceName: Samsung Galaxy S22 Ultra, disableIdLocatorAutocompletion: true, disableSuppressAccessibilityService: false, disableWindowAnimation: true, feature_name: presentDocumentInPerson, goog:chromeOptions: {}, name: presentDocumentInPerson - A..., nativeWebScreenshot: true, newCommandTimeout: 0, orientation: PORTRAIT, platformName: Android, platformVersion: 12.0, sessionName: presentDocumentInPerson - A..., settings: {allowInvisibleElements: true}, skipServerInstallation: true, systemPort: 8200, udid: R5CT10TDYVJ}, appium:deviceApiLevel: 31, appium:deviceManufacturer: samsung, appium:deviceModel: SM-S908B, appium:deviceName: R5CT10TDYVJ, appium:deviceScreenDensity: 450, appium:deviceScreenSize: 1080x2316, appium:deviceUDID: R5CT10TDYVJ, appium:disableIdLocatorAutocompletion: true, appium:disableSuppressAccessibilityService: false, appium:disableWindowAnimation: true, appium:feature_name: presentDocumentInPerson, appium:javascriptEnabled: true, appium:locationContextEnabled: false, appium:name: presentDocumentInPerson - A..., appium:nativeWebScreenshot: true, appium:networkConnectionEnabled: true, appium:newCommandTimeout: 0, appium:orientation: PORTRAIT, appium:pixelRatio: 2.8125, appium:platformVersion: 12, appium:sessionName: presentDocumentInPerson - A..., appium:settings: {allowInvisibleElements: true}, appium:skipServerInstallation: true, appium:statBarHeight: 75, appium:systemPort: 8200, appium:takesScreenshot: true, appium:udid: R5CT10TDYVJ, appium:viewportRect: {height: 2031, left: 0, top: 75, width: 1080}, appium:warnings: {}, appium:webStorageEnabled: false, goog:chromeOptions: {}, platformName: ANDROID}
Session ID: 9f39a332551fd96e525ce93dfd93b0098aa033de
	at org.openqa.selenium.support.ui.WebDriverWait.timeoutException(WebDriverWait.java:84)
	at org.openqa.selenium.support.ui.FluentWait.until(FluentWait.java:231)
	at eu.europa.eudi.pages.Wallet.clickShareButton(Wallet.java:204)
	at eu.europa.eudi.stepdefs.AutomatedStepDefs.theUserSelectsTheShareButton(AutomatedStepDefs.java:1383)
	at ✽.the user selects the Share button(file:///C:/Users/ftheofil/Projects/eu-digital-identity-walleteudi-doc-testing-application-internal/src/test/resources/features/android/New_version_of_the_wallet_UI_10/Present_document_in_person_Redesign_202/presentDocumentInPerson.feature:40)

Present Attestations from EUDI Wallet #2.User selects the option ‘Online’ in the “Present document” section -- Time elapsed: 134.1 s <<< ERROR!
org.openqa.selenium.TimeoutException: 
Expected condition failed: waiting for visibility of element found by By.xpath: //android.widget.TextView[@text="Welcome back, Nikos"], but... org.openqa.selenium.NoSuchElementException: An element could not be located on the page using the given search parameters..
(tried for 110 seconds with 500 milliseconds interval)
Build info: version: '4.40.0', revision: 'b3333f1'
System info: os.name: 'Windows 11', os.arch: 'amd64', os.version: '10.0', java.version: '17.0.9'
Driver info: io.appium.java_client.android.AndroidDriver
Capabilities {appium:androidProcess: eu.europa.ec.euidi.dev, appium:appActivity: eu.europa.ec.assemblylogic...., appium:appPackage: eu.europa.ec.euidi.dev, appium:autoGrantPermissions: true, appium:autoRotate: true, appium:automationName: UiAutomator2, appium:browserstack.appiumLogs: false, appium:browserstack.debug: true, appium:browserstack.deviceLogs: true, appium:browserstack.interactiveDebugging: true, appium:browserstack.video: true, appium:bundleID: eu.europa.ec.euidi.dev, appium:bundleId: eu.europa.ec.euidi.dev, appium:chromedriverPorts: [[18122, 18132]], appium:databaseEnabled: false, appium:desired: {androidProcess: eu.europa.ec.euidi.dev, appActivity: eu.europa.ec.assemblylogic...., appPackage: eu.europa.ec.euidi.dev, autoGrantPermissions: true, autoRotate: true, automationName: UiAutomator2, browserstack.appiumLogs: false, browserstack.debug: true, browserstack.deviceLogs: true, browserstack.interactiveDebugging: true, browserstack.video: true, bundleID: eu.europa.ec.euidi.dev, bundleId: eu.europa.ec.euidi.dev, chromedriverPorts: [[18122, 18132]], deviceName: Samsung Galaxy S22 Ultra, disableIdLocatorAutocompletion: true, disableSuppressAccessibilityService: false, disableWindowAnimation: true, feature_name: presentDocumentOnline, goog:chromeOptions: {}, name: presentDocumentOnline - And..., nativeWebScreenshot: true, newCommandTimeout: 0, orientation: PORTRAIT, platformName: Android, platformVersion: 12.0, sessionName: presentDocumentOnline - And..., settings: {allowInvisibleElements: true}, skipServerInstallation: true, systemPort: 8202, udid: R3CT30PK9QP}, appium:deviceApiLevel: 31, appium:deviceManufacturer: samsung, appium:deviceModel: SM-S908B, appium:deviceName: R3CT30PK9QP, appium:deviceScreenDensity: 450, appium:deviceScreenSize: 1080x2316, appium:deviceUDID: R3CT30PK9QP, appium:disableIdLocatorAutocompletion: true, appium:disableSuppressAccessibilityService: false, appium:disableWindowAnimation: true, appium:feature_name: presentDocumentOnline, appium:javascriptEnabled: true, appium:locationContextEnabled: false, appium:name: presentDocumentOnline - And..., appium:nativeWebScreenshot: true, appium:networkConnectionEnabled: true, appium:newCommandTimeout: 0, appium:orientation: PORTRAIT, appium:pixelRatio: 2.8125, appium:platformVersion: 12, appium:sessionName: presentDocumentOnline - And..., appium:settings: {allowInvisibleElements: true}, appium:skipServerInstallation: true, appium:statBarHeight: 75, appium:systemPort: 8202, appium:takesScreenshot: true, appium:udid: R3CT30PK9QP, appium:viewportRect: {height: 2031, left: 0, top: 75, width: 1080}, appium:warnings: {}, appium:webStorageEnabled: false, goog:chromeOptions: {}, platformName: ANDROID}
Session ID: 039424d62bf5dd33e9c41c3a43fdd6db015225b4
	at org.openqa.selenium.support.ui.WebDriverWait.timeoutException(WebDriverWait.java:84)
	at org.openqa.selenium.support.ui.FluentWait.until(FluentWait.java:231)
	at eu.europa.eudi.pages.Wallet.dashboardPageIsDisplayed(Wallet.java:272)
	at eu.europa.eudi.stepdefs.AutomatedStepDefs.theUserIsOnTheHomePage(AutomatedStepDefs.java:1323)
	at ✽.the user is on the Home page(file:///C:/Users/ftheofil/Projects/eu-digital-identity-walleteudi-doc-testing-application-internal/src/test/resources/features/android/New_version_of_the_wallet_UI_10/Present_document_online_Redesign_201/presentDocumentOnline.feature:11)

Present Attestations from EUDI Wallet #2.User proceeds with the data sharing flow -- Time elapsed: 146.2 s <<< ERROR!
org.openqa.selenium.TimeoutException: 
Expected condition failed: waiting for element found by By.xpath: //android.widget.TextView[@text="Share"] to be clickable, but the element was not found: org.openqa.selenium.NoSuchElementException: An element could not be located on the page using the given search parameters..
(tried for 110 seconds with 500 milliseconds interval)
Build info: version: '4.40.0', revision: 'b3333f1'
System info: os.name: 'Windows 11', os.arch: 'amd64', os.version: '10.0', java.version: '17.0.9'
Driver info: io.appium.java_client.android.AndroidDriver
Capabilities {appium:androidProcess: eu.europa.ec.euidi.dev, appium:appActivity: eu.europa.ec.assemblylogic...., appium:appPackage: eu.europa.ec.euidi.dev, appium:autoGrantPermissions: true, appium:autoRotate: true, appium:automationName: UiAutomator2, appium:browserstack.appiumLogs: false, appium:browserstack.debug: true, appium:browserstack.deviceLogs: true, appium:browserstack.interactiveDebugging: true, appium:browserstack.video: true, appium:bundleID: eu.europa.ec.euidi.dev, appium:bundleId: eu.europa.ec.euidi.dev, appium:chromedriverPorts: [[18100, 18110]], appium:databaseEnabled: false, appium:desired: {androidProcess: eu.europa.ec.euidi.dev, appActivity: eu.europa.ec.assemblylogic...., appPackage: eu.europa.ec.euidi.dev, autoGrantPermissions: true, autoRotate: true, automationName: UiAutomator2, browserstack.appiumLogs: false, browserstack.debug: true, browserstack.deviceLogs: true, browserstack.interactiveDebugging: true, browserstack.video: true, bundleID: eu.europa.ec.euidi.dev, bundleId: eu.europa.ec.euidi.dev, chromedriverPorts: [[18100, 18110]], deviceName: Samsung Galaxy S22 Ultra, disableIdLocatorAutocompletion: true, disableSuppressAccessibilityService: false, disableWindowAnimation: true, feature_name: presentDocumentOnline, goog:chromeOptions: {}, name: presentDocumentOnline - And..., nativeWebScreenshot: true, newCommandTimeout: 0, orientation: PORTRAIT, platformName: Android, platformVersion: 12.0, sessionName: presentDocumentOnline - And..., settings: {allowInvisibleElements: true}, skipServerInstallation: true, systemPort: 8200, udid: R3CT30NLSHD}, appium:deviceApiLevel: 31, appium:deviceManufacturer: samsung, appium:deviceModel: SM-S908B, appium:deviceName: R3CT30NLSHD, appium:deviceScreenDensity: 450, appium:deviceScreenSize: 1080x2316, appium:deviceUDID: R3CT30NLSHD, appium:disableIdLocatorAutocompletion: true, appium:disableSuppressAccessibilityService: false, appium:disableWindowAnimation: true, appium:feature_name: presentDocumentOnline, appium:javascriptEnabled: true, appium:locationContextEnabled: false, appium:name: presentDocumentOnline - And..., appium:nativeWebScreenshot: true, appium:networkConnectionEnabled: true, appium:newCommandTimeout: 0, appium:orientation: PORTRAIT, appium:pixelRatio: 2.8125, appium:platformVersion: 12, appium:sessionName: presentDocumentOnline - And..., appium:settings: {allowInvisibleElements: true}, appium:skipServerInstallation: true, appium:statBarHeight: 75, appium:systemPort: 8200, appium:takesScreenshot: true, appium:udid: R3CT30NLSHD, appium:viewportRect: {height: 2031, left: 0, top: 75, width: 1080}, appium:warnings: {}, appium:webStorageEnabled: false, goog:chromeOptions: {}, platformName: ANDROID}
Session ID: 52acc8c18baca4b649ef50db9fe535712ed98e81
	at org.openqa.selenium.support.ui.WebDriverWait.timeoutException(WebDriverWait.java:84)
	at org.openqa.selenium.support.ui.FluentWait.until(FluentWait.java:231)
	at eu.europa.eudi.pages.Wallet.clickShareButton(Wallet.java:204)
	at eu.europa.eudi.stepdefs.AutomatedStepDefs.theUserSelectsTheShareButton(AutomatedStepDefs.java:1383)
	at ✽.the user selects the Share button(file:///C:/Users/ftheofil/Projects/eu-digital-identity-walleteudi-doc-testing-application-internal/src/test/resources/features/android/New_version_of_the_wallet_UI_10/Present_document_online_Redesign_201/presentDocumentOnline.feature:44)

Present Attestations from EUDI Wallet #2.User enters the PIN to proceed with data sharing -- Time elapsed: 153.0 s <<< ERROR!
org.openqa.selenium.TimeoutException: 
Expected condition failed: waiting for presence of element found by By.id: document_success_screen_content_header_description
(tried for 110 seconds with 500 milliseconds interval)
Build info: version: '4.40.0', revision: 'b3333f1'
System info: os.name: 'Windows 11', os.arch: 'amd64', os.version: '10.0', java.version: '17.0.9'
Driver info: io.appium.java_client.android.AndroidDriver
Capabilities {appium:androidProcess: eu.europa.ec.euidi.dev, appium:appActivity: eu.europa.ec.assemblylogic...., appium:appPackage: eu.europa.ec.euidi.dev, appium:autoGrantPermissions: true, appium:autoRotate: true, appium:automationName: UiAutomator2, appium:browserstack.appiumLogs: false, appium:browserstack.debug: true, appium:browserstack.deviceLogs: true, appium:browserstack.interactiveDebugging: true, appium:browserstack.video: true, appium:bundleID: eu.europa.ec.euidi.dev, appium:bundleId: eu.europa.ec.euidi.dev, appium:chromedriverPorts: [[18122, 18132]], appium:databaseEnabled: false, appium:desired: {androidProcess: eu.europa.ec.euidi.dev, appActivity: eu.europa.ec.assemblylogic...., appPackage: eu.europa.ec.euidi.dev, autoGrantPermissions: true, autoRotate: true, automationName: UiAutomator2, browserstack.appiumLogs: false, browserstack.debug: true, browserstack.deviceLogs: true, browserstack.interactiveDebugging: true, browserstack.video: true, bundleID: eu.europa.ec.euidi.dev, bundleId: eu.europa.ec.euidi.dev, chromedriverPorts: [[18122, 18132]], deviceName: Samsung Galaxy S22 Ultra, disableIdLocatorAutocompletion: true, disableSuppressAccessibilityService: false, disableWindowAnimation: true, feature_name: presentDocumentOnline, goog:chromeOptions: {}, name: presentDocumentOnline - And..., nativeWebScreenshot: true, newCommandTimeout: 0, orientation: PORTRAIT, platformName: Android, platformVersion: 12.0, sessionName: presentDocumentOnline - And..., settings: {allowInvisibleElements: true}, skipServerInstallation: true, systemPort: 8202, udid: R3CT406QEDF}, appium:deviceApiLevel: 31, appium:deviceManufacturer: samsung, appium:deviceModel: SM-S908B, appium:deviceName: R3CT406QEDF, appium:deviceScreenDensity: 450, appium:deviceScreenSize: 1080x2316, appium:deviceUDID: R3CT406QEDF, appium:disableIdLocatorAutocompletion: true, appium:disableSuppressAccessibilityService: false, appium:disableWindowAnimation: true, appium:feature_name: presentDocumentOnline, appium:javascriptEnabled: true, appium:locationContextEnabled: false, appium:name: presentDocumentOnline - And..., appium:nativeWebScreenshot: true, appium:networkConnectionEnabled: true, appium:newCommandTimeout: 0, appium:orientation: PORTRAIT, appium:pixelRatio: 2.8125, appium:platformVersion: 12, appium:sessionName: presentDocumentOnline - And..., appium:settings: {allowInvisibleElements: true}, appium:skipServerInstallation: true, appium:statBarHeight: 75, appium:systemPort: 8202, appium:takesScreenshot: true, appium:udid: R3CT406QEDF, appium:viewportRect: {height: 2031, left: 0, top: 75, width: 1080}, appium:warnings: {}, appium:webStorageEnabled: false, goog:chromeOptions: {}, platformName: ANDROID}
Session ID: 0bb8a825a892ce1ad62ccd6d5b2ad1f573a5e2cf
	at org.openqa.selenium.support.ui.WebDriverWait.timeoutException(WebDriverWait.java:84)
	at org.openqa.selenium.support.ui.FluentWait.until(FluentWait.java:231)
	at eu.europa.eudi.pages.Issuer.successfullySharedMessage(Issuer.java:1628)
	at eu.europa.eudi.stepdefs.AutomatedStepDefs.theWalletDisplaysASuccessScreen(AutomatedStepDefs.java:1081)
	at ✽.the wallet displays a success screen(file:///C:/Users/ftheofil/Projects/eu-digital-identity-walleteudi-doc-testing-application-internal/src/test/resources/features/android/New_version_of_the_wallet_UI_10/Present_document_online_Redesign_201/presentDocumentOnline.feature:52)

Present Attestations from EUDI Wallet #2.Wallet displays a success screen after data sharing -- Time elapsed: 139.3 s <<< ERROR!
org.openqa.selenium.TimeoutException: 
Expected condition failed: waiting for presence of element found by By.id: document_success_screen_content_header_description
(tried for 110 seconds with 500 milliseconds interval)
Build info: version: '4.40.0', revision: 'b3333f1'
System info: os.name: 'Windows 11', os.arch: 'amd64', os.version: '10.0', java.version: '17.0.9'
Driver info: io.appium.java_client.android.AndroidDriver
Capabilities {appium:androidProcess: eu.europa.ec.euidi.dev, appium:appActivity: eu.europa.ec.assemblylogic...., appium:appPackage: eu.europa.ec.euidi.dev, appium:autoGrantPermissions: true, appium:autoRotate: true, appium:automationName: UiAutomator2, appium:browserstack.appiumLogs: false, appium:browserstack.debug: true, appium:browserstack.deviceLogs: true, appium:browserstack.interactiveDebugging: true, appium:browserstack.video: true, appium:bundleID: eu.europa.ec.euidi.dev, appium:bundleId: eu.europa.ec.euidi.dev, appium:chromedriverPorts: [[18122, 18132]], appium:databaseEnabled: false, appium:desired: {androidProcess: eu.europa.ec.euidi.dev, appActivity: eu.europa.ec.assemblylogic...., appPackage: eu.europa.ec.euidi.dev, autoGrantPermissions: true, autoRotate: true, automationName: UiAutomator2, browserstack.appiumLogs: false, browserstack.debug: true, browserstack.deviceLogs: true, browserstack.interactiveDebugging: true, browserstack.video: true, bundleID: eu.europa.ec.euidi.dev, bundleId: eu.europa.ec.euidi.dev, chromedriverPorts: [[18122, 18132]], deviceName: Samsung Galaxy S22 Ultra, disableIdLocatorAutocompletion: true, disableSuppressAccessibilityService: false, disableWindowAnimation: true, feature_name: presentDocumentOnline, goog:chromeOptions: {}, name: presentDocumentOnline - And..., nativeWebScreenshot: true, newCommandTimeout: 0, orientation: PORTRAIT, platformName: Android, platformVersion: 12.0, sessionName: presentDocumentOnline - And..., settings: {allowInvisibleElements: true}, skipServerInstallation: true, systemPort: 8202, udid: R5CT11AVN0D}, appium:deviceApiLevel: 31, appium:deviceManufacturer: samsung, appium:deviceModel: SM-S908B, appium:deviceName: R5CT11AVN0D, appium:deviceScreenDensity: 450, appium:deviceScreenSize: 1080x2316, appium:deviceUDID: R5CT11AVN0D, appium:disableIdLocatorAutocompletion: true, appium:disableSuppressAccessibilityService: false, appium:disableWindowAnimation: true, appium:feature_name: presentDocumentOnline, appium:javascriptEnabled: true, appium:locationContextEnabled: false, appium:name: presentDocumentOnline - And..., appium:nativeWebScreenshot: true, appium:networkConnectionEnabled: true, appium:newCommandTimeout: 0, appium:orientation: PORTRAIT, appium:pixelRatio: 2.8125, appium:platformVersion: 12, appium:sessionName: presentDocumentOnline - And..., appium:settings: {allowInvisibleElements: true}, appium:skipServerInstallation: true, appium:statBarHeight: 75, appium:systemPort: 8202, appium:takesScreenshot: true, appium:udid: R5CT11AVN0D, appium:viewportRect: {height: 2031, left: 0, top: 75, width: 1080}, appium:warnings: {}, appium:webStorageEnabled: false, goog:chromeOptions: {}, platformName: ANDROID}
Session ID: 9fa13cbef7bf12e9d003a1d941f6c96a82a88fda
	at org.openqa.selenium.support.ui.WebDriverWait.timeoutException(WebDriverWait.java:84)
	at org.openqa.selenium.support.ui.FluentWait.until(FluentWait.java:231)
	at eu.europa.eudi.pages.Issuer.successfullySharedMessage(Issuer.java:1628)
	at eu.europa.eudi.stepdefs.AutomatedStepDefs.theWalletDisplaysASuccessScreen(AutomatedStepDefs.java:1081)
[...]
	at eu.europa.eudi.stepdefs.AutomatedStepDefs.theUserIsOnTheHomeScreen(AutomatedStepDefs.java:955)
	at eu.europa.eudi.stepdefs.AutomatedStepDefs.theUserIsOnTheDocumentsScreen(AutomatedStepDefs.java:1044)
	at ✽.the user is on the Documents screen(file:///C:/Users/ftheofil/Projects/eu-digital-identity-walleteudi-doc-testing-application-internal/src/test/resources/features/ios/New_version_of_the_wallet_UI_10/Filter_and_Sort_Documents_Redesign_196/filterAndSortDocuments.feature:12)

Filtering and sorting documents in the EUDI Wallet #2.No matching documents found after applying filters -- Time elapsed: 0.584 s <<< ERROR!
java.lang.NullPointerException: Cannot invoke "io.appium.java_client.ios.IOSDriver.terminateApp(String)" because "driver" is null
	at eu.europa.eudi.stepdefs.AutomatedStepDefs.theUserIsOnTheLoginScreen(AutomatedStepDefs.java:882)
	at eu.europa.eudi.stepdefs.AutomatedStepDefs.theUserIsOnTheHomeScreen(AutomatedStepDefs.java:955)
	at eu.europa.eudi.stepdefs.AutomatedStepDefs.theUserIsOnTheDocumentsScreen(AutomatedStepDefs.java:1044)
	at ✽.the user is on the Documents screen(file:///C:/Users/ftheofil/Projects/eu-digital-identity-walleteudi-doc-testing-application-internal/src/test/resources/features/ios/New_version_of_the_wallet_UI_10/Filter_and_Sort_Documents_Redesign_196/filterAndSortDocuments.feature:12)

Filtering and sorting documents in the EUDI Wallet #2.Visual indication of applied filters/sorting -- Time elapsed: 0.625 s <<< ERROR!
java.lang.NullPointerException: Cannot invoke "io.appium.java_client.ios.IOSDriver.terminateApp(String)" because "driver" is null
	at eu.europa.eudi.stepdefs.AutomatedStepDefs.theUserIsOnTheLoginScreen(AutomatedStepDefs.java:882)
	at eu.europa.eudi.stepdefs.AutomatedStepDefs.theUserIsOnTheHomeScreen(AutomatedStepDefs.java:955)
	at eu.europa.eudi.stepdefs.AutomatedStepDefs.theUserIsOnTheDocumentsScreen(AutomatedStepDefs.java:1044)
	at ✽.the user is on the Documents screen(file:///C:/Users/ftheofil/Projects/eu-digital-identity-walleteudi-doc-testing-application-internal/src/test/resources/features/ios/New_version_of_the_wallet_UI_10/Filter_and_Sort_Documents_Redesign_196/filterAndSortDocuments.feature:12)

Present Attestations from EUDI Wallet #3.Proceed with data sharing flow -- Time elapsed: 0.113 s <<< ERROR!
java.lang.NullPointerException: Cannot invoke "org.openqa.selenium.support.ui.WebDriverWait.until(java.util.function.Function)" because the return value of "eu.europa.eudi.utils.factory.MobileWebDriverFactory.getWait()" is null
	at eu.europa.eudi.pages.Wallet.clickShareButton(Wallet.java:207)
	at eu.europa.eudi.stepdefs.AutomatedStepDefs.theUserSelectsTheShareButton(AutomatedStepDefs.java:1383)
	at ✽.the user selects the Share button(file:///C:/Users/ftheofil/Projects/eu-digital-identity-walleteudi-doc-testing-application-internal/src/test/resources/features/ios/New_version_of_the_wallet_UI_10/Present_document_in_person_Redesign_202/presentDocumentInPerson.feature:40)

Present Attestations from EUDI Wallet #4.User selects the option ‘Online’ in the “Present document” section -- Time elapsed: 0.192 s <<< ERROR!
java.lang.NullPointerException: Cannot invoke "org.openqa.selenium.support.ui.WebDriverWait.until(java.util.function.Function)" because the return value of "eu.europa.eudi.utils.factory.MobileWebDriverFactory.getWait()" is null
	at eu.europa.eudi.pages.Wallet.dashboardPageIsDisplayed(Wallet.java:275)
	at eu.europa.eudi.stepdefs.AutomatedStepDefs.theUserIsOnTheHomePage(AutomatedStepDefs.java:1323)
	at ✽.the user is on the Home page(file:///C:/Users/ftheofil/Projects/eu-digital-identity-walleteudi-doc-testing-application-internal/src/test/resources/features/ios/New_version_of_the_wallet_UI_10/Present_document_online_Redesign_201/presentDocumentOnline.feature:11)

Present Attestations from EUDI Wallet #4.User proceeds with the data sharing flow -- Time elapsed: 0.086 s <<< ERROR!
java.lang.NullPointerException: Cannot invoke "org.openqa.selenium.support.ui.WebDriverWait.until(java.util.function.Function)" because the return value of "eu.europa.eudi.utils.factory.MobileWebDriverFactory.getWait()" is null
	at eu.europa.eudi.pages.Wallet.clickShareButton(Wallet.java:207)
	at eu.europa.eudi.stepdefs.AutomatedStepDefs.theUserSelectsTheShareButton(AutomatedStepDefs.java:1383)
	at ✽.the user selects the Share button(file:///C:/Users/ftheofil/Projects/eu-digital-identity-walleteudi-doc-testing-application-internal/src/test/resources/features/ios/New_version_of_the_wallet_UI_10/Present_document_online_Redesign_201/presentDocumentOnline.feature:44)

Present Attestations from EUDI Wallet #4.User enters the PIN to proceed with data sharing -- Time elapsed: 0.096 s <<< ERROR!
java.lang.NullPointerException: Cannot invoke "org.openqa.selenium.support.ui.WebDriverWait.until(java.util.function.Function)" because the return value of "eu.europa.eudi.utils.factory.MobileWebDriverFactory.getWait()" is null
	at eu.europa.eudi.pages.Issuer.successfullySharedMessage(Issuer.java:1631)
	at eu.europa.eudi.stepdefs.AutomatedStepDefs.theWalletDisplaysASuccessScreen(AutomatedStepDefs.java:1081)
	at ✽.the wallet displays a success screen(file:///C:/Users/ftheofil/Projects/eu-digital-identity-walleteudi-doc-testing-application-internal/src/test/resources/features/ios/New_version_of_the_wallet_UI_10/Present_document_online_Redesign_201/presentDocumentOnline.feature:52)

Present Attestations from EUDI Wallet #4.Wallet displays a success screen after data sharing -- Time elapsed: 0.068 s <<< ERROR!
java.lang.NullPointerException: Cannot invoke "org.openqa.selenium.support.ui.WebDriverWait.until(java.util.function.Function)" because the return value of "eu.europa.eudi.utils.factory.MobileWebDriverFactory.getWait()" is null
	at eu.europa.eudi.pages.Issuer.successfullySharedMessage(Issuer.java:1631)
	at eu.europa.eudi.stepdefs.AutomatedStepDefs.theWalletDisplaysASuccessScreen(AutomatedStepDefs.java:1081)
	at ✽.the wallet displays a success screen(file:///C:/Users/ftheofil/Projects/eu-digital-identity-walleteudi-doc-testing-application-internal/src/test/resources/features/ios/New_version_of_the_wallet_UI_10/Present_document_online_Redesign_201/presentDocumentOnline.feature:58)

Searching for documents in the EUDI Wallet #2.Initial state of the "Documents" screen -- Time elapsed: 0.596 s <<< ERROR!
java.lang.NullPointerException: Cannot invoke "io.appium.java_client.ios.IOSDriver.terminateApp(String)" because "driver" is null
	at eu.europa.eudi.stepdefs.AutomatedStepDefs.theUserIsOnTheLoginScreen(AutomatedStepDefs.java:882)
	at eu.europa.eudi.stepdefs.AutomatedStepDefs.theUserIsOnTheHomeScreen(AutomatedStepDefs.java:955)
	at eu.europa.eudi.stepdefs.AutomatedStepDefs.theUserIsOnTheDocumentsScreen(AutomatedStepDefs.java:1044)
	at ✽.the user is on the Documents screen(file:///C:/Users/ftheofil/Projects/eu-digital-identity-walleteudi-doc-testing-application-internal/src/test/resources/features/ios/New_version_of_the_wallet_UI_10/Search_Documents_Redesign_197/searchDocuments.feature:12)

Searching for documents in the EUDI Wallet #2.Tapping on the search field for the first time -- Time elapsed: 0.548 s <<< ERROR!
java.lang.NullPointerException: Cannot invoke "io.appium.java_client.ios.IOSDriver.terminateApp(String)" because "driver" is null
	at eu.europa.eudi.stepdefs.AutomatedStepDefs.theUserIsOnTheLoginScreen(AutomatedStepDefs.java:882)
	at eu.europa.eudi.stepdefs.AutomatedStepDefs.theUserIsOnTheHomeScreen(AutomatedStepDefs.java:955)
	at eu.europa.eudi.stepdefs.AutomatedStepDefs.theUserIsOnTheDocumentsScreen(AutomatedStepDefs.java:1044)
	at ✽.the user is on the Documents screen(file:///C:/Users/ftheofil/Projects/eu-digital-identity-walleteudi-doc-testing-application-internal/src/test/resources/features/ios/New_version_of_the_wallet_UI_10/Search_Documents_Redesign_197/searchDocuments.feature:12)

Searching for documents in the EUDI Wallet #2.Tapping on the search field with previous search text -- Time elapsed: 0.566 s <<< ERROR!
java.lang.NullPointerException: Cannot invoke "io.appium.java_client.ios.IOSDriver.terminateApp(String)" because "driver" is null
	at eu.europa.eudi.stepdefs.AutomatedStepDefs.theUserIsOnTheLoginScreen(AutomatedStepDefs.java:882)
	at eu.europa.eudi.stepdefs.AutomatedStepDefs.theUserIsOnTheHomeScreen(AutomatedStepDefs.java:955)
	at eu.europa.eudi.stepdefs.AutomatedStepDefs.theUserIsOnTheDocumentsScreen(AutomatedStepDefs.java:1044)
	at ✽.the user is on the Documents screen(file:///C:/Users/ftheofil/Projects/eu-digital-identity-walleteudi-doc-testing-application-internal/src/test/resources/features/ios/New_version_of_the_wallet_UI_10/Search_Documents_Redesign_197/searchDocuments.feature:12)

Searching for documents in the EUDI Wallet #2.Typing in the search field -- Time elapsed: 0.544 s <<< ERROR!
java.lang.NullPointerException: Cannot invoke "io.appium.java_client.ios.IOSDriver.terminateApp(String)" because "driver" is null
	at eu.europa.eudi.stepdefs.AutomatedStepDefs.theUserIsOnTheLoginScreen(AutomatedStepDefs.java:882)
	at eu.europa.eudi.stepdefs.AutomatedStepDefs.theUserIsOnTheHomeScreen(AutomatedStepDefs.java:955)
	at eu.europa.eudi.stepdefs.AutomatedStepDefs.theUserIsOnTheDocumentsScreen(AutomatedStepDefs.java:1044)
	at ✽.the user is on the Documents screen(file:///C:/Users/ftheofil/Projects/eu-digital-identity-walleteudi-doc-testing-application-internal/src/test/resources/features/ios/New_version_of_the_wallet_UI_10/Search_Documents_Redesign_197/searchDocuments.feature:12)

Searching for documents in the EUDI Wallet #2.Clearing the search field -- Time elapsed: 0.549 s <<< ERROR!
java.lang.NullPointerException: Cannot invoke "io.appium.java_client.ios.IOSDriver.terminateApp(String)" because "driver" is null
	at eu.europa.eudi.stepdefs.AutomatedStepDefs.theUserIsOnTheLoginScreen(AutomatedStepDefs.java:882)
	at eu.europa.eudi.stepdefs.AutomatedStepDefs.theUserIsOnTheHomeScreen(AutomatedStepDefs.java:955)
	at eu.europa.eudi.stepdefs.AutomatedStepDefs.theUserIsOnTheDocumentsScreen(AutomatedStepDefs.java:1044)
	at ✽.the user is on the Documents screen(file:///C:/Users/ftheofil/Projects/eu-digital-identity-walleteudi-doc-testing-application-internal/src/test/resources/features/ios/New_version_of_the_wallet_UI_10/Search_Documents_Redesign_197/searchDocuments.feature:12)

Searching for documents in the EUDI Wallet #2.Performing a search with empty text -- Time elapsed: 0.529 s <<< ERROR!
java.lang.NullPointerException: Cannot invoke "io.appium.java_client.ios.IOSDriver.terminateApp(String)" because "driver" is null
	at eu.europa.eudi.stepdefs.AutomatedStepDefs.theUserIsOnTheLoginScreen(AutomatedStepDefs.java:882)
	at eu.europa.eudi.stepdefs.AutomatedStepDefs.theUserIsOnTheHomeScreen(AutomatedStepDefs.java:955)
	at eu.europa.eudi.stepdefs.AutomatedStepDefs.theUserIsOnTheDocumentsScreen(AutomatedStepDefs.java:1044)
	at ✽.the user is on the Documents screen(file:///C:/Users/ftheofil/Projects/eu-digital-identity-walleteudi-doc-testing-application-internal/src/test/resources/features/ios/New_version_of_the_wallet_UI_10/Search_Documents_Redesign_197/searchDocuments.feature:12)

Searching for documents in the EUDI Wallet #2.Performing a search with valid search text -- Time elapsed: 0.541 s <<< ERROR!
java.lang.NullPointerException: Cannot invoke "io.appium.java_client.ios.IOSDriver.terminateApp(String)" because "driver" is null
	at eu.europa.eudi.stepdefs.AutomatedStepDefs.theUserIsOnTheLoginScreen(AutomatedStepDefs.java:882)
	at eu.europa.eudi.stepdefs.AutomatedStepDefs.theUserIsOnTheHomeScreen(AutomatedStepDefs.java:955)
	at eu.europa.eudi.stepdefs.AutomatedStepDefs.theUserIsOnTheDocumentsScreen(AutomatedStepDefs.java:1044)
	at ✽.the user is on the Documents screen(file:///C:/Users/ftheofil/Projects/eu-digital-identity-walleteudi-doc-testing-application-internal/src/test/resources/features/ios/New_version_of_the_wallet_UI_10/Search_Documents_Redesign_197/searchDocuments.feature:12)

Searching for documents in the EUDI Wallet #2.No matching documents found -- Time elapsed: 0.557 s <<< ERROR!
java.lang.NullPointerException: Cannot invoke "io.appium.java_client.ios.IOSDriver.terminateApp(String)" because "driver" is null
	at eu.europa.eudi.stepdefs.AutomatedStepDefs.theUserIsOnTheLoginScreen(AutomatedStepDefs.java:882)
	at eu.europa.eudi.stepdefs.AutomatedStepDefs.theUserIsOnTheHomeScreen(AutomatedStepDefs.java:955)
	at eu.europa.eudi.stepdefs.AutomatedStepDefs.theUserIsOnTheDocumentsScreen(AutomatedStepDefs.java:1044)
	at ✽.the user is on the Documents screen(file:///C:/Users/ftheofil/Projects/eu-digital-identity-walleteudi-doc-testing-application-internal/src/test/resources/features/ios/New_version_of_the_wallet_UI_10/Search_Documents_Redesign_197/searchDocuments.feature:12)

Viewing and managing attestations in the EUDI Wallet #2.Navigating to the 'Documents' screen -- Time elapsed: 0.049 s <<< ERROR!
java.lang.NullPointerException: Cannot invoke "org.openqa.selenium.support.ui.WebDriverWait.until(java.util.function.Function)" because the return value of "eu.europa.eudi.utils.factory.MobileWebDriverFactory.getWait()" is null
	at eu.europa.eudi.pages.Wallet.clickOnDocuments(Wallet.java:536)
	at eu.europa.eudi.stepdefs.AutomatedStepDefs.theUserNavigatesToTheDocumentsScreen(AutomatedStepDefs.java:1034)
	at ✽.the user navigates to the Documents screen(file:///C:/Users/ftheofil/Projects/eu-digital-identity-walleteudi-doc-testing-application-internal/src/test/resources/features/ios/New_version_of_the_wallet_UI_10/View_Document_Redesign_198/viewDocument.feature:17)

Viewing and managing attestations in the EUDI Wallet #2.Viewing details of an attestation -- Time elapsed: 0.581 s <<< ERROR!
java.lang.NullPointerException: Cannot invoke "io.appium.java_client.ios.IOSDriver.terminateApp(String)" because "driver" is null
	at eu.europa.eudi.stepdefs.AutomatedStepDefs.theUserIsOnTheLoginScreen(AutomatedStepDefs.java:882)
	at eu.europa.eudi.stepdefs.AutomatedStepDefs.theUserIsOnTheHomeScreen(AutomatedStepDefs.java:955)
	at eu.europa.eudi.stepdefs.AutomatedStepDefs.theUserIsOnTheDocumentsScreen(AutomatedStepDefs.java:1044)
	at ✽.the user is on the Documents screen(file:///C:/Users/ftheofil/Projects/eu-digital-identity-walleteudi-doc-testing-application-internal/src/test/resources/features/ios/New_version_of_the_wallet_UI_10/View_Document_Redesign_198/viewDocument.feature:22)

Sign Document through EUDI Wallet #2.User Aborts the Signing Operation -- Time elapsed: 0.060 s <<< ERROR!
java.lang.NullPointerException: Cannot invoke "io.appium.java_client.ios.IOSDriver.manage()" because "driver" is null
	at eu.europa.eudi.pages.Verifier.insertPIN2(Verifier.java:209)
	at eu.europa.eudi.stepdefs.AutomatedStepDefs.theUserDecidesNotToProceed(AutomatedStepDefs.java:1333)
	at ✽.the user decides not to proceed(file:///C:/Users/ftheofil/Projects/eu-digital-identity-walleteudi-doc-testing-application-internal/src/test/resources/features/ios/RQES_R3_Wallet-driven_model_with_external_Signature_Creation_Application_15/Sign_Document_(rQES-R3)_212/signDocument.feature:19)

Sign Document through EUDI Wallet #2.EUDI Wallet Stores the Signed Document -- Time elapsed: 0.093 s <<< ERROR!
java.lang.NullPointerException: Cannot invoke "org.openqa.selenium.support.ui.WebDriverWait.until(java.util.function.Function)" because the return value of "eu.europa.eudi.utils.factory.MobileWebDriverFactory.getWait()" is null
	at eu.europa.eudi.pages.Wallet.clickDone(Wallet.java:735)
	at eu.europa.eudi.stepdefs.AutomatedStepDefs.theEUDIWalletEnablesTheUserToShareTheDocumentOrCloseTheProcess(AutomatedStepDefs.java:1353)
	at ✽.the EUDI Wallet enables the user to share the document or close the process(file:///C:/Users/ftheofil/Projects/eu-digital-identity-walleteudi-doc-testing-application-internal/src/test/resources/features/ios/RQES_R3_Wallet-driven_model_with_external_Signature_Creation_Application_15/Sign_Document_(rQES-R3)_212/signDocument.feature:35)

EUDI Wallet User Signs Document through QTSP with Explicit Consent #2.User does not want to proceed -- Time elapsed: 0.094 s <<< ERROR!
java.lang.NullPointerException: Cannot invoke "io.appium.java_client.ios.IOSDriver.manage()" because "driver" is null
	at eu.europa.eudi.pages.Verifier.insertPIN2(Verifier.java:209)
	at eu.europa.eudi.stepdefs.AutomatedStepDefs.theUserDecidesNotToProceed(AutomatedStepDefs.java:1333)
	at ✽.the user decides not to proceed(file:///C:/Users/ftheofil/Projects/eu-digital-identity-walleteudi-doc-testing-application-internal/src/test/resources/features/ios/RQES_Relying_Party_QTSP_centric_flow_16/Sign_Document_R4_207/signDocument.feature:45)

Issuance and presentation - mDL #2.Successful credential issuance and presentation with selective disclosure - Python Issuer - mDL #1 -- Time elapsed: 0.089 s <<< ERROR!
java.lang.NullPointerException: Cannot invoke "io.appium.java_client.ios.IOSDriver.activateApp(String)" because "eu.europa.eudi.utils.TestSetup.mobileWebDriverFactory().iosDriver" is null
	at eu.europa.eudi.pages.Wallet.launchApp(Wallet.java:55)
	at eu.europa.eudi.stepdefs.AutomatedStepDefs.theUserInitiatesACredentialIssuanceUsingThe(AutomatedStepDefs.java:1866)
	at ✽.the user initiates a mDL (MSO Mdoc) issuance using the Python(file:///C:/Users/ftheofil/Projects/eu-digital-identity-walleteudi-doc-testing-application-internal/src/test/resources/features/ios/regressionTests/Automated_Regression_Tests/MDL_MSO_Mdoc/issuanceAndPresentationScenariosMdl.feature:5)

Issuance and presentation - mDL #2.Successful credential issuance and presentation with selective disclosure - Python Issuer - mDL #2 -- Time elapsed: 0.092 s <<< ERROR!
java.lang.NullPointerException: Cannot invoke "io.appium.java_client.ios.IOSDriver.activateApp(String)" because "eu.europa.eudi.utils.TestSetup.mobileWebDriverFactory().iosDriver" is null
	at eu.europa.eudi.pages.Wallet.launchApp(Wallet.java:55)
	at eu.europa.eudi.stepdefs.AutomatedStepDefs.theUserInitiatesACredentialIssuanceUsingThe(AutomatedStepDefs.java:1866)
	at ✽.the user initiates a mDL (MSO Mdoc) issuance using the Python(file:///C:/Users/ftheofil/Projects/eu-digital-identity-walleteudi-doc-testing-application-internal/src/test/resources/features/ios/regressionTests/Automated_Regression_Tests/MDL_MSO_Mdoc/issuanceAndPresentationScenariosMdl.feature:5)

Issuance and presentation - mDL #2.Successful credential issuance and presentation with selective disclosure - Kotlin Issuer - mDL #1 -- Time elapsed: 0.092 s <<< ERROR!
java.lang.NullPointerException: Cannot invoke "io.appium.java_client.ios.IOSDriver.activateApp(String)" because "eu.europa.eudi.utils.TestSetup.mobileWebDriverFactory().iosDriver" is null
	at eu.europa.eudi.pages.Wallet.launchApp(Wallet.java:55)
	at eu.europa.eudi.stepdefs.AutomatedStepDefs.theUserInitiatesACredentialIssuanceUsingThe(AutomatedStepDefs.java:1866)
	at ✽.the user initiates a mDL (MSO Mdoc) issuance using the Kotlin(file:///C:/Users/ftheofil/Projects/eu-digital-identity-walleteudi-doc-testing-application-internal/src/test/resources/features/ios/regressionTests/Automated_Regression_Tests/MDL_MSO_Mdoc/issuanceAndPresentationScenariosMdl.feature:20)

Issuance and presentation - mDL #2.Successful credential issuance and presentation with selective disclosure - Kotlin Issuer - mDL #2 -- Time elapsed: 0.078 s <<< ERROR!
java.lang.NullPointerException: Cannot invoke "io.appium.java_client.ios.IOSDriver.activateApp(String)" because "eu.europa.eudi.utils.TestSetup.mobileWebDriverFactory().iosDriver" is null
	at eu.europa.eudi.pages.Wallet.launchApp(Wallet.java:55)
	at eu.europa.eudi.stepdefs.AutomatedStepDefs.theUserInitiatesACredentialIssuanceUsingThe(AutomatedStepDefs.java:1866)
	at ✽.the user initiates a mDL (MSO Mdoc) issuance using the Kotlin(file:///C:/Users/ftheofil/Projects/eu-digital-identity-walleteudi-doc-testing-application-internal/src/test/resources/features/ios/regressionTests/Automated_Regression_Tests/MDL_MSO_Mdoc/issuanceAndPresentationScenariosMdl.feature:20)

