<?xml version="1.0" encoding="UTF-8"?>
<testsuite xmlns:xsi="http://www.w3.org/2001/XMLSchema-instance" xsi:noNamespaceSchemaLocation="https://maven.apache.org/surefire/maven-surefire-plugin/xsd/surefire-test-report.xsd" version="3.0.2" name="runners.TestRunner" time="424.246" tests="2" errors="0" skipped="0" failures="0">
  <properties>
[...]
</properties>
  <testcase name="Successful credential issuance and presentation with selective disclosure - Python Issuer - mDL" classname="Issuance and presentation - mDL #1" time="255.134">
    <system-out><![CDATA[09:36:30.544 [main] INFO   - 

-------------------------------------------------------------------------------------
     _______. _______ .______       _______ .__   __.  __  .___________.____    ____ 
    /       ||   ____||   _  \     |   ____||  \ |  | |  | |           |\   \  /   / 
   |   (----`|  |__   |  |_)  |    |  |__   |   \|  | |  | `---|  |----` \   \/   /  
    \   \    |   __|  |      /     |   __|  |  . `  | |  |     |  |       \_    _/   
.----)   |   |  |____ |  |\  \----.|  |____ |  |\   | |  |     |  |         |  |     
|_______/    |_______|| _| `._____||_______||__| \__| |__|     |__|         |__|    
                                                                                     
 News and tutorials at https://serenity-bdd.info                                     
 Documentation at https://serenity-bdd.github.io                                     
 Test Automation Training and Coaching: https://www.serenity-dojo.com                
 Commercial Support: https://www.serenity-dojo.com/serenity-bdd-enterprise-support   
 Join the Serenity Community on Gitter: https://gitter.im/serenity-bdd/serenity-core 
-------------------------------------------------------------------------------------

09:36:30.557 [main] INFO   - Test Suite Started: Check and update on presentation request the requested attestations revocation status
09:36:30.681 [main] INFO   - Test Suite Started: Check and update periodically all attestations revocation status
09:36:30.685 [main] INFO   - Test Suite Started: Batch Issuance of Attestations in EUDI Wallet
09:36:30.691 [main] INFO   - Test Suite Started: Batch Issuance of Attestations in EUDI Wallet
09:36:30.700 [main] INFO   - Test Suite Started: Presentation of Batch Issued Attestations to Relying Party on Separate Device
09:36:30.705 [main] INFO   - Test Suite Started: Presentation of Batch Issued Attestations in EUDI Wallet
09:36:30.711 [main] INFO   - Test Suite Started: Presentation of Batch Issued Attestations in Proximity Scenario
09:36:30.716 [main] INFO   - Test Suite Started: Issuance of Employee ID Credential in EUDI Wallet
09:36:30.721 [main] INFO   - Test Suite Started: Present Employee ID credential to Employer device via proximity flow
09:36:30.726 [main] INFO   - Test Suite Started: Sign Contract with EUDI Wallet
09:36:30.731 [main] INFO   - Test Suite Started: Apply for Cruise Ship Position Using EUDI Wallet
09:36:30.735 [main] INFO   - Test Suite Started: Request and Store Attestations in EUDI Wallet
09:36:30.742 [main] INFO   - Test Suite Started: Booking Service Reservation with EUDI Wallet (cross device)
09:36:30.747 [main] INFO   - Test Suite Started: Issue photo ID attestation
09:36:30.752 [main] INFO   - Test Suite Started: Issue photo ID attestation (cross device)
09:36:30.758 [main] INFO   - Test Suite Started: Issue photo ID attestation (same device)
09:36:30.762 [main] INFO   - Test Suite Started: Issuing reservation confirmation to EUDI Wallet
09:36:30.766 [main] INFO   - Test Suite Started: EUDI Wallet Booking Reservation Presentation
09:36:30.770 [main] INFO   - Test Suite Started: Sign car rental contract using EUDI Wallet
09:36:30.774 [main] INFO   - Test Suite Started: Cross-Device Presentation of Digital Attestations via EUDI Wallet
09:36:30.779 [main] INFO   - Test Suite Started: Present Digital Attestations via Browser using EUDI Wallet on Same Device
09:36:30.784 [main] INFO   - Test Suite Started: View and Authorize Transaction with EUDI Wallet
09:36:30.787 [main] INFO   - Test Suite Started: Support EHIC Attestation in EUDI Wallet
09:36:30.792 [main] INFO   - Test Suite Started: Deferred Issuing
09:36:30.794 [main] INFO   - Test Suite Started: Credential Issuance Cancellation
09:36:30.798 [main] INFO   - Test Suite Started: Dynamic issuance process
09:36:30.802 [main] INFO   - Test Suite Started: Pre-authorization code cross device
09:36:30.806 [main] INFO   - Test Suite Started: Pre-authorization code same device
09:36:30.811 [main] INFO   - Test Suite Started: Credential issuance process for cross device
09:36:30.814 [main] INFO   - Test Suite Started: Credential issuance process for the same device
09:36:30.819 [main] INFO   - Test Suite Started: PID-07 Issuing mdoc and sd-jwt PID together at once
09:36:30.826 [main] INFO   - Test Suite Started: Issuing and storing attestations in the EUDI Wallet via QR code
09:36:30.831 [main] INFO   - Test Suite Started: Issuing and storing attestations in the EUDI Wallet
09:36:30.837 [main] INFO   - Test Suite Started: EUDI Wallet Documents Screen
09:36:30.845 [main] INFO   - Test Suite Started: Filtering and sorting documents in the EUDI Wallet
09:36:30.850 [main] INFO   - Test Suite Started: EUDI Wallet Home Screen
09:36:30.861 [main] INFO   - Test Suite Started: EUDI Wallet Menu Screen
09:36:30.872 [main] INFO   - Test Suite Started: Present Attestations from EUDI Wallet
09:36:30.880 [main] INFO   - Test Suite Started: Present Attestations from EUDI Wallet
09:36:30.888 [main] INFO   - Test Suite Started: Searching for documents in the EUDI Wallet
09:36:30.896 [main] INFO   - Test Suite Started: Viewing and managing attestations in the EUDI Wallet
09:36:30.900 [main] INFO   - Test Suite Started: Support PDA1 Attestation in EUDI Wallet
09:36:30.907 [main] INFO   - Test Suite Started: Retrieve and View Document in EUDI Wallet
09:36:30.913 [main] INFO   - Test Suite Started: Return Signed Document to Relying Party
09:36:30.920 [main] INFO   - Test Suite Started: Authenticate to QTSPs using EUDI Wallet
09:36:30.928 [main] INFO   - Test Suite Started: Select Document to be Signed
09:36:30.935 [main] INFO   - Test Suite Started: Sign Document through EUDI Wallet
09:36:30.941 [main] INFO   - Test Suite Started: EUDI Wallet User Views Document in Relying Party Service
09:36:30.948 [main] INFO   - Test Suite Started: EUDI Wallet User Logs into a Relying Party
09:36:30.955 [main] INFO   - Test Suite Started: EUDI Wallet User Engagement with Trusted Issuers
09:36:30.963 [main] INFO   - Test Suite Started: EUDI Wallet User Authenticates to QTSP for Document Signing
09:36:30.971 [main] INFO   - Test Suite Started: EUDI Wallet User Signs Document through QTSP with Explicit Consent
09:36:30.978 [main] INFO   - Test Suite Started: User Authentication and Re-Issuance of PIDs/Attestations
09:36:30.984 [main] INFO   - Test Suite Started: Relying Party Trusted Certificate Creation
09:36:30.993 [main] INFO   - Test Suite Started: Filter and Sort Transactions in EUDI Wallet
09:36:31.003 [main] INFO   - Test Suite Started: List Transactions in EUDI Wallet
09:36:31.010 [main] INFO   - Test Suite Started: Transaction Search in EUDI Wallet
09:36:31.017 [main] INFO   - Test Suite Started: View Transaction in EUDI Wallet
09:36:31.025 [main] INFO   - Test Suite Started: Support the latest version of PID in EUDI Wallet
09:36:31.033 [main] INFO   - Test Suite Started: EUDIW Web Verifier
09:36:31.040 [main] INFO   - Test Suite Started: EUDIW Web Verifier
09:36:31.046 [main] INFO   - Test Suite Started: Issuance and presentation - mDL
09:36:31.057 [main] INFO   - Test Suite Started: Automated Regression Tests PID
09:36:31.066 [main] INFO   - Test Suite Started: Manual Regression Tests
09:36:31.102 [main] INFO   - Test Suite Started: Defects
09:36:31.111 [main] INFO   - Test Suite Started: Check and update on presentation request the requested attestations revocation status
09:36:31.119 [main] INFO   - Test Suite Started: Check and update periodically all attestations revocation status
09:36:31.127 [main] INFO   - Test Suite Started: Batch Issuance of Attestations in EUDI Wallet
09:36:31.136 [main] INFO   - Test Suite Started: Batch Issuance of Attestations in EUDI Wallet
09:36:31.145 [main] INFO   - Test Suite Started: Presentation of Batch Issued Attestations to Relying Party on Separate Device
09:36:31.153 [main] INFO   - Test Suite Started: Presentation of Batch Issued Attestations in EUDI Wallet
09:36:31.163 [main] INFO   - Test Suite Started: Presentation of Batch Issued Attestations in Proximity Scenario
09:36:31.168 [main] INFO   - Test Suite Started: Issuance of Employee ID Credential in EUDI Wallet
09:36:31.177 [main] INFO   - Test Suite Started: Present Employee ID credential to Employer device via proximity flow
09:36:31.185 [main] INFO   - Test Suite Started: Sign Contract with EUDI Wallet
09:36:31.193 [main] INFO   - Test Suite Started: Apply for Cruise Ship Position Using EUDI Wallet
09:36:31.198 [main] INFO   - Test Suite Started: Request and Store Attestations in EUDI Wallet
09:36:31.205 [main] INFO   - Test Suite Started: Booking Service Reservation with EUDI Wallet (cross device)
09:36:31.208 [main] INFO   - Test Suite Started: Issue photo ID attestation
09:36:31.213 [main] INFO   - Test Suite Started: Issue photo ID attestation (cross device)
09:36:31.217 [main] INFO   - Test Suite Started: Issue photo ID attestation (same device)
09:36:31.220 [main] INFO   - Test Suite Started: Issuing reservation confirmation to EUDI Wallet
09:36:31.224 [main] INFO   - Test Suite Started: EUDI Wallet Booking Reservation Presentation
09:36:31.228 [main] INFO   - Test Suite Started: Sign car rental contract using EUDI Wallet
09:36:31.235 [main] INFO   - Test Suite Started: Cross-Device Presentation of Digital Attestations via EUDI Wallet
09:36:31.239 [main] INFO   - Test Suite Started: Present Digital Attestations via Browser using EUDI Wallet on Same Device
09:36:31.245 [main] INFO   - Test Suite Started: View and Authorize Transaction with EUDI Wallet
09:36:31.251 [main] INFO   - Test Suite Started: Support EHIC Attestation in EUDI Wallet
09:36:31.256 [main] INFO   - Test Suite Started: Deferred Issuing
09:36:31.260 [main] INFO   - Test Suite Started: Credential Issuance Cancellation
09:36:31.265 [main] INFO   - Test Suite Started: Dynamic issuance process
09:36:31.269 [main] INFO   - Test Suite Started: Pre-authorization code cross device
09:36:31.273 [main] INFO   - Test Suite Started: Pre-authorization code same device
09:36:31.276 [main] INFO   - Test Suite Started: Credential issuance process for cross device
09:36:31.280 [main] INFO   - Test Suite Started: Credential issuance process for the same device
09:36:31.284 [main] INFO   - Test Suite Started: PID-07 Issuing mdoc and sd-jwt PID together at once
09:36:31.291 [main] INFO   - Test Suite Started: Issuing and storing attestations in the EUDI Wallet via QR code
09:36:31.295 [main] INFO   - Test Suite Started: Issuing and storing attestations in the EUDI Wallet
09:36:31.299 [main] INFO   - Test Suite Started: EUDI Wallet Documents Screen
09:36:31.306 [main] INFO   - Test Suite Started: Filtering and sorting documents in the EUDI Wallet
09:36:31.313 [main] INFO   - Test Suite Started: EUDI Wallet Home Screen
09:36:31.317 [main] INFO   - Test Suite Started: EUDI Wallet Menu Screen
09:36:31.323 [main] INFO   - Test Suite Started: Present Attestations from EUDI Wallet
09:36:31.333 [main] INFO   - Test Suite Started: Present Attestations from EUDI Wallet
09:36:31.339 [main] INFO   - Test Suite Started: Searching for documents in the EUDI Wallet
09:36:31.346 [main] INFO   - Test Suite Started: Viewing and managing attestations in the EUDI Wallet
09:36:31.352 [main] INFO   - Test Suite Started: Support PDA1 Attestation in EUDI Wallet
09:36:31.356 [main] INFO   - Test Suite Started: Authenticate to QTSPs using EUDI Wallet
09:36:31.364 [main] INFO   - Test Suite Started: Select Document to be Signed
09:36:31.369 [main] INFO   - Test Suite Started: Sign Document through EUDI Wallet
09:36:31.377 [main] INFO   - Test Suite Started: EUDI Wallet User Views Document in Relying Party Service
09:36:31.383 [main] INFO   - Test Suite Started: EUDI Wallet User Logs into a Relying Party
09:36:31.389 [main] INFO   - Test Suite Started: EUDI Wallet User Engagement with Trusted Issuers
09:36:31.395 [main] INFO   - Test Suite Started: EUDI Wallet User Authenticates to QTSP for Document Signing
09:36:31.400 [main] INFO   - Test Suite Started: EUDI Wallet User Signs Document through QTSP with Explicit Consent
09:36:31.406 [main] INFO   - Test Suite Started: User Authentication and Re-Issuance of PIDs/Attestations
09:36:31.410 [main] INFO   - Test Suite Started: Relying Party Trusted Certificate Creation
09:36:31.417 [main] INFO   - Test Suite Started: Filter and Sort Transactions in EUDI Wallet
09:36:31.422 [main] INFO   - Test Suite Started: List Transactions in EUDI Wallet
09:36:31.429 [main] INFO   - Test Suite Started: Transaction Search in EUDI Wallet
09:36:31.434 [main] INFO   - Test Suite Started: View Transaction in EUDI Wallet
09:36:31.439 [main] INFO   - Test Suite Started: Support the latest version of PID in EUDI Wallet
09:36:31.444 [main] INFO   - Test Suite Started: EUDIW Web Verifier
09:36:31.449 [main] INFO   - Test Suite Started: EUDIW Web Verifier
09:36:31.456 [main] INFO   - Test Suite Started: Issuance and presentation - mDL
09:36:31.462 [main] INFO   - Test Suite Started: Automated Regression Tests PID
09:36:31.468 [main] INFO   - Test Suite Started: Manual Regression Tests
09:36:31.474 [main] INFO   - Test Suite Started: Issuance and presentation - mDL
09:36:33.009 [main] INFO   - 
  _____   ___   ___   _____     ___   _____     _     ___   _____   ___   ___  
 |_   _| | __| / __| |_   _|   / __| |_   _|   /_\   | _ \ |_   _| | __| |   \ 
   | |   | _|  \__ \   | |     \__ \   | |    / _ \  |   /   | |   | _|  | |) |
   |_|   |___| |___/   |_|     |___/   |_|   /_/ \_\ |_|_\   |_|   |___| |___/ 

Successful credential issuance and presentation with selective disclosure - Python Issuer - mDL(issuance-and-presentation---mdl;successful-credential-issuance-and-presentation-with-selective-disclosure---python-issuer---mdl)
--------------------------------------------------------------------------------
Running environment: browserstack
Session ID: cf89e3c146f97bb63e6b937e105ab4904145c9fa
Clicked FormEU in NATIVE on attempt 1
Element is visible on attempt 1
09:40:46.575 [main] INFO   - 
  _____   ___   ___   _____     ___     _     ___   ___   ___   ___  
 |_   _| | __| / __| |_   _|   | _ \   /_\   / __| / __| | __| |   \ 
   | |   | _|  \__ \   | |     |  _/  / _ \  \__ \ \__ \ | _|  | |) |
   |_|   |___| |___/   |_|     |_|   /_/ \_\ |___/ |___/ |___| |___/ 

Successful credential issuance and presentation with selective disclosure - Python Issuer - mDL
----------------------------------------------------------------------
]]></system-out>
  </testcase>
  <testcase name="Successful credential issuance and presentation with selective disclosure - Kotlin Issuer - mDL" classname="Issuance and presentation - mDL #1" time="164.779">
    <system-out><![CDATA[09:40:46.774 [main] INFO   - 
  _____   ___   ___   _____     ___   _____     _     ___   _____   ___   ___  
 |_   _| | __| / __| |_   _|   / __| |_   _|   /_\   | _ \ |_   _| | __| |   \ 
   | |   | _|  \__ \   | |     \__ \   | |    / _ \  |   /   | |   | _|  | |) |
   |_|   |___| |___/   |_|     |___/   |_|   /_/ \_\ |_|_\   |_|   |___| |___/ 

Successful credential issuance and presentation with selective disclosure - Kotlin Issuer - mDL(issuance-and-presentation---mdl;successful-credential-issuance-and-presentation-with-selective-disclosure---kotlin-issuer---mdl)
--------------------------------------------------------------------------------
Running environment: browserstack
Session ID: 0a6c88acf64e5698d67310ea6a5bb031f6bed3e9
Header is visible: true
Username field is visible on attempt 1
09:43:31.386 [main] INFO   - 
  _____   ___   ___   _____     ___     _     ___   ___   ___   ___  
 |_   _| | __| / __| |_   _|   | _ \   /_\   / __| / __| | __| |   \ 
   | |   | _|  \__ \   | |     |  _/  / _ \  \__ \ \__ \ | _|  | |) |
   |_|   |___| |___/   |_|     |_|   /_/ \_\ |___/ |___/ |___| |___/ 

Successful credential issuance and presentation with selective disclosure - Kotlin Issuer - mDL
----------------------------------------------------------------------
]]></system-out>
  </testcase>
</testsuite>